<?xml version="1.0" encoding="UTF-8"?>
<robot generator="Robot 3.0.4 (Python 3.7.0 on linux)" generated="20190523 10:56:41.017">
<suite id="s1" name="Production Case" source="/home/pi/production/case/production_case.txt">
<test id="s1-t1" name="GET_Ready">
<kw name="Get Local Time" library="Utils">
<assign>
<var>${time1}</var>
</assign>
<msg timestamp="20190523 10:56:41.514" level="INFO">${time1} = 1558580201.5135388</msg>
<status status="PASS" starttime="20190523 10:56:41.512" endtime="20190523 10:56:41.514"></status>
</kw>
<kw name="Get Local Time1" library="Utils">
<assign>
<var>${time11}</var>
</assign>
<msg timestamp="20190523 10:56:41.517" level="INFO">${time11} = 2019-05-23 10:56:41</msg>
<status status="PASS" starttime="20190523 10:56:41.515" endtime="20190523 10:56:41.517"></status>
</kw>
<kw name="Set Suite Variable" library="BuiltIn">
<doc>Makes a variable available everywhere within the scope of the current suite.</doc>
<arguments>
<arg>${time1}</arg>
</arguments>
<msg timestamp="20190523 10:56:41.522" level="INFO">${time1} = 1558580201.5135388</msg>
<status status="PASS" starttime="20190523 10:56:41.518" endtime="20190523 10:56:41.522"></status>
</kw>
<kw name="Write Mid File" library="Utils">
<arguments>
<arg>开始时间:${time11}</arg>
</arguments>
<status status="PASS" starttime="20190523 10:56:41.523" endtime="20190523 10:56:41.526"></status>
</kw>
<kw name="Serial Send" library="SerialLibrary">
<doc>功能:</doc>
<arguments>
<arg>${wifi_change}</arg>
<arg>(CESHI)WIFI FACTORY DONE;</arg>
</arguments>
<msg timestamp="20190523 10:56:41.731" level="INFO">发送串口数据: (CESHI)WIFI FACTORY-W005
应该收到串口数据: (CESHI)WIFI FACTORY DONE;
实际接收到的数据:  (CESHI)WIFI FACTORY DONE;</msg>
<status status="PASS" starttime="20190523 10:56:41.527" endtime="20190523 10:56:41.732"></status>
</kw>
<kw name="Serial Send" library="SerialLibrary">
<doc>功能:</doc>
<arguments>
<arg>(CESHI)BLE AT+BTSCACN=3</arg>
<arg>(CESHI)BLE OK</arg>
</arguments>
<msg timestamp="20190523 10:56:42.233" level="INFO">发送串口数据: (CESHI)BLE AT+BTSCACN=3
应该收到串口数据: (CESHI)BLE OK
实际接收到的数据:  (CESHI)BLE OK</msg>
<status status="PASS" starttime="20190523 10:56:41.733" endtime="20190523 10:56:42.234"></status>
</kw>
<kw name="Run Keyword If Test Failed" library="BuiltIn" type="teardown">
<doc>Runs the given keyword with the given arguments, if the test failed.</doc>
<arguments>
<arg>Fatal Error</arg>
</arguments>
<status status="PASS" starttime="20190523 10:56:42.235" endtime="20190523 10:56:42.237"></status>
</kw>
<status status="PASS" starttime="20190523 10:56:41.508" endtime="20190523 10:56:42.237" critical="yes"></status>
</test>
<test id="s1-t2" name="TS01_终端自检">
<kw name="Pass Execution If" library="BuiltIn">
<doc>Conditionally skips rest of the current test, setup, or teardown with PASS status.</doc>
<arguments>
<arg>${prduction_TS01}==0</arg>
<arg>此项不测试</arg>
</arguments>
<status status="PASS" starttime="20190523 10:56:42.250" endtime="20190523 10:56:42.252"></status>
</kw>
<kw name="Serial Send" library="SerialLibrary">
<doc>功能:</doc>
<arguments>
<arg>(CESHI)DEV</arg>
<arg>(CESHI)DEV</arg>
</arguments>
<assign>
<var>${a}</var>
</assign>
<msg timestamp="20190523 10:56:42.535" level="INFO">发送串口数据: (CESHI)DEV
应该收到串口数据: (CESHI)DEV
实际接收到的数据:  (CESHI)DEV BOARD:HL685,HW:15,RAM:1,NAND:1(C2F18095),SPIFI:1(C216),BAT:1|LI,RTC:1,USB:1(V91),CPS:2(V0),RCY:1(V39),RDN:1(V54),SLP:1(V211),CC936:1(V10),CLK:1|16|96|48|0,WDG:1,ACCE:1(0098),BLE:1(V131),MFU:1(V27),DEBUG:0;</msg>
<msg timestamp="20190523 10:56:42.536" level="INFO">${a} = (CESHI)DEV BOARD:HL685,HW:15,RAM:1,NAND:1(C2F18095),SPIFI:1(C216),BAT:1|LI,RTC:1,USB:1(V91),CPS:2(V0),RCY:1(V39),RDN:1(V54),SLP:1(V211),CC936:1(V10),CLK:1|16|96|48|0,WDG:1,ACCE:1(0098),BLE:1(V131),MFU...</msg>
<status status="PASS" starttime="20190523 10:56:42.253" endtime="20190523 10:56:42.536"></status>
</kw>
<kw name="Run Keyword If" library="BuiltIn">
<doc>Runs the given keyword with the given arguments, if ``condition`` is true.</doc>
<arguments>
<arg>'${a}'=='${zijian}'</arg>
<arg>write_mid_file</arg>
<arg>TS01_终端自检</arg>
<arg>PASS</arg>
<arg>(CESHI)DEV</arg>
<arg>${a}</arg>
</arguments>
<kw name="Write Mid File" library="Utils">
<arguments>
<arg>TS01_终端自检</arg>
<arg>PASS</arg>
<arg>(CESHI)DEV</arg>
<arg>${a}</arg>
</arguments>
<status status="PASS" starttime="20190523 10:56:42.541" endtime="20190523 10:56:42.543"></status>
</kw>
<status status="PASS" starttime="20190523 10:56:42.538" endtime="20190523 10:56:42.544"></status>
</kw>
<kw name="Run Keyword If" library="BuiltIn">
<doc>Runs the given keyword with the given arguments, if ``condition`` is true.</doc>
<arguments>
<arg>'${a}'!='${zijian}'</arg>
<arg>fail</arg>
<arg>自检错误</arg>
</arguments>
<status status="PASS" starttime="20190523 10:56:42.545" endtime="20190523 10:56:42.548"></status>
</kw>
<kw name="Run Keyword If Test Failed" library="BuiltIn" type="teardown">
<doc>Runs the given keyword with the given arguments, if the test failed.</doc>
<arguments>
<arg>Fatal Error</arg>
</arguments>
<status status="PASS" starttime="20190523 10:56:42.550" endtime="20190523 10:56:42.551"></status>
</kw>
<status status="PASS" starttime="20190523 10:56:42.241" endtime="20190523 10:56:42.551" critical="yes"></status>
</test>
<test id="s1-t3" name="TS02_代码校验">
<kw name="Pass Execution If" library="BuiltIn">
<doc>Conditionally skips rest of the current test, setup, or teardown with PASS status.</doc>
<arguments>
<arg>${prduction_TS02}==0</arg>
<arg>此项不测试</arg>
</arguments>
<status status="PASS" starttime="20190523 10:56:42.564" endtime="20190523 10:56:42.566"></status>
</kw>
<kw name="Serial Send" library="SerialLibrary">
<doc>功能:</doc>
<arguments>
<arg>(CESHI)MODEM COM=1;CHKSIZE=${chksize}</arg>
<arg>(CESHI)MODEM CHKSIZE DONE.</arg>
</arguments>
<msg timestamp="20190523 10:56:42.837" level="INFO">发送串口数据: (CESHI)MODEM COM=1;CHKSIZE=488640
应该收到串口数据: (CESHI)MODEM CHKSIZE DONE.
实际接收到的数据:  (CESHI)MODEM CHKSIZE DONE.</msg>
<status status="PASS" starttime="20190523 10:56:42.567" endtime="20190523 10:56:42.838"></status>
</kw>
<kw name="${i} IN RANGE [ 30 ]" type="for">
<kw name="${i} = 0" type="foritem">
<kw name="Serial Send" library="SerialLibrary">
<doc>功能:</doc>
<arguments>
<arg>(CESHI)MODEM COM=1;SYSINFO=1;</arg>
<arg>(CESHI)</arg>
</arguments>
<assign>
<var>${a}</var>
</assign>
<msg timestamp="20190523 10:56:43.139" level="INFO">发送串口数据: (CESHI)MODEM COM=1;SYSINFO=1;
应该收到串口数据: (CESHI)
实际接收到的数据:  (CESHI)MODEM SYSINFO DONE,RUNTIME:627,GPSADC:0,UUID:419430401-2938707109-1519308379-4110425285,CHKSIZE:488640,CHKSUM:,SIM:,ICCID:89860918710006540682,BOARDVER:15,</msg>
<msg timestamp="20190523 10:56:43.140" level="INFO">${a} = (CESHI)MODEM SYSINFO DONE,RUNTIME:627,GPSADC:0,UUID:419430401-2938707109-1519308379-4110425285,CHKSIZE:488640,CHKSUM:,SIM:,ICCID:89860918710006540682,BOARDVER:15,</msg>
<status status="PASS" starttime="20190523 10:56:42.841" endtime="20190523 10:56:43.141"></status>
</kw>
<kw name="Get Flag 1" library="Utils">
<doc>:param str1: 串口返回的内容</doc>
<arguments>
<arg>${a}</arg>
<arg>CHKSUM</arg>
<arg>1</arg>
</arguments>
<assign>
<var>${b}</var>
</assign>
<msg timestamp="20190523 10:56:43.144" level="INFO">['(CESHI)MODEM', 'SYSINFO', 'DONE', 'RUNTIME', '627', 'GPSADC', '0', 'UUID', '419430401-2938707109-1519308379-4110425285', 'CHKSIZE', '488640', 'CHKSUM', '', 'SIM', '', 'ICCID', '89860918710006540682', 'BOARDVER', '15', '']</msg>
<msg timestamp="20190523 10:56:43.144" level="INFO">${b} = </msg>
<status status="PASS" starttime="20190523 10:56:43.141" endtime="20190523 10:56:43.145"></status>
</kw>
<kw name="Exit For Loop If" library="BuiltIn">
<doc>Stops executing the enclosing for loop if the ``condition`` is true.</doc>
<arguments>
<arg>'${chksum}'=='${b}'</arg>
</arguments>
<status status="PASS" starttime="20190523 10:56:43.145" endtime="20190523 10:56:43.147"></status>
</kw>
<kw name="Sleep" library="BuiltIn">
<doc>Pauses the test executed for the given time.</doc>
<arguments>
<arg>1</arg>
</arguments>
<msg timestamp="20190523 10:56:44.150" level="INFO">Slept 1 second</msg>
<status status="PASS" starttime="20190523 10:56:43.148" endtime="20190523 10:56:44.152"></status>
</kw>
<status status="PASS" starttime="20190523 10:56:42.840" endtime="20190523 10:56:44.152"></status>
</kw>
<kw name="${i} = 1" type="foritem">
<kw name="Serial Send" library="SerialLibrary">
<doc>功能:</doc>
<arguments>
<arg>(CESHI)MODEM COM=1;SYSINFO=1;</arg>
<arg>(CESHI)</arg>
</arguments>
<assign>
<var>${a}</var>
</assign>
<msg timestamp="20190523 10:56:44.360" level="INFO">发送串口数据: (CESHI)MODEM COM=1;SYSINFO=1;
应该收到串口数据: (CESHI)
实际接收到的数据:  (CESHI)MODEM SYSINFO DONE,RUNTIME:628,GPSADC:0,UUID:419430401-2938707109-1519308379-4110425285,CHKSIZE:488640,CHKSUM:,SIM:,ICCID:89860918710006540682,BOARDVER:15,</msg>
<msg timestamp="20190523 10:56:44.361" level="INFO">${a} = (CESHI)MODEM SYSINFO DONE,RUNTIME:628,GPSADC:0,UUID:419430401-2938707109-1519308379-4110425285,CHKSIZE:488640,CHKSUM:,SIM:,ICCID:89860918710006540682,BOARDVER:15,</msg>
<status status="PASS" starttime="20190523 10:56:44.155" endtime="20190523 10:56:44.361"></status>
</kw>
<kw name="Get Flag 1" library="Utils">
<doc>:param str1: 串口返回的内容</doc>
<arguments>
<arg>${a}</arg>
<arg>CHKSUM</arg>
<arg>1</arg>
</arguments>
<assign>
<var>${b}</var>
</assign>
<msg timestamp="20190523 10:56:44.364" level="INFO">['(CESHI)MODEM', 'SYSINFO', 'DONE', 'RUNTIME', '628', 'GPSADC', '0', 'UUID', '419430401-2938707109-1519308379-4110425285', 'CHKSIZE', '488640', 'CHKSUM', '', 'SIM', '', 'ICCID', '89860918710006540682', 'BOARDVER', '15', '']</msg>
<msg timestamp="20190523 10:56:44.364" level="INFO">${b} = </msg>
<status status="PASS" starttime="20190523 10:56:44.362" endtime="20190523 10:56:44.364"></status>
</kw>
<kw name="Exit For Loop If" library="BuiltIn">
<doc>Stops executing the enclosing for loop if the ``condition`` is true.</doc>
<arguments>
<arg>'${chksum}'=='${b}'</arg>
</arguments>
<status status="PASS" starttime="20190523 10:56:44.365" endtime="20190523 10:56:44.367"></status>
</kw>
<kw name="Sleep" library="BuiltIn">
<doc>Pauses the test executed for the given time.</doc>
<arguments>
<arg>1</arg>
</arguments>
<msg timestamp="20190523 10:56:45.369" level="INFO">Slept 1 second</msg>
<status status="PASS" starttime="20190523 10:56:44.368" endtime="20190523 10:56:45.371"></status>
</kw>
<status status="PASS" starttime="20190523 10:56:44.153" endtime="20190523 10:56:45.371"></status>
</kw>
<kw name="${i} = 2" type="foritem">
<kw name="Serial Send" library="SerialLibrary">
<doc>功能:</doc>
<arguments>
<arg>(CESHI)MODEM COM=1;SYSINFO=1;</arg>
<arg>(CESHI)</arg>
</arguments>
<assign>
<var>${a}</var>
</assign>
<msg timestamp="20190523 10:56:45.580" level="INFO">发送串口数据: (CESHI)MODEM COM=1;SYSINFO=1;
应该收到串口数据: (CESHI)
实际接收到的数据:  (CESHI)MODEM SYSINFO DONE,RUNTIME:629,GPSADC:0,UUID:419430401-2938707109-1519308379-4110425285,CHKSIZE:488640,CHKSUM:,SIM:,ICCID:89860918710006540682,BOARDVER:15,</msg>
<msg timestamp="20190523 10:56:45.580" level="INFO">${a} = (CESHI)MODEM SYSINFO DONE,RUNTIME:629,GPSADC:0,UUID:419430401-2938707109-1519308379-4110425285,CHKSIZE:488640,CHKSUM:,SIM:,ICCID:89860918710006540682,BOARDVER:15,</msg>
<status status="PASS" starttime="20190523 10:56:45.374" endtime="20190523 10:56:45.581"></status>
</kw>
<kw name="Get Flag 1" library="Utils">
<doc>:param str1: 串口返回的内容</doc>
<arguments>
<arg>${a}</arg>
<arg>CHKSUM</arg>
<arg>1</arg>
</arguments>
<assign>
<var>${b}</var>
</assign>
<msg timestamp="20190523 10:56:45.583" level="INFO">['(CESHI)MODEM', 'SYSINFO', 'DONE', 'RUNTIME', '629', 'GPSADC', '0', 'UUID', '419430401-2938707109-1519308379-4110425285', 'CHKSIZE', '488640', 'CHKSUM', '', 'SIM', '', 'ICCID', '89860918710006540682', 'BOARDVER', '15', '']</msg>
<msg timestamp="20190523 10:56:45.584" level="INFO">${b} = </msg>
<status status="PASS" starttime="20190523 10:56:45.582" endtime="20190523 10:56:45.584"></status>
</kw>
<kw name="Exit For Loop If" library="BuiltIn">
<doc>Stops executing the enclosing for loop if the ``condition`` is true.</doc>
<arguments>
<arg>'${chksum}'=='${b}'</arg>
</arguments>
<status status="PASS" starttime="20190523 10:56:45.585" endtime="20190523 10:56:45.587"></status>
</kw>
<kw name="Sleep" library="BuiltIn">
<doc>Pauses the test executed for the given time.</doc>
<arguments>
<arg>1</arg>
</arguments>
<msg timestamp="20190523 10:56:46.590" level="INFO">Slept 1 second</msg>
<status status="PASS" starttime="20190523 10:56:45.588" endtime="20190523 10:56:46.591"></status>
</kw>
<status status="PASS" starttime="20190523 10:56:45.372" endtime="20190523 10:56:46.592"></status>
</kw>
<kw name="${i} = 3" type="foritem">
<kw name="Serial Send" library="SerialLibrary">
<doc>功能:</doc>
<arguments>
<arg>(CESHI)MODEM COM=1;SYSINFO=1;</arg>
<arg>(CESHI)</arg>
</arguments>
<assign>
<var>${a}</var>
</assign>
<msg timestamp="20190523 10:56:46.800" level="INFO">发送串口数据: (CESHI)MODEM COM=1;SYSINFO=1;
应该收到串口数据: (CESHI)
实际接收到的数据:  (CESHI)MODEM SYSINFO DONE,RUNTIME:630,GPSADC:0,UUID:419430401-2938707109-1519308379-4110425285,CHKSIZE:488640,CHKSUM:,SIM:,ICCID:89860918710006540682,BOARDVER:15,</msg>
<msg timestamp="20190523 10:56:46.801" level="INFO">${a} = (CESHI)MODEM SYSINFO DONE,RUNTIME:630,GPSADC:0,UUID:419430401-2938707109-1519308379-4110425285,CHKSIZE:488640,CHKSUM:,SIM:,ICCID:89860918710006540682,BOARDVER:15,</msg>
<status status="PASS" starttime="20190523 10:56:46.594" endtime="20190523 10:56:46.801"></status>
</kw>
<kw name="Get Flag 1" library="Utils">
<doc>:param str1: 串口返回的内容</doc>
<arguments>
<arg>${a}</arg>
<arg>CHKSUM</arg>
<arg>1</arg>
</arguments>
<assign>
<var>${b}</var>
</assign>
<msg timestamp="20190523 10:56:46.805" level="INFO">['(CESHI)MODEM', 'SYSINFO', 'DONE', 'RUNTIME', '630', 'GPSADC', '0', 'UUID', '419430401-2938707109-1519308379-4110425285', 'CHKSIZE', '488640', 'CHKSUM', '', 'SIM', '', 'ICCID', '89860918710006540682', 'BOARDVER', '15', '']</msg>
<msg timestamp="20190523 10:56:46.806" level="INFO">${b} = </msg>
<status status="PASS" starttime="20190523 10:56:46.802" endtime="20190523 10:56:46.806"></status>
</kw>
<kw name="Exit For Loop If" library="BuiltIn">
<doc>Stops executing the enclosing for loop if the ``condition`` is true.</doc>
<arguments>
<arg>'${chksum}'=='${b}'</arg>
</arguments>
<status status="PASS" starttime="20190523 10:56:46.807" endtime="20190523 10:56:46.810"></status>
</kw>
<kw name="Sleep" library="BuiltIn">
<doc>Pauses the test executed for the given time.</doc>
<arguments>
<arg>1</arg>
</arguments>
<msg timestamp="20190523 10:56:47.812" level="INFO">Slept 1 second</msg>
<status status="PASS" starttime="20190523 10:56:46.810" endtime="20190523 10:56:47.813"></status>
</kw>
<status status="PASS" starttime="20190523 10:56:46.593" endtime="20190523 10:56:47.814"></status>
</kw>
<kw name="${i} = 4" type="foritem">
<kw name="Serial Send" library="SerialLibrary">
<doc>功能:</doc>
<arguments>
<arg>(CESHI)MODEM COM=1;SYSINFO=1;</arg>
<arg>(CESHI)</arg>
</arguments>
<assign>
<var>${a}</var>
</assign>
<msg timestamp="20190523 10:56:48.024" level="INFO">发送串口数据: (CESHI)MODEM COM=1;SYSINFO=1;
应该收到串口数据: (CESHI)
实际接收到的数据:  (CESHI)MODEM SYSINFO DONE,RUNTIME:632,GPSADC:0,UUID:419430401-2938707109-1519308379-4110425285,CHKSIZE:488640,CHKSUM:,SIM:,ICCID:89860918710006540682,BOARDVER:15,</msg>
<msg timestamp="20190523 10:56:48.025" level="INFO">${a} = (CESHI)MODEM SYSINFO DONE,RUNTIME:632,GPSADC:0,UUID:419430401-2938707109-1519308379-4110425285,CHKSIZE:488640,CHKSUM:,SIM:,ICCID:89860918710006540682,BOARDVER:15,</msg>
<status status="PASS" starttime="20190523 10:56:47.816" endtime="20190523 10:56:48.025"></status>
</kw>
<kw name="Get Flag 1" library="Utils">
<doc>:param str1: 串口返回的内容</doc>
<arguments>
<arg>${a}</arg>
<arg>CHKSUM</arg>
<arg>1</arg>
</arguments>
<assign>
<var>${b}</var>
</assign>
<msg timestamp="20190523 10:56:48.028" level="INFO">['(CESHI)MODEM', 'SYSINFO', 'DONE', 'RUNTIME', '632', 'GPSADC', '0', 'UUID', '419430401-2938707109-1519308379-4110425285', 'CHKSIZE', '488640', 'CHKSUM', '', 'SIM', '', 'ICCID', '89860918710006540682', 'BOARDVER', '15', '']</msg>
<msg timestamp="20190523 10:56:48.030" level="INFO">${b} = </msg>
<status status="PASS" starttime="20190523 10:56:48.026" endtime="20190523 10:56:48.030"></status>
</kw>
<kw name="Exit For Loop If" library="BuiltIn">
<doc>Stops executing the enclosing for loop if the ``condition`` is true.</doc>
<arguments>
<arg>'${chksum}'=='${b}'</arg>
</arguments>
<status status="PASS" starttime="20190523 10:56:48.031" endtime="20190523 10:56:48.034"></status>
</kw>
<kw name="Sleep" library="BuiltIn">
<doc>Pauses the test executed for the given time.</doc>
<arguments>
<arg>1</arg>
</arguments>
<msg timestamp="20190523 10:56:49.036" level="INFO">Slept 1 second</msg>
<status status="PASS" starttime="20190523 10:56:48.034" endtime="20190523 10:56:49.037"></status>
</kw>
<status status="PASS" starttime="20190523 10:56:47.815" endtime="20190523 10:56:49.038"></status>
</kw>
<kw name="${i} = 5" type="foritem">
<kw name="Serial Send" library="SerialLibrary">
<doc>功能:</doc>
<arguments>
<arg>(CESHI)MODEM COM=1;SYSINFO=1;</arg>
<arg>(CESHI)</arg>
</arguments>
<assign>
<var>${a}</var>
</assign>
<msg timestamp="20190523 10:56:49.247" level="INFO">发送串口数据: (CESHI)MODEM COM=1;SYSINFO=1;
应该收到串口数据: (CESHI)
实际接收到的数据:  (CESHI)MODEM SYSINFO DONE,RUNTIME:633,GPSADC:0,UUID:419430401-2938707109-1519308379-4110425285,CHKSIZE:488640,CHKSUM:,SIM:,ICCID:89860918710006540682,BOARDVER:15,</msg>
<msg timestamp="20190523 10:56:49.248" level="INFO">${a} = (CESHI)MODEM SYSINFO DONE,RUNTIME:633,GPSADC:0,UUID:419430401-2938707109-1519308379-4110425285,CHKSIZE:488640,CHKSUM:,SIM:,ICCID:89860918710006540682,BOARDVER:15,</msg>
<status status="PASS" starttime="20190523 10:56:49.041" endtime="20190523 10:56:49.248"></status>
</kw>
<kw name="Get Flag 1" library="Utils">
<doc>:param str1: 串口返回的内容</doc>
<arguments>
<arg>${a}</arg>
<arg>CHKSUM</arg>
<arg>1</arg>
</arguments>
<assign>
<var>${b}</var>
</assign>
<msg timestamp="20190523 10:56:49.251" level="INFO">['(CESHI)MODEM', 'SYSINFO', 'DONE', 'RUNTIME', '633', 'GPSADC', '0', 'UUID', '419430401-2938707109-1519308379-4110425285', 'CHKSIZE', '488640', 'CHKSUM', '', 'SIM', '', 'ICCID', '89860918710006540682', 'BOARDVER', '15', '']</msg>
<msg timestamp="20190523 10:56:49.252" level="INFO">${b} = </msg>
<status status="PASS" starttime="20190523 10:56:49.249" endtime="20190523 10:56:49.252"></status>
</kw>
<kw name="Exit For Loop If" library="BuiltIn">
<doc>Stops executing the enclosing for loop if the ``condition`` is true.</doc>
<arguments>
<arg>'${chksum}'=='${b}'</arg>
</arguments>
<status status="PASS" starttime="20190523 10:56:49.253" endtime="20190523 10:56:49.255"></status>
</kw>
<kw name="Sleep" library="BuiltIn">
<doc>Pauses the test executed for the given time.</doc>
<arguments>
<arg>1</arg>
</arguments>
<msg timestamp="20190523 10:56:50.258" level="INFO">Slept 1 second</msg>
<status status="PASS" starttime="20190523 10:56:49.256" endtime="20190523 10:56:50.259"></status>
</kw>
<status status="PASS" starttime="20190523 10:56:49.039" endtime="20190523 10:56:50.260"></status>
</kw>
<kw name="${i} = 6" type="foritem">
<kw name="Serial Send" library="SerialLibrary">
<doc>功能:</doc>
<arguments>
<arg>(CESHI)MODEM COM=1;SYSINFO=1;</arg>
<arg>(CESHI)</arg>
</arguments>
<assign>
<var>${a}</var>
</assign>
<msg timestamp="20190523 10:56:50.469" level="INFO">发送串口数据: (CESHI)MODEM COM=1;SYSINFO=1;
应该收到串口数据: (CESHI)
实际接收到的数据:  (CESHI)MODEM SYSINFO DONE,RUNTIME:634,GPSADC:0,UUID:419430401-2938707109-1519308379-4110425285,CHKSIZE:488640,CHKSUM:,SIM:,ICCID:89860918710006540682,BOARDVER:15,</msg>
<msg timestamp="20190523 10:56:50.470" level="INFO">${a} = (CESHI)MODEM SYSINFO DONE,RUNTIME:634,GPSADC:0,UUID:419430401-2938707109-1519308379-4110425285,CHKSIZE:488640,CHKSUM:,SIM:,ICCID:89860918710006540682,BOARDVER:15,</msg>
<status status="PASS" starttime="20190523 10:56:50.263" endtime="20190523 10:56:50.470"></status>
</kw>
<kw name="Get Flag 1" library="Utils">
<doc>:param str1: 串口返回的内容</doc>
<arguments>
<arg>${a}</arg>
<arg>CHKSUM</arg>
<arg>1</arg>
</arguments>
<assign>
<var>${b}</var>
</assign>
<msg timestamp="20190523 10:56:50.473" level="INFO">['(CESHI)MODEM', 'SYSINFO', 'DONE', 'RUNTIME', '634', 'GPSADC', '0', 'UUID', '419430401-2938707109-1519308379-4110425285', 'CHKSIZE', '488640', 'CHKSUM', '', 'SIM', '', 'ICCID', '89860918710006540682', 'BOARDVER', '15', '']</msg>
<msg timestamp="20190523 10:56:50.473" level="INFO">${b} = </msg>
<status status="PASS" starttime="20190523 10:56:50.471" endtime="20190523 10:56:50.474"></status>
</kw>
<kw name="Exit For Loop If" library="BuiltIn">
<doc>Stops executing the enclosing for loop if the ``condition`` is true.</doc>
<arguments>
<arg>'${chksum}'=='${b}'</arg>
</arguments>
<status status="PASS" starttime="20190523 10:56:50.475" endtime="20190523 10:56:50.477"></status>
</kw>
<kw name="Sleep" library="BuiltIn">
<doc>Pauses the test executed for the given time.</doc>
<arguments>
<arg>1</arg>
</arguments>
<msg timestamp="20190523 10:56:51.480" level="INFO">Slept 1 second</msg>
<status status="PASS" starttime="20190523 10:56:50.478" endtime="20190523 10:56:51.481"></status>
</kw>
<status status="PASS" starttime="20190523 10:56:50.261" endtime="20190523 10:56:51.482"></status>
</kw>
<kw name="${i} = 7" type="foritem">
<kw name="Serial Send" library="SerialLibrary">
<doc>功能:</doc>
<arguments>
<arg>(CESHI)MODEM COM=1;SYSINFO=1;</arg>
<arg>(CESHI)</arg>
</arguments>
<assign>
<var>${a}</var>
</assign>
<msg timestamp="20190523 10:56:51.690" level="INFO">发送串口数据: (CESHI)MODEM COM=1;SYSINFO=1;
应该收到串口数据: (CESHI)
实际接收到的数据:  (CESHI)MODEM SYSINFO DONE,RUNTIME:635,GPSADC:0,UUID:419430401-2938707109-1519308379-4110425285,CHKSIZE:488640,CHKSUM:,SIM:,ICCID:89860918710006540682,BOARDVER:15,</msg>
<msg timestamp="20190523 10:56:51.691" level="INFO">${a} = (CESHI)MODEM SYSINFO DONE,RUNTIME:635,GPSADC:0,UUID:419430401-2938707109-1519308379-4110425285,CHKSIZE:488640,CHKSUM:,SIM:,ICCID:89860918710006540682,BOARDVER:15,</msg>
<status status="PASS" starttime="20190523 10:56:51.484" endtime="20190523 10:56:51.691"></status>
</kw>
<kw name="Get Flag 1" library="Utils">
<doc>:param str1: 串口返回的内容</doc>
<arguments>
<arg>${a}</arg>
<arg>CHKSUM</arg>
<arg>1</arg>
</arguments>
<assign>
<var>${b}</var>
</assign>
<msg timestamp="20190523 10:56:51.694" level="INFO">['(CESHI)MODEM', 'SYSINFO', 'DONE', 'RUNTIME', '635', 'GPSADC', '0', 'UUID', '419430401-2938707109-1519308379-4110425285', 'CHKSIZE', '488640', 'CHKSUM', '', 'SIM', '', 'ICCID', '89860918710006540682', 'BOARDVER', '15', '']</msg>
<msg timestamp="20190523 10:56:51.694" level="INFO">${b} = </msg>
<status status="PASS" starttime="20190523 10:56:51.692" endtime="20190523 10:56:51.695"></status>
</kw>
<kw name="Exit For Loop If" library="BuiltIn">
<doc>Stops executing the enclosing for loop if the ``condition`` is true.</doc>
<arguments>
<arg>'${chksum}'=='${b}'</arg>
</arguments>
<status status="PASS" starttime="20190523 10:56:51.695" endtime="20190523 10:56:51.698"></status>
</kw>
<kw name="Sleep" library="BuiltIn">
<doc>Pauses the test executed for the given time.</doc>
<arguments>
<arg>1</arg>
</arguments>
<msg timestamp="20190523 10:56:52.700" level="INFO">Slept 1 second</msg>
<status status="PASS" starttime="20190523 10:56:51.698" endtime="20190523 10:56:52.702"></status>
</kw>
<status status="PASS" starttime="20190523 10:56:51.483" endtime="20190523 10:56:52.703"></status>
</kw>
<kw name="${i} = 8" type="foritem">
<kw name="Serial Send" library="SerialLibrary">
<doc>功能:</doc>
<arguments>
<arg>(CESHI)MODEM COM=1;SYSINFO=1;</arg>
<arg>(CESHI)</arg>
</arguments>
<assign>
<var>${a}</var>
</assign>
<msg timestamp="20190523 10:56:52.911" level="INFO">发送串口数据: (CESHI)MODEM COM=1;SYSINFO=1;
应该收到串口数据: (CESHI)
实际接收到的数据:  (CESHI)MODEM SYSINFO DONE,RUNTIME:637,GPSADC:0,UUID:419430401-2938707109-1519308379-4110425285,CHKSIZE:488640,CHKSUM:,SIM:,ICCID:89860918710006540682,BOARDVER:15,</msg>
<msg timestamp="20190523 10:56:52.913" level="INFO">${a} = (CESHI)MODEM SYSINFO DONE,RUNTIME:637,GPSADC:0,UUID:419430401-2938707109-1519308379-4110425285,CHKSIZE:488640,CHKSUM:,SIM:,ICCID:89860918710006540682,BOARDVER:15,</msg>
<status status="PASS" starttime="20190523 10:56:52.706" endtime="20190523 10:56:52.913"></status>
</kw>
<kw name="Get Flag 1" library="Utils">
<doc>:param str1: 串口返回的内容</doc>
<arguments>
<arg>${a}</arg>
<arg>CHKSUM</arg>
<arg>1</arg>
</arguments>
<assign>
<var>${b}</var>
</assign>
<msg timestamp="20190523 10:56:52.916" level="INFO">['(CESHI)MODEM', 'SYSINFO', 'DONE', 'RUNTIME', '637', 'GPSADC', '0', 'UUID', '419430401-2938707109-1519308379-4110425285', 'CHKSIZE', '488640', 'CHKSUM', '', 'SIM', '', 'ICCID', '89860918710006540682', 'BOARDVER', '15', '']</msg>
<msg timestamp="20190523 10:56:52.916" level="INFO">${b} = </msg>
<status status="PASS" starttime="20190523 10:56:52.914" endtime="20190523 10:56:52.917"></status>
</kw>
<kw name="Exit For Loop If" library="BuiltIn">
<doc>Stops executing the enclosing for loop if the ``condition`` is true.</doc>
<arguments>
<arg>'${chksum}'=='${b}'</arg>
</arguments>
<status status="PASS" starttime="20190523 10:56:52.918" endtime="20190523 10:56:52.920"></status>
</kw>
<kw name="Sleep" library="BuiltIn">
<doc>Pauses the test executed for the given time.</doc>
<arguments>
<arg>1</arg>
</arguments>
<msg timestamp="20190523 10:56:53.923" level="INFO">Slept 1 second</msg>
<status status="PASS" starttime="20190523 10:56:52.921" endtime="20190523 10:56:53.924"></status>
</kw>
<status status="PASS" starttime="20190523 10:56:52.704" endtime="20190523 10:56:53.925"></status>
</kw>
<kw name="${i} = 9" type="foritem">
<kw name="Serial Send" library="SerialLibrary">
<doc>功能:</doc>
<arguments>
<arg>(CESHI)MODEM COM=1;SYSINFO=1;</arg>
<arg>(CESHI)</arg>
</arguments>
<assign>
<var>${a}</var>
</assign>
<msg timestamp="20190523 10:56:54.133" level="INFO">发送串口数据: (CESHI)MODEM COM=1;SYSINFO=1;
应该收到串口数据: (CESHI)
实际接收到的数据:  (CESHI)MODEM SYSINFO DONE,RUNTIME:638,GPSADC:0,UUID:419430401-2938707109-1519308379-4110425285,CHKSIZE:488640,CHKSUM:,SIM:,ICCID:89860918710006540682,BOARDVER:15,</msg>
<msg timestamp="20190523 10:56:54.134" level="INFO">${a} = (CESHI)MODEM SYSINFO DONE,RUNTIME:638,GPSADC:0,UUID:419430401-2938707109-1519308379-4110425285,CHKSIZE:488640,CHKSUM:,SIM:,ICCID:89860918710006540682,BOARDVER:15,</msg>
<status status="PASS" starttime="20190523 10:56:53.927" endtime="20190523 10:56:54.135"></status>
</kw>
<kw name="Get Flag 1" library="Utils">
<doc>:param str1: 串口返回的内容</doc>
<arguments>
<arg>${a}</arg>
<arg>CHKSUM</arg>
<arg>1</arg>
</arguments>
<assign>
<var>${b}</var>
</assign>
<msg timestamp="20190523 10:56:54.137" level="INFO">['(CESHI)MODEM', 'SYSINFO', 'DONE', 'RUNTIME', '638', 'GPSADC', '0', 'UUID', '419430401-2938707109-1519308379-4110425285', 'CHKSIZE', '488640', 'CHKSUM', '', 'SIM', '', 'ICCID', '89860918710006540682', 'BOARDVER', '15', '']</msg>
<msg timestamp="20190523 10:56:54.138" level="INFO">${b} = </msg>
<status status="PASS" starttime="20190523 10:56:54.136" endtime="20190523 10:56:54.138"></status>
</kw>
<kw name="Exit For Loop If" library="BuiltIn">
<doc>Stops executing the enclosing for loop if the ``condition`` is true.</doc>
<arguments>
<arg>'${chksum}'=='${b}'</arg>
</arguments>
<status status="PASS" starttime="20190523 10:56:54.139" endtime="20190523 10:56:54.142"></status>
</kw>
<kw name="Sleep" library="BuiltIn">
<doc>Pauses the test executed for the given time.</doc>
<arguments>
<arg>1</arg>
</arguments>
<msg timestamp="20190523 10:56:55.144" level="INFO">Slept 1 second</msg>
<status status="PASS" starttime="20190523 10:56:54.142" endtime="20190523 10:56:55.146"></status>
</kw>
<status status="PASS" starttime="20190523 10:56:53.926" endtime="20190523 10:56:55.146"></status>
</kw>
<kw name="${i} = 10" type="foritem">
<kw name="Serial Send" library="SerialLibrary">
<doc>功能:</doc>
<arguments>
<arg>(CESHI)MODEM COM=1;SYSINFO=1;</arg>
<arg>(CESHI)</arg>
</arguments>
<assign>
<var>${a}</var>
</assign>
<msg timestamp="20190523 10:56:55.355" level="INFO">发送串口数据: (CESHI)MODEM COM=1;SYSINFO=1;
应该收到串口数据: (CESHI)
实际接收到的数据:  (CESHI)MODEM SYSINFO DONE,RUNTIME:639,GPSADC:0,UUID:419430401-2938707109-1519308379-4110425285,CHKSIZE:488640,CHKSUM:47859604,SIM:,ICCID:89860918710006540682,BOARDVER:15,</msg>
<msg timestamp="20190523 10:56:55.356" level="INFO">${a} = (CESHI)MODEM SYSINFO DONE,RUNTIME:639,GPSADC:0,UUID:419430401-2938707109-1519308379-4110425285,CHKSIZE:488640,CHKSUM:47859604,SIM:,ICCID:89860918710006540682,BOARDVER:15,</msg>
<status status="PASS" starttime="20190523 10:56:55.149" endtime="20190523 10:56:55.356"></status>
</kw>
<kw name="Get Flag 1" library="Utils">
<doc>:param str1: 串口返回的内容</doc>
<arguments>
<arg>${a}</arg>
<arg>CHKSUM</arg>
<arg>1</arg>
</arguments>
<assign>
<var>${b}</var>
</assign>
<msg timestamp="20190523 10:56:55.359" level="INFO">['(CESHI)MODEM', 'SYSINFO', 'DONE', 'RUNTIME', '639', 'GPSADC', '0', 'UUID', '419430401-2938707109-1519308379-4110425285', 'CHKSIZE', '488640', 'CHKSUM', '47859604', 'SIM', '', 'ICCID', '89860918710006540682', 'BOARDVER', '15', '']</msg>
<msg timestamp="20190523 10:56:55.359" level="INFO">${b} = 47859604</msg>
<status status="PASS" starttime="20190523 10:56:55.357" endtime="20190523 10:56:55.360"></status>
</kw>
<kw name="Exit For Loop If" library="BuiltIn">
<doc>Stops executing the enclosing for loop if the ``condition`` is true.</doc>
<arguments>
<arg>'${chksum}'=='${b}'</arg>
</arguments>
<msg timestamp="20190523 10:56:55.363" level="INFO">Exiting for loop altogether.</msg>
<status status="PASS" starttime="20190523 10:56:55.361" endtime="20190523 10:56:55.363"></status>
</kw>
<status status="PASS" starttime="20190523 10:56:55.147" endtime="20190523 10:56:55.364"></status>
</kw>
<status status="PASS" starttime="20190523 10:56:42.839" endtime="20190523 10:56:55.364"></status>
</kw>
<kw name="Run Keyword If" library="BuiltIn">
<doc>Runs the given keyword with the given arguments, if ``condition`` is true.</doc>
<arguments>
<arg>${i}!=29</arg>
<arg>write_mid_file</arg>
<arg>TS02_代码校验</arg>
<arg>PASS</arg>
<arg>(CESHI)MODEM COM=1;SYSINFO=1;</arg>
<arg>${a}</arg>
</arguments>
<kw name="Write Mid File" library="Utils">
<arguments>
<arg>TS02_代码校验</arg>
<arg>PASS</arg>
<arg>(CESHI)MODEM COM=1;SYSINFO=1;</arg>
<arg>${a}</arg>
</arguments>
<status status="PASS" starttime="20190523 10:56:55.368" endtime="20190523 10:56:55.372"></status>
</kw>
<status status="PASS" starttime="20190523 10:56:55.365" endtime="20190523 10:56:55.373"></status>
</kw>
<kw name="Run Keyword If" library="BuiltIn">
<doc>Runs the given keyword with the given arguments, if ``condition`` is true.</doc>
<arguments>
<arg>${i}==29</arg>
<arg>fail</arg>
<arg>代码校验失败</arg>
</arguments>
<status status="PASS" starttime="20190523 10:56:55.375" endtime="20190523 10:56:55.377"></status>
</kw>
<kw name="Serial Send" library="SerialLibrary">
<doc>功能:</doc>
<arguments>
<arg>IOT+S1+NATIVE=?;</arg>
<arg>IOT</arg>
</arguments>
<assign>
<var>${c}</var>
</assign>
<msg timestamp="20190523 10:56:55.657" level="INFO">发送串口数据: IOT+S1+NATIVE=?;
应该收到串口数据: IOT
实际接收到的数据:  IOT+S1+NATIVE=V1.01,V0.19,V1.02,P23,v11462_6ca285d8c,hzclz_ev460l,release,none;</msg>
<msg timestamp="20190523 10:56:55.658" level="INFO">${c} = V1.01,V0.19,V1.02,P23,v11462_6ca285d8c,hzclz_ev460l,release,none</msg>
<status status="PASS" starttime="20190523 10:56:55.378" endtime="20190523 10:56:55.658"></status>
</kw>
<kw name="Belong" library="Utils">
<doc>功能:判断字符串1是否在字符串2里面(成功返回1否则返回0)</doc>
<arguments>
<arg>${c}</arg>
<arg>${branch}</arg>
</arguments>
<assign>
<var>${d}</var>
</assign>
<msg timestamp="20190523 10:56:55.662" level="INFO">${d} = 1</msg>
<status status="PASS" starttime="20190523 10:56:55.659" endtime="20190523 10:56:55.663"></status>
</kw>
<kw name="Run Keyword If" library="BuiltIn">
<doc>Runs the given keyword with the given arguments, if ``condition`` is true.</doc>
<arguments>
<arg>${d}==1</arg>
<arg>write_mid_file</arg>
<arg>TS02_版本校对</arg>
<arg>PASS</arg>
<arg>IOT+S1+NATIVE=?;</arg>
<arg>${c}</arg>
</arguments>
<kw name="Write Mid File" library="Utils">
<arguments>
<arg>TS02_版本校对</arg>
<arg>PASS</arg>
<arg>IOT+S1+NATIVE=?;</arg>
<arg>${c}</arg>
</arguments>
<status status="PASS" starttime="20190523 10:56:55.667" endtime="20190523 10:56:55.671"></status>
</kw>
<status status="PASS" starttime="20190523 10:56:55.664" endtime="20190523 10:56:55.671"></status>
</kw>
<kw name="Run Keyword If" library="BuiltIn">
<doc>Runs the given keyword with the given arguments, if ``condition`` is true.</doc>
<arguments>
<arg>${d}!=1</arg>
<arg>fail</arg>
<arg>版本校对错误</arg>
</arguments>
<status status="PASS" starttime="20190523 10:56:55.673" endtime="20190523 10:56:55.675"></status>
</kw>
<kw name="Run Keyword If Test Failed" library="BuiltIn" type="teardown">
<doc>Runs the given keyword with the given arguments, if the test failed.</doc>
<arguments>
<arg>Fatal Error</arg>
</arguments>
<status status="PASS" starttime="20190523 10:56:55.676" endtime="20190523 10:56:55.678"></status>
</kw>
<status status="PASS" starttime="20190523 10:56:42.554" endtime="20190523 10:56:55.679" critical="yes"></status>
</test>
<test id="s1-t4" name="TS04_BLE蓝牙">
<kw name="Pass Execution If" library="BuiltIn">
<doc>Conditionally skips rest of the current test, setup, or teardown with PASS status.</doc>
<arguments>
<arg>${prduction_TS04}==0</arg>
<arg>此项不测试</arg>
</arguments>
<status status="PASS" starttime="20190523 10:56:55.690" endtime="20190523 10:56:55.692"></status>
</kw>
<kw name="${i} IN RANGE [ 20 ]" type="for">
<kw name="${i} = 0" type="foritem">
<kw name="Serial Send" library="SerialLibrary">
<doc>功能:</doc>
<arguments>
<arg>(CESHI)BLE AT+BTSCACN?</arg>
<arg>(CESHI)BLE</arg>
</arguments>
<assign>
<var>${a}</var>
</assign>
<msg timestamp="20190523 10:56:56.161" level="INFO">发送串口数据: (CESHI)BLE AT+BTSCACN?
应该收到串口数据: (CESHI)BLE
实际接收到的数据:  (CESHI)BLE +BTSCACN:0,0,AC233F2043D3,E2C56DB5DDDD48D2B060D0F5A71096E0,16160,17363,-65,-74</msg>
<msg timestamp="20190523 10:56:56.162" level="INFO">${a} = (CESHI)BLE +BTSCACN:0,0,AC233F2043D3,E2C56DB5DDDD48D2B060D0F5A71096E0,16160,17363,-65,-74</msg>
<status status="PASS" starttime="20190523 10:56:55.695" endtime="20190523 10:56:56.162"></status>
</kw>
<kw name="Lanya" library="Utils">
<arguments>
<arg>${a}</arg>
</arguments>
<assign>
<var>${b}</var>
</assign>
<msg timestamp="20190523 10:56:56.165" level="INFO">${b} = -74</msg>
<status status="PASS" starttime="20190523 10:56:56.163" endtime="20190523 10:56:56.165"></status>
</kw>
<kw name="Abs" library="Utils">
<doc>取算式的绝对值并且返回</doc>
<arguments>
<arg>${b}</arg>
</arguments>
<assign>
<var>${c}</var>
</assign>
<msg timestamp="20190523 10:56:56.168" level="INFO">${c} = 74</msg>
<status status="PASS" starttime="20190523 10:56:56.166" endtime="20190523 10:56:56.168"></status>
</kw>
<kw name="Get Str 2" library="Utils">
<doc>功能：</doc>
<arguments>
<arg>${a}</arg>
<arg>5</arg>
</arguments>
<assign>
<var>${d}</var>
</assign>
<msg timestamp="20190523 10:56:56.170" level="INFO">${d} = E2C56DB5DDDD48D2B060D0F5A71096E0</msg>
<status status="PASS" starttime="20190523 10:56:56.169" endtime="20190523 10:56:56.171"></status>
</kw>
<kw name="Run Keyword And Return Status" library="BuiltIn">
<doc>Runs the given keyword with given arguments and returns the status as a Boolean value.</doc>
<arguments>
<arg>ble_j</arg>
<arg>${d}</arg>
<arg>${BLES}</arg>
<arg>${BLES_1}</arg>
</arguments>
<assign>
<var>${state}</var>
</assign>
<kw name="Ble J" library="Utils">
<arguments>
<arg>${d}</arg>
<arg>${BLES}</arg>
<arg>${BLES_1}</arg>
</arguments>
<msg timestamp="20190523 10:56:56.177" level="FAIL">NameError: name 'str1' is not defined</msg>
<status status="FAIL" starttime="20190523 10:56:56.173" endtime="20190523 10:56:56.177"></status>
</kw>
<msg timestamp="20190523 10:56:56.178" level="INFO">${state} = False</msg>
<status status="PASS" starttime="20190523 10:56:56.171" endtime="20190523 10:56:56.178"></status>
</kw>
<kw name="Exit For Loop If" library="BuiltIn">
<doc>Stops executing the enclosing for loop if the ``condition`` is true.</doc>
<arguments>
<arg>${c}&lt;${BLE} and ${c}!=0 and ${state}==0</arg>
</arguments>
<msg timestamp="20190523 10:56:56.182" level="INFO">Exiting for loop altogether.</msg>
<status status="PASS" starttime="20190523 10:56:56.179" endtime="20190523 10:56:56.182"></status>
</kw>
<status status="PASS" starttime="20190523 10:56:55.694" endtime="20190523 10:56:56.183"></status>
</kw>
<status status="PASS" starttime="20190523 10:56:55.693" endtime="20190523 10:56:56.183"></status>
</kw>
<kw name="Run Keyword If" library="BuiltIn">
<doc>Runs the given keyword with the given arguments, if ``condition`` is true.</doc>
<arguments>
<arg>${i}!=19</arg>
<arg>write_mid_file</arg>
<arg>TS04_BLE蓝牙</arg>
<arg>PASS</arg>
<arg>(CESHI)BLE AT+BTSCACN?</arg>
<arg>${a}</arg>
</arguments>
<kw name="Write Mid File" library="Utils">
<arguments>
<arg>TS04_BLE蓝牙</arg>
<arg>PASS</arg>
<arg>(CESHI)BLE AT+BTSCACN?</arg>
<arg>${a}</arg>
</arguments>
<status status="PASS" starttime="20190523 10:56:56.186" endtime="20190523 10:56:56.189"></status>
</kw>
<status status="PASS" starttime="20190523 10:56:56.184" endtime="20190523 10:56:56.190"></status>
</kw>
<kw name="Run Keyword If" library="BuiltIn">
<doc>Runs the given keyword with the given arguments, if ``condition`` is true.</doc>
<arguments>
<arg>${i}==19</arg>
<arg>fail</arg>
<arg>蓝牙测试错误</arg>
</arguments>
<status status="PASS" starttime="20190523 10:56:56.191" endtime="20190523 10:56:56.193"></status>
</kw>
<kw name="Run Keyword If Test Failed" library="BuiltIn" type="teardown">
<doc>Runs the given keyword with the given arguments, if the test failed.</doc>
<arguments>
<arg>Fatal Error</arg>
</arguments>
<status status="PASS" starttime="20190523 10:56:56.194" endtime="20190523 10:56:56.195"></status>
</kw>
<status status="PASS" starttime="20190523 10:56:55.684" endtime="20190523 10:56:56.197" critical="yes"></status>
</test>
<test id="s1-t5" name="TS06_GPRS信号">
<kw name="Pass Execution If" library="BuiltIn">
<doc>Conditionally skips rest of the current test, setup, or teardown with PASS status.</doc>
<arguments>
<arg>${prduction_TS06}==0</arg>
<arg>此项不测试</arg>
</arguments>
<status status="PASS" starttime="20190523 10:56:56.208" endtime="20190523 10:56:56.210"></status>
</kw>
<kw name="${i} IN RANGE [ 50 ]" type="for">
<kw name="${i} = 0" type="foritem">
<kw name="Serial Send" library="SerialLibrary">
<doc>功能:</doc>
<arguments>
<arg>(CESHI)MODEM INFO</arg>
<arg>(CESHI)MODEM</arg>
</arguments>
<assign>
<var>${a}</var>
</assign>
<msg timestamp="20190523 10:56:56.463" level="INFO">发送串口数据: (CESHI)MODEM INFO
应该收到串口数据: (CESHI)MODEM
实际接收到的数据:  (CESHI)MODEM 0,0,33,EC20F_CEFAGR06A01M4G_HL_BETA0404;DRV:V0.2 2018-2-8,Gprs;USIM:Ready,09;COPS:1|7,CHN-UNICOM;ICCID:89860918710006540682;IMSI:460099501781395;IMEI:861529043679022;LAC_SID:22291;CID_NID:214416149;BID:0;LOCALIP:10.63.140.150;BOARD:Ready,Tim471;PPP:Ready,Con3,ITIM425;MAINLNK0:Tcp,UseMajor,Error,Try19,OTIM443;MAINLNK1:Tcp,UseMajor,Error,Try16,OTIM443;MAINLNK2:None,UseMajor,Error,Try0,OTIM443;TCPFST:Close;UDPFST:Close;RFTEST:0;CONFAIL:0;EDISCNT:9;ANT0:2|1784|0;ANT1:2|1788|1;QX:1,Try0;</msg>
<msg timestamp="20190523 10:56:56.464" level="INFO">${a} = (CESHI)MODEM 0,0,33,EC20F_CEFAGR06A01M4G_HL_BETA0404;DRV:V0.2 2018-2-8,Gprs;USIM:Ready,09;COPS:1|7,CHN-UNICOM;ICCID:89860918710006540682;IMSI:460099501781395;IMEI:861529043679022;LAC_SID:22291;CID_NID...</msg>
<status status="PASS" starttime="20190523 10:56:56.212" endtime="20190523 10:56:56.465"></status>
</kw>
<kw name="Get Str 1" library="Utils">
<doc>功能：</doc>
<arguments>
<arg>${a}</arg>
<arg>5</arg>
</arguments>
<assign>
<var>${b}</var>
</assign>
<msg timestamp="20190523 10:56:56.468" level="INFO">['(CESHI)MODEM', '0', '0', '33', 'EC20F_CEFAGR06A01M4G_HL_BETA0404', 'DRV', 'V0.2', '2018-2-8', 'Gprs', 'USIM', 'Ready', '09', 'COPS', '1|7', 'CHN-UNICOM', 'ICCID', '89860918710006540682', 'IMSI', '460099501781395', 'IMEI', '861529043679022', 'LAC_SID', '22291', 'CID_NID', '214416149', 'BID', '0', 'LOCALIP', '10.63.140.150', 'BOARD', 'Ready', 'Tim471', 'PPP', 'Ready', 'Con3', 'ITIM425', 'MAINLNK0', 'Tcp', 'UseMajor', 'Error', 'Try19', 'OTIM443', 'MAINLNK1', 'Tcp', 'UseMajor', 'Error', 'Try16', 'OTIM443', 'MAINLNK2', 'None', 'UseMajor', 'Error', 'Try0', 'OTIM443', 'TCPFST', 'Close', 'UDPFST', 'Close', 'RFTEST', '0', 'CONFAIL', '0', 'EDISCNT', '9', 'ANT0', '2|1784|0', 'ANT1', '2|1788|1', 'QX', '1', 'Try0']</msg>
<msg timestamp="20190523 10:56:56.469" level="INFO">${b} = EC20F_CEFAGR06A01M4G_HL_BETA0404</msg>
<status status="PASS" starttime="20190523 10:56:56.466" endtime="20190523 10:56:56.469"></status>
</kw>
<kw name="Get Flag 1" library="Utils">
<doc>:param str1: 串口返回的内容</doc>
<arguments>
<arg>${a}</arg>
<arg>USIM</arg>
<arg>1</arg>
</arguments>
<assign>
<var>${c}</var>
</assign>
<msg timestamp="20190523 10:56:56.472" level="INFO">['(CESHI)MODEM', '0', '0', '33', 'EC20F_CEFAGR06A01M4G_HL_BETA0404', 'DRV', 'V0.2', '2018-2-8', 'Gprs', 'USIM', 'Ready', '09', 'COPS', '1|7', 'CHN-UNICOM', 'ICCID', '89860918710006540682', 'IMSI', '460099501781395', 'IMEI', '861529043679022', 'LAC_SID', '22291', 'CID_NID', '214416149', 'BID', '0', 'LOCALIP', '10.63.140.150', 'BOARD', 'Ready', 'Tim471', 'PPP', 'Ready', 'Con3', 'ITIM425', 'MAINLNK0', 'Tcp', 'UseMajor', 'Error', 'Try19', 'OTIM443', 'MAINLNK1', 'Tcp', 'UseMajor', 'Error', 'Try16', 'OTIM443', 'MAINLNK2', 'None', 'UseMajor', 'Error', 'Try0', 'OTIM443', 'TCPFST', 'Close', 'UDPFST', 'Close', 'RFTEST', '0', 'CONFAIL', '0', 'EDISCNT', '9', 'ANT0', '2|1784|0', 'ANT1', '2|1788|1', 'QX', '1', 'Try0', '']</msg>
<msg timestamp="20190523 10:56:56.473" level="INFO">${c} = Ready</msg>
<status status="PASS" starttime="20190523 10:56:56.470" endtime="20190523 10:56:56.473"></status>
</kw>
<kw name="Get Flag 1" library="Utils">
<doc>:param str1: 串口返回的内容</doc>
<arguments>
<arg>${a}</arg>
<arg>USIM</arg>
<arg>2</arg>
</arguments>
<assign>
<var>${d}</var>
</assign>
<msg timestamp="20190523 10:56:56.476" level="INFO">['(CESHI)MODEM', '0', '0', '33', 'EC20F_CEFAGR06A01M4G_HL_BETA0404', 'DRV', 'V0.2', '2018-2-8', 'Gprs', 'USIM', 'Ready', '09', 'COPS', '1|7', 'CHN-UNICOM', 'ICCID', '89860918710006540682', 'IMSI', '460099501781395', 'IMEI', '861529043679022', 'LAC_SID', '22291', 'CID_NID', '214416149', 'BID', '0', 'LOCALIP', '10.63.140.150', 'BOARD', 'Ready', 'Tim471', 'PPP', 'Ready', 'Con3', 'ITIM425', 'MAINLNK0', 'Tcp', 'UseMajor', 'Error', 'Try19', 'OTIM443', 'MAINLNK1', 'Tcp', 'UseMajor', 'Error', 'Try16', 'OTIM443', 'MAINLNK2', 'None', 'UseMajor', 'Error', 'Try0', 'OTIM443', 'TCPFST', 'Close', 'UDPFST', 'Close', 'RFTEST', '0', 'CONFAIL', '0', 'EDISCNT', '9', 'ANT0', '2|1784|0', 'ANT1', '2|1788|1', 'QX', '1', 'Try0', '']</msg>
<msg timestamp="20190523 10:56:56.477" level="INFO">${d} = 09</msg>
<status status="PASS" starttime="20190523 10:56:56.474" endtime="20190523 10:56:56.477"></status>
</kw>
<kw name="Get Flag 1" library="Utils">
<doc>:param str1: 串口返回的内容</doc>
<arguments>
<arg>${a}</arg>
<arg>PPP</arg>
<arg>1</arg>
</arguments>
<assign>
<var>${e}</var>
</assign>
<msg timestamp="20190523 10:56:56.480" level="INFO">['(CESHI)MODEM', '0', '0', '33', 'EC20F_CEFAGR06A01M4G_HL_BETA0404', 'DRV', 'V0.2', '2018-2-8', 'Gprs', 'USIM', 'Ready', '09', 'COPS', '1|7', 'CHN-UNICOM', 'ICCID', '89860918710006540682', 'IMSI', '460099501781395', 'IMEI', '861529043679022', 'LAC_SID', '22291', 'CID_NID', '214416149', 'BID', '0', 'LOCALIP', '10.63.140.150', 'BOARD', 'Ready', 'Tim471', 'PPP', 'Ready', 'Con3', 'ITIM425', 'MAINLNK0', 'Tcp', 'UseMajor', 'Error', 'Try19', 'OTIM443', 'MAINLNK1', 'Tcp', 'UseMajor', 'Error', 'Try16', 'OTIM443', 'MAINLNK2', 'None', 'UseMajor', 'Error', 'Try0', 'OTIM443', 'TCPFST', 'Close', 'UDPFST', 'Close', 'RFTEST', '0', 'CONFAIL', '0', 'EDISCNT', '9', 'ANT0', '2|1784|0', 'ANT1', '2|1788|1', 'QX', '1', 'Try0', '']</msg>
<msg timestamp="20190523 10:56:56.481" level="INFO">${e} = Ready</msg>
<status status="PASS" starttime="20190523 10:56:56.478" endtime="20190523 10:56:56.481"></status>
</kw>
<kw name="Exit For Loop If" library="BuiltIn">
<doc>Stops executing the enclosing for loop if the ``condition`` is true.</doc>
<arguments>
<arg>'${b}'=='${GPRS1}' and '${c}'=='Ready' and ${d}&gt;${GPRS2} and '${e}'=='Ready'</arg>
</arguments>
<msg timestamp="20190523 10:56:56.485" level="FAIL">Evaluating expression ''EC20F_CEFAGR06A01M4G_HL_BETA0404'=='EC20F_CEFAGR06A01M4G_HL_BETA0404' and 'Ready'=='Ready' and 09&gt;18 and 'Ready'=='Ready'' failed: SyntaxError: invalid token (&lt;string&gt;, line 1)</msg>
<status status="FAIL" starttime="20190523 10:56:56.482" endtime="20190523 10:56:56.486"></status>
</kw>
<status status="FAIL" starttime="20190523 10:56:56.211" endtime="20190523 10:56:56.486"></status>
</kw>
<status status="FAIL" starttime="20190523 10:56:56.210" endtime="20190523 10:56:56.488"></status>
</kw>
<kw name="Run Keyword If Test Failed" library="BuiltIn" type="teardown">
<doc>Runs the given keyword with the given arguments, if the test failed.</doc>
<arguments>
<arg>Fatal Error</arg>
</arguments>
<kw name="Fatal Error" library="BuiltIn">
<doc>Stops the whole test execution.</doc>
<msg timestamp="20190523 10:56:56.494" level="FAIL">AssertionError</msg>
<status status="FAIL" starttime="20190523 10:56:56.492" endtime="20190523 10:56:56.494"></status>
</kw>
<status status="FAIL" starttime="20190523 10:56:56.490" endtime="20190523 10:56:56.495">AssertionError</status>
</kw>
<status status="FAIL" starttime="20190523 10:56:56.202" endtime="20190523 10:56:56.495" critical="yes">Evaluating expression ''EC20F_CEFAGR06A01M4G_HL_BETA0404'=='EC20F_CEFAGR06A01M4G_HL_BETA0404' and 'Ready'=='Ready' and 09&gt;18 and 'Ready'=='Ready'' failed: SyntaxError: invalid token (&lt;string&gt;, line 1)

Also teardown failed:
AssertionError</status>
</test>
<test id="s1-t6" name="TS0#5_GPS定位">
<tags>
<tag>robot-exit</tag>
</tags>
<status status="FAIL" starttime="20190523 10:56:56.501" endtime="20190523 10:56:56.507" critical="yes">Test execution stopped due to a fatal error.</status>
</test>
<test id="s1-t7" name="TS08_ECM">
<tags>
<tag>robot-exit</tag>
</tags>
<status status="FAIL" starttime="20190523 10:56:56.512" endtime="20190523 10:56:56.516" critical="yes">Test execution stopped due to a fatal error.</status>
</test>
<test id="s1-t8" name="TS10_电容测试">
<tags>
<tag>robot-exit</tag>
</tags>
<status status="FAIL" starttime="20190523 10:56:56.521" endtime="20190523 10:56:56.529" critical="yes">Test execution stopped due to a fatal error.</status>
</test>
<test id="s1-t9" name="GET_END">
<tags>
<tag>robot-exit</tag>
</tags>
<status status="FAIL" starttime="20190523 10:56:56.534" endtime="20190523 10:56:56.538" critical="yes">Test execution stopped due to a fatal error.</status>
</test>
<kw name="关机" type="teardown">
<kw name="Serial Send" library="SerialLibrary">
<doc>功能:</doc>
<arguments>
<arg>(CESHI)MODEM COM=1;SHUTDOWN=1</arg>
<arg>(CESHI)MODEM SHUTDOWN DONE</arg>
</arguments>
<msg timestamp="20190523 10:56:56.766" level="INFO">发送串口数据: (CESHI)MODEM COM=1;SHUTDOWN=1
应该收到串口数据: (CESHI)MODEM SHUTDOWN DONE
实际接收到的数据:  (CESHI)MODEM SHUTDOWN DONE.</msg>
<status status="PASS" starttime="20190523 10:56:56.549" endtime="20190523 10:56:56.766"></status>
</kw>
<status status="PASS" starttime="20190523 10:56:56.547" endtime="20190523 10:56:56.767"></status>
</kw>
<status status="FAIL" starttime="20190523 10:56:41.049" endtime="20190523 10:56:56.767"></status>
</suite>
<statistics>
<total>
<stat pass="4" fail="5">Critical Tests</stat>
<stat pass="4" fail="5">All Tests</stat>
</total>
<tag>
<stat pass="4" fail="1" info="combined" combined="NOT robot-exit">NOT robot-exit</stat>
<stat pass="0" fail="4">robot-exit</stat>
</tag>
<suite>
<stat pass="4" fail="5" id="s1" name="Production Case">Production Case</stat>
</suite>
</statistics>
<errors>
</errors>
</robot>
