<?xml version="1.0" encoding="UTF-8"?>
<robot generator="Robot 3.0.4 (Python 3.7.0 on linux)" generated="20190525 00:13:46.785">
<suite id="s1" name="Production Case" source="/home/pi/production/case/production_case.txt">
<test id="s1-t1" name="GET_Ready">
<kw name="Get Local Time" library="Utils">
<assign>
<var>${time1}</var>
</assign>
<msg timestamp="20190525 00:13:47.275" level="INFO">${time1} = 1558714427.2738178</msg>
<status status="PASS" starttime="20190525 00:13:47.272" endtime="20190525 00:13:47.276"></status>
</kw>
<kw name="Get Local Time1" library="Utils">
<assign>
<var>${time11}</var>
</assign>
<msg timestamp="20190525 00:13:47.280" level="INFO">${time11} = 2019-05-25 00:13:47</msg>
<status status="PASS" starttime="20190525 00:13:47.277" endtime="20190525 00:13:47.281"></status>
</kw>
<kw name="Set Suite Variable" library="BuiltIn">
<doc>Makes a variable available everywhere within the scope of the current suite.</doc>
<arguments>
<arg>${time1}</arg>
</arguments>
<msg timestamp="20190525 00:13:47.287" level="INFO">${time1} = 1558714427.2738178</msg>
<status status="PASS" starttime="20190525 00:13:47.284" endtime="20190525 00:13:47.288"></status>
</kw>
<kw name="Write Mid File" library="Utils">
<arguments>
<arg>开始时间:${time11}</arg>
</arguments>
<status status="PASS" starttime="20190525 00:13:47.289" endtime="20190525 00:13:47.297"></status>
</kw>
<kw name="Serial Send" library="SerialLibrary">
<doc>功能:</doc>
<arguments>
<arg>(CESHI)MODEM INFO</arg>
<arg>(CESHI)MODEM</arg>
</arguments>
<assign>
<var>${a}</var>
</assign>
<msg timestamp="20190525 00:13:47.504" level="INFO">发送串口数据: (CESHI)MODEM INFO
应该收到串口数据: (CESHI)MODEM
实际接收到的数据:  (CESHI)MODEM 0,0,33,EC20F_CEFAGR06A01M4G_HL_BETA0404;DRV:V0.2 2018-2-8,Gprs;USIM:Ready,25;COPS:1|7,CHN-UNICOM;ICCID:89860918710006540682;IMSI:460099501781395;IMEI:861529043679022;LAC_SID:22291;CID_NID:214416149;BID:0;LOCALIP:10.27.181.207;BOARD:Ready,Tim375;PPP:Ready,Con4,ITIM329;MAINLNK0:Tcp,UseMajor,Error,Try47,OTIM348;MAINLNK1:Tcp,UseMajor,Error,Try32,OTIM348;MAINLNK2:None,UseMajor,Error,Try0,OTIM348;TCPFST:Close;UDPFST:Close;RFTEST:0;CONFAIL:0;EDISCNT:17;ANT0:2|1785|0;ANT1:2|1788|1;QX:1,Try0;</msg>
<msg timestamp="20190525 00:13:47.504" level="INFO">${a} = (CESHI)MODEM 0,0,33,EC20F_CEFAGR06A01M4G_HL_BETA0404;DRV:V0.2 2018-2-8,Gprs;USIM:Ready,25;COPS:1|7,CHN-UNICOM;ICCID:89860918710006540682;IMSI:460099501781395;IMEI:861529043679022;LAC_SID:22291;CID_NID...</msg>
<status status="PASS" starttime="20190525 00:13:47.299" endtime="20190525 00:13:47.505"></status>
</kw>
<kw name="Get Flag 1" library="Utils">
<doc>:param str1: 串口返回的内容</doc>
<arguments>
<arg>${a}</arg>
<arg>ICCID</arg>
<arg>1</arg>
</arguments>
<assign>
<var>${b}</var>
</assign>
<msg timestamp="20190525 00:13:47.508" level="INFO">['(CESHI)MODEM', '0', '0', '33', 'EC20F_CEFAGR06A01M4G_HL_BETA0404', 'DRV', 'V0.2', '2018-2-8', 'Gprs', 'USIM', 'Ready', '25', 'COPS', '1|7', 'CHN-UNICOM', 'ICCID', '89860918710006540682', 'IMSI', '460099501781395', 'IMEI', '861529043679022', 'LAC_SID', '22291', 'CID_NID', '214416149', 'BID', '0', 'LOCALIP', '10.27.181.207', 'BOARD', 'Ready', 'Tim375', 'PPP', 'Ready', 'Con4', 'ITIM329', 'MAINLNK0', 'Tcp', 'UseMajor', 'Error', 'Try47', 'OTIM348', 'MAINLNK1', 'Tcp', 'UseMajor', 'Error', 'Try32', 'OTIM348', 'MAINLNK2', 'None', 'UseMajor', 'Error', 'Try0', 'OTIM348', 'TCPFST', 'Close', 'UDPFST', 'Close', 'RFTEST', '0', 'CONFAIL', '0', 'EDISCNT', '17', 'ANT0', '2|1785|0', 'ANT1', '2|1788|1', 'QX', '1', 'Try0', '']</msg>
<msg timestamp="20190525 00:13:47.509" level="INFO">${b} = 89860918710006540682</msg>
<status status="PASS" starttime="20190525 00:13:47.506" endtime="20190525 00:13:47.509"></status>
</kw>
<kw name="Write Mid File" library="Utils">
<arguments>
<arg>ICCID:${b}</arg>
</arguments>
<status status="PASS" starttime="20190525 00:13:47.510" endtime="20190525 00:13:47.513"></status>
</kw>
<kw name="Serial Send" library="SerialLibrary">
<doc>功能:</doc>
<arguments>
<arg>${wifi_change}</arg>
<arg>(CESHI)WIFI FACTORY DONE;</arg>
</arguments>
<msg timestamp="20190525 00:13:47.806" level="INFO">发送串口数据: (CESHI)WIFI FACTORY-W005
应该收到串口数据: (CESHI)WIFI FACTORY DONE;
实际接收到的数据:  (CESHI)WIFI FACTORY DONE;</msg>
<status status="PASS" starttime="20190525 00:13:47.514" endtime="20190525 00:13:47.806"></status>
</kw>
<kw name="Serial Send" library="SerialLibrary">
<doc>功能:</doc>
<arguments>
<arg>(CESHI)BLE AT+BTSCACN=3</arg>
<arg>(CESHI)BLE OK</arg>
</arguments>
<msg timestamp="20190525 00:13:48.308" level="INFO">发送串口数据: (CESHI)BLE AT+BTSCACN=3
应该收到串口数据: (CESHI)BLE OK
实际接收到的数据:  (CESHI)BLE OK</msg>
<status status="PASS" starttime="20190525 00:13:47.807" endtime="20190525 00:13:48.309"></status>
</kw>
<kw name="Run Keyword If Test Failed" library="BuiltIn" type="teardown">
<doc>Runs the given keyword with the given arguments, if the test failed.</doc>
<arguments>
<arg>Fatal Error</arg>
</arguments>
<status status="PASS" starttime="20190525 00:13:48.311" endtime="20190525 00:13:48.312"></status>
</kw>
<status status="PASS" starttime="20190525 00:13:47.268" endtime="20190525 00:13:48.313" critical="yes"></status>
</test>
<test id="s1-t2" name="TS01_终端自检">
<kw name="Pass Execution If" library="BuiltIn">
<doc>Conditionally skips rest of the current test, setup, or teardown with PASS status.</doc>
<arguments>
<arg>${prduction_TS01}==0</arg>
<arg>此项不测试</arg>
</arguments>
<status status="PASS" starttime="20190525 00:13:48.324" endtime="20190525 00:13:48.326"></status>
</kw>
<kw name="Serial Send" library="SerialLibrary">
<doc>功能:</doc>
<arguments>
<arg>(CESHI)DEV</arg>
<arg>(CESHI)DEV</arg>
</arguments>
<assign>
<var>${a}</var>
</assign>
<msg timestamp="20190525 00:13:48.610" level="INFO">发送串口数据: (CESHI)DEV
应该收到串口数据: (CESHI)DEV
实际接收到的数据:  (CESHI)DEV BOARD:HL685,HW:15,RAM:1,NAND:1(C2F18095),SPIFI:1(C216),BAT:1|LI,RTC:1,USB:1(V91),CPS:2(V0),RCY:1(V39),RDN:1(V54),SLP:1(V211),CC936:1(V10),CLK:1|16|96|48|0,WDG:1,ACCE:1(0098),BLE:1(V131),MFU:1(V27),DEBUG:0;</msg>
<msg timestamp="20190525 00:13:48.611" level="INFO">${a} = (CESHI)DEV BOARD:HL685,HW:15,RAM:1,NAND:1(C2F18095),SPIFI:1(C216),BAT:1|LI,RTC:1,USB:1(V91),CPS:2(V0),RCY:1(V39),RDN:1(V54),SLP:1(V211),CC936:1(V10),CLK:1|16|96|48|0,WDG:1,ACCE:1(0098),BLE:1(V131),MFU...</msg>
<status status="PASS" starttime="20190525 00:13:48.327" endtime="20190525 00:13:48.611"></status>
</kw>
<kw name="Run Keyword If" library="BuiltIn">
<doc>Runs the given keyword with the given arguments, if ``condition`` is true.</doc>
<arguments>
<arg>'${a}'=='${zijian}'</arg>
<arg>write_mid_file</arg>
<arg>TS01_终端自检</arg>
<arg>PASS</arg>
<arg>(CESHI)DEV</arg>
<arg>${a}</arg>
</arguments>
<kw name="Write Mid File" library="Utils">
<arguments>
<arg>TS01_终端自检</arg>
<arg>PASS</arg>
<arg>(CESHI)DEV</arg>
<arg>${a}</arg>
</arguments>
<status status="PASS" starttime="20190525 00:13:48.615" endtime="20190525 00:13:48.617"></status>
</kw>
<status status="PASS" starttime="20190525 00:13:48.612" endtime="20190525 00:13:48.618"></status>
</kw>
<kw name="Run Keyword If" library="BuiltIn">
<doc>Runs the given keyword with the given arguments, if ``condition`` is true.</doc>
<arguments>
<arg>'${a}'!='${zijian}'</arg>
<arg>fail</arg>
<arg>自检错误</arg>
</arguments>
<status status="PASS" starttime="20190525 00:13:48.620" endtime="20190525 00:13:48.623"></status>
</kw>
<kw name="Run Keyword If Test Failed" library="BuiltIn" type="teardown">
<doc>Runs the given keyword with the given arguments, if the test failed.</doc>
<arguments>
<arg>Fatal Error</arg>
</arguments>
<status status="PASS" starttime="20190525 00:13:48.625" endtime="20190525 00:13:48.627"></status>
</kw>
<status status="PASS" starttime="20190525 00:13:48.316" endtime="20190525 00:13:48.628" critical="yes"></status>
</test>
<test id="s1-t3" name="TS02_代码校验">
<kw name="Pass Execution If" library="BuiltIn">
<doc>Conditionally skips rest of the current test, setup, or teardown with PASS status.</doc>
<arguments>
<arg>${prduction_TS02}==0</arg>
<arg>此项不测试</arg>
</arguments>
<status status="PASS" starttime="20190525 00:13:48.640" endtime="20190525 00:13:48.643"></status>
</kw>
<kw name="Serial Send" library="SerialLibrary">
<doc>功能:</doc>
<arguments>
<arg>(CESHI)MODEM COM=1;CHKSIZE=${chksize}</arg>
<arg>(CESHI)MODEM CHKSIZE DONE.</arg>
</arguments>
<msg timestamp="20190525 00:13:48.912" level="INFO">发送串口数据: (CESHI)MODEM COM=1;CHKSIZE=495288
应该收到串口数据: (CESHI)MODEM CHKSIZE DONE.
实际接收到的数据:  (CESHI)MODEM CHKSIZE DONE.</msg>
<status status="PASS" starttime="20190525 00:13:48.645" endtime="20190525 00:13:48.912"></status>
</kw>
<kw name="${i} IN RANGE [ 30 ]" type="for">
<kw name="${i} = 0" type="foritem">
<kw name="Serial Send" library="SerialLibrary">
<doc>功能:</doc>
<arguments>
<arg>(CESHI)MODEM COM=1;SYSINFO=1;</arg>
<arg>(CESHI)</arg>
</arguments>
<assign>
<var>${a}</var>
</assign>
<msg timestamp="20190525 00:13:49.214" level="INFO">发送串口数据: (CESHI)MODEM COM=1;SYSINFO=1;
应该收到串口数据: (CESHI)
实际接收到的数据:  (CESHI)MODEM SYSINFO DONE,RUNTIME:1234,GPSADC:3284,UUID:419430401-2938707109-1519308379-4110425285,CHKSIZE:495288,CHKSUM:,SIM:8614619911775,ICCID:89860918710006540682,BOARDVER:15,</msg>
<msg timestamp="20190525 00:13:49.215" level="INFO">${a} = (CESHI)MODEM SYSINFO DONE,RUNTIME:1234,GPSADC:3284,UUID:419430401-2938707109-1519308379-4110425285,CHKSIZE:495288,CHKSUM:,SIM:8614619911775,ICCID:89860918710006540682,BOARDVER:15,</msg>
<status status="PASS" starttime="20190525 00:13:48.915" endtime="20190525 00:13:49.215"></status>
</kw>
<kw name="Get Flag 1" library="Utils">
<doc>:param str1: 串口返回的内容</doc>
<arguments>
<arg>${a}</arg>
<arg>CHKSUM</arg>
<arg>1</arg>
</arguments>
<assign>
<var>${b}</var>
</assign>
<msg timestamp="20190525 00:13:49.218" level="INFO">['(CESHI)MODEM', 'SYSINFO', 'DONE', 'RUNTIME', '1234', 'GPSADC', '3284', 'UUID', '419430401-2938707109-1519308379-4110425285', 'CHKSIZE', '495288', 'CHKSUM', '', 'SIM', '8614619911775', 'ICCID', '89860918710006540682', 'BOARDVER', '15', '']</msg>
<msg timestamp="20190525 00:13:49.219" level="INFO">${b} = </msg>
<status status="PASS" starttime="20190525 00:13:49.216" endtime="20190525 00:13:49.219"></status>
</kw>
<kw name="Exit For Loop If" library="BuiltIn">
<doc>Stops executing the enclosing for loop if the ``condition`` is true.</doc>
<arguments>
<arg>'${chksum}'=='${b}'</arg>
</arguments>
<status status="PASS" starttime="20190525 00:13:49.220" endtime="20190525 00:13:49.222"></status>
</kw>
<kw name="Sleep" library="BuiltIn">
<doc>Pauses the test executed for the given time.</doc>
<arguments>
<arg>1</arg>
</arguments>
<msg timestamp="20190525 00:13:50.224" level="INFO">Slept 1 second</msg>
<status status="PASS" starttime="20190525 00:13:49.223" endtime="20190525 00:13:50.226"></status>
</kw>
<status status="PASS" starttime="20190525 00:13:48.914" endtime="20190525 00:13:50.226"></status>
</kw>
<kw name="${i} = 1" type="foritem">
<kw name="Serial Send" library="SerialLibrary">
<doc>功能:</doc>
<arguments>
<arg>(CESHI)MODEM COM=1;SYSINFO=1;</arg>
<arg>(CESHI)</arg>
</arguments>
<assign>
<var>${a}</var>
</assign>
<msg timestamp="20190525 00:13:50.435" level="INFO">发送串口数据: (CESHI)MODEM COM=1;SYSINFO=1;
应该收到串口数据: (CESHI)
实际接收到的数据:  (CESHI)MODEM SYSINFO DONE,RUNTIME:1235,GPSADC:3283,UUID:419430401-2938707109-1519308379-4110425285,CHKSIZE:495288,CHKSUM:,SIM:8614619911775,ICCID:89860918710006540682,BOARDVER:15,</msg>
<msg timestamp="20190525 00:13:50.436" level="INFO">${a} = (CESHI)MODEM SYSINFO DONE,RUNTIME:1235,GPSADC:3283,UUID:419430401-2938707109-1519308379-4110425285,CHKSIZE:495288,CHKSUM:,SIM:8614619911775,ICCID:89860918710006540682,BOARDVER:15,</msg>
<status status="PASS" starttime="20190525 00:13:50.229" endtime="20190525 00:13:50.436"></status>
</kw>
<kw name="Get Flag 1" library="Utils">
<doc>:param str1: 串口返回的内容</doc>
<arguments>
<arg>${a}</arg>
<arg>CHKSUM</arg>
<arg>1</arg>
</arguments>
<assign>
<var>${b}</var>
</assign>
<msg timestamp="20190525 00:13:50.440" level="INFO">['(CESHI)MODEM', 'SYSINFO', 'DONE', 'RUNTIME', '1235', 'GPSADC', '3283', 'UUID', '419430401-2938707109-1519308379-4110425285', 'CHKSIZE', '495288', 'CHKSUM', '', 'SIM', '8614619911775', 'ICCID', '89860918710006540682', 'BOARDVER', '15', '']</msg>
<msg timestamp="20190525 00:13:50.441" level="INFO">${b} = </msg>
<status status="PASS" starttime="20190525 00:13:50.438" endtime="20190525 00:13:50.441"></status>
</kw>
<kw name="Exit For Loop If" library="BuiltIn">
<doc>Stops executing the enclosing for loop if the ``condition`` is true.</doc>
<arguments>
<arg>'${chksum}'=='${b}'</arg>
</arguments>
<status status="PASS" starttime="20190525 00:13:50.443" endtime="20190525 00:13:50.446"></status>
</kw>
<kw name="Sleep" library="BuiltIn">
<doc>Pauses the test executed for the given time.</doc>
<arguments>
<arg>1</arg>
</arguments>
<msg timestamp="20190525 00:13:51.449" level="INFO">Slept 1 second</msg>
<status status="PASS" starttime="20190525 00:13:50.447" endtime="20190525 00:13:51.450"></status>
</kw>
<status status="PASS" starttime="20190525 00:13:50.227" endtime="20190525 00:13:51.451"></status>
</kw>
<kw name="${i} = 2" type="foritem">
<kw name="Serial Send" library="SerialLibrary">
<doc>功能:</doc>
<arguments>
<arg>(CESHI)MODEM COM=1;SYSINFO=1;</arg>
<arg>(CESHI)</arg>
</arguments>
<assign>
<var>${a}</var>
</assign>
<msg timestamp="20190525 00:13:51.659" level="INFO">发送串口数据: (CESHI)MODEM COM=1;SYSINFO=1;
应该收到串口数据: (CESHI)
实际接收到的数据:  (CESHI)MODEM SYSINFO DONE,RUNTIME:1236,GPSADC:3283,UUID:419430401-2938707109-1519308379-4110425285,CHKSIZE:495288,CHKSUM:,SIM:8614619911775,ICCID:89860918710006540682,BOARDVER:15,</msg>
<msg timestamp="20190525 00:13:51.660" level="INFO">${a} = (CESHI)MODEM SYSINFO DONE,RUNTIME:1236,GPSADC:3283,UUID:419430401-2938707109-1519308379-4110425285,CHKSIZE:495288,CHKSUM:,SIM:8614619911775,ICCID:89860918710006540682,BOARDVER:15,</msg>
<status status="PASS" starttime="20190525 00:13:51.454" endtime="20190525 00:13:51.661"></status>
</kw>
<kw name="Get Flag 1" library="Utils">
<doc>:param str1: 串口返回的内容</doc>
<arguments>
<arg>${a}</arg>
<arg>CHKSUM</arg>
<arg>1</arg>
</arguments>
<assign>
<var>${b}</var>
</assign>
<msg timestamp="20190525 00:13:51.664" level="INFO">['(CESHI)MODEM', 'SYSINFO', 'DONE', 'RUNTIME', '1236', 'GPSADC', '3283', 'UUID', '419430401-2938707109-1519308379-4110425285', 'CHKSIZE', '495288', 'CHKSUM', '', 'SIM', '8614619911775', 'ICCID', '89860918710006540682', 'BOARDVER', '15', '']</msg>
<msg timestamp="20190525 00:13:51.664" level="INFO">${b} = </msg>
<status status="PASS" starttime="20190525 00:13:51.661" endtime="20190525 00:13:51.665"></status>
</kw>
<kw name="Exit For Loop If" library="BuiltIn">
<doc>Stops executing the enclosing for loop if the ``condition`` is true.</doc>
<arguments>
<arg>'${chksum}'=='${b}'</arg>
</arguments>
<status status="PASS" starttime="20190525 00:13:51.665" endtime="20190525 00:13:51.668"></status>
</kw>
<kw name="Sleep" library="BuiltIn">
<doc>Pauses the test executed for the given time.</doc>
<arguments>
<arg>1</arg>
</arguments>
<msg timestamp="20190525 00:13:52.670" level="INFO">Slept 1 second</msg>
<status status="PASS" starttime="20190525 00:13:51.669" endtime="20190525 00:13:52.672"></status>
</kw>
<status status="PASS" starttime="20190525 00:13:51.452" endtime="20190525 00:13:52.672"></status>
</kw>
<kw name="${i} = 3" type="foritem">
<kw name="Serial Send" library="SerialLibrary">
<doc>功能:</doc>
<arguments>
<arg>(CESHI)MODEM COM=1;SYSINFO=1;</arg>
<arg>(CESHI)</arg>
</arguments>
<assign>
<var>${a}</var>
</assign>
<msg timestamp="20190525 00:13:52.881" level="INFO">发送串口数据: (CESHI)MODEM COM=1;SYSINFO=1;
应该收到串口数据: (CESHI)
实际接收到的数据:  (CESHI)MODEM SYSINFO DONE,RUNTIME:1238,GPSADC:3284,UUID:419430401-2938707109-1519308379-4110425285,CHKSIZE:495288,CHKSUM:,SIM:8614619911775,ICCID:89860918710006540682,BOARDVER:15,</msg>
<msg timestamp="20190525 00:13:52.881" level="INFO">${a} = (CESHI)MODEM SYSINFO DONE,RUNTIME:1238,GPSADC:3284,UUID:419430401-2938707109-1519308379-4110425285,CHKSIZE:495288,CHKSUM:,SIM:8614619911775,ICCID:89860918710006540682,BOARDVER:15,</msg>
<status status="PASS" starttime="20190525 00:13:52.675" endtime="20190525 00:13:52.882"></status>
</kw>
<kw name="Get Flag 1" library="Utils">
<doc>:param str1: 串口返回的内容</doc>
<arguments>
<arg>${a}</arg>
<arg>CHKSUM</arg>
<arg>1</arg>
</arguments>
<assign>
<var>${b}</var>
</assign>
<msg timestamp="20190525 00:13:52.885" level="INFO">['(CESHI)MODEM', 'SYSINFO', 'DONE', 'RUNTIME', '1238', 'GPSADC', '3284', 'UUID', '419430401-2938707109-1519308379-4110425285', 'CHKSIZE', '495288', 'CHKSUM', '', 'SIM', '8614619911775', 'ICCID', '89860918710006540682', 'BOARDVER', '15', '']</msg>
<msg timestamp="20190525 00:13:52.885" level="INFO">${b} = </msg>
<status status="PASS" starttime="20190525 00:13:52.883" endtime="20190525 00:13:52.885"></status>
</kw>
<kw name="Exit For Loop If" library="BuiltIn">
<doc>Stops executing the enclosing for loop if the ``condition`` is true.</doc>
<arguments>
<arg>'${chksum}'=='${b}'</arg>
</arguments>
<status status="PASS" starttime="20190525 00:13:52.886" endtime="20190525 00:13:52.888"></status>
</kw>
<kw name="Sleep" library="BuiltIn">
<doc>Pauses the test executed for the given time.</doc>
<arguments>
<arg>1</arg>
</arguments>
<msg timestamp="20190525 00:13:53.890" level="INFO">Slept 1 second</msg>
<status status="PASS" starttime="20190525 00:13:52.889" endtime="20190525 00:13:53.892"></status>
</kw>
<status status="PASS" starttime="20190525 00:13:52.673" endtime="20190525 00:13:53.892"></status>
</kw>
<kw name="${i} = 4" type="foritem">
<kw name="Serial Send" library="SerialLibrary">
<doc>功能:</doc>
<arguments>
<arg>(CESHI)MODEM COM=1;SYSINFO=1;</arg>
<arg>(CESHI)</arg>
</arguments>
<assign>
<var>${a}</var>
</assign>
<msg timestamp="20190525 00:13:54.101" level="INFO">发送串口数据: (CESHI)MODEM COM=1;SYSINFO=1;
应该收到串口数据: (CESHI)
实际接收到的数据:  (CESHI)MODEM SYSINFO DONE,RUNTIME:1239,GPSADC:3283,UUID:419430401-2938707109-1519308379-4110425285,CHKSIZE:495288,CHKSUM:,SIM:8614619911775,ICCID:89860918710006540682,BOARDVER:15,</msg>
<msg timestamp="20190525 00:13:54.102" level="INFO">${a} = (CESHI)MODEM SYSINFO DONE,RUNTIME:1239,GPSADC:3283,UUID:419430401-2938707109-1519308379-4110425285,CHKSIZE:495288,CHKSUM:,SIM:8614619911775,ICCID:89860918710006540682,BOARDVER:15,</msg>
<status status="PASS" starttime="20190525 00:13:53.895" endtime="20190525 00:13:54.102"></status>
</kw>
<kw name="Get Flag 1" library="Utils">
<doc>:param str1: 串口返回的内容</doc>
<arguments>
<arg>${a}</arg>
<arg>CHKSUM</arg>
<arg>1</arg>
</arguments>
<assign>
<var>${b}</var>
</assign>
<msg timestamp="20190525 00:13:54.105" level="INFO">['(CESHI)MODEM', 'SYSINFO', 'DONE', 'RUNTIME', '1239', 'GPSADC', '3283', 'UUID', '419430401-2938707109-1519308379-4110425285', 'CHKSIZE', '495288', 'CHKSUM', '', 'SIM', '8614619911775', 'ICCID', '89860918710006540682', 'BOARDVER', '15', '']</msg>
<msg timestamp="20190525 00:13:54.105" level="INFO">${b} = </msg>
<status status="PASS" starttime="20190525 00:13:54.103" endtime="20190525 00:13:54.105"></status>
</kw>
<kw name="Exit For Loop If" library="BuiltIn">
<doc>Stops executing the enclosing for loop if the ``condition`` is true.</doc>
<arguments>
<arg>'${chksum}'=='${b}'</arg>
</arguments>
<status status="PASS" starttime="20190525 00:13:54.106" endtime="20190525 00:13:54.108"></status>
</kw>
<kw name="Sleep" library="BuiltIn">
<doc>Pauses the test executed for the given time.</doc>
<arguments>
<arg>1</arg>
</arguments>
<msg timestamp="20190525 00:13:55.111" level="INFO">Slept 1 second</msg>
<status status="PASS" starttime="20190525 00:13:54.109" endtime="20190525 00:13:55.112"></status>
</kw>
<status status="PASS" starttime="20190525 00:13:53.893" endtime="20190525 00:13:55.113"></status>
</kw>
<kw name="${i} = 5" type="foritem">
<kw name="Serial Send" library="SerialLibrary">
<doc>功能:</doc>
<arguments>
<arg>(CESHI)MODEM COM=1;SYSINFO=1;</arg>
<arg>(CESHI)</arg>
</arguments>
<assign>
<var>${a}</var>
</assign>
<msg timestamp="20190525 00:13:55.321" level="INFO">发送串口数据: (CESHI)MODEM COM=1;SYSINFO=1;
应该收到串口数据: (CESHI)
实际接收到的数据:  (CESHI)MODEM SYSINFO DONE,RUNTIME:1240,GPSADC:3283,UUID:419430401-2938707109-1519308379-4110425285,CHKSIZE:495288,CHKSUM:,SIM:8614619911775,ICCID:89860918710006540682,BOARDVER:15,</msg>
<msg timestamp="20190525 00:13:55.322" level="INFO">${a} = (CESHI)MODEM SYSINFO DONE,RUNTIME:1240,GPSADC:3283,UUID:419430401-2938707109-1519308379-4110425285,CHKSIZE:495288,CHKSUM:,SIM:8614619911775,ICCID:89860918710006540682,BOARDVER:15,</msg>
<status status="PASS" starttime="20190525 00:13:55.115" endtime="20190525 00:13:55.322"></status>
</kw>
<kw name="Get Flag 1" library="Utils">
<doc>:param str1: 串口返回的内容</doc>
<arguments>
<arg>${a}</arg>
<arg>CHKSUM</arg>
<arg>1</arg>
</arguments>
<assign>
<var>${b}</var>
</assign>
<msg timestamp="20190525 00:13:55.325" level="INFO">['(CESHI)MODEM', 'SYSINFO', 'DONE', 'RUNTIME', '1240', 'GPSADC', '3283', 'UUID', '419430401-2938707109-1519308379-4110425285', 'CHKSIZE', '495288', 'CHKSUM', '', 'SIM', '8614619911775', 'ICCID', '89860918710006540682', 'BOARDVER', '15', '']</msg>
<msg timestamp="20190525 00:13:55.325" level="INFO">${b} = </msg>
<status status="PASS" starttime="20190525 00:13:55.323" endtime="20190525 00:13:55.325"></status>
</kw>
<kw name="Exit For Loop If" library="BuiltIn">
<doc>Stops executing the enclosing for loop if the ``condition`` is true.</doc>
<arguments>
<arg>'${chksum}'=='${b}'</arg>
</arguments>
<status status="PASS" starttime="20190525 00:13:55.326" endtime="20190525 00:13:55.328"></status>
</kw>
<kw name="Sleep" library="BuiltIn">
<doc>Pauses the test executed for the given time.</doc>
<arguments>
<arg>1</arg>
</arguments>
<msg timestamp="20190525 00:13:56.331" level="INFO">Slept 1 second</msg>
<status status="PASS" starttime="20190525 00:13:55.330" endtime="20190525 00:13:56.333"></status>
</kw>
<status status="PASS" starttime="20190525 00:13:55.114" endtime="20190525 00:13:56.333"></status>
</kw>
<kw name="${i} = 6" type="foritem">
<kw name="Serial Send" library="SerialLibrary">
<doc>功能:</doc>
<arguments>
<arg>(CESHI)MODEM COM=1;SYSINFO=1;</arg>
<arg>(CESHI)</arg>
</arguments>
<assign>
<var>${a}</var>
</assign>
<msg timestamp="20190525 00:13:56.542" level="INFO">发送串口数据: (CESHI)MODEM COM=1;SYSINFO=1;
应该收到串口数据: (CESHI)
实际接收到的数据:  (CESHI)MODEM SYSINFO DONE,RUNTIME:1241,GPSADC:3283,UUID:419430401-2938707109-1519308379-4110425285,CHKSIZE:495288,CHKSUM:,SIM:8614619911775,ICCID:89860918710006540682,BOARDVER:15,</msg>
<msg timestamp="20190525 00:13:56.543" level="INFO">${a} = (CESHI)MODEM SYSINFO DONE,RUNTIME:1241,GPSADC:3283,UUID:419430401-2938707109-1519308379-4110425285,CHKSIZE:495288,CHKSUM:,SIM:8614619911775,ICCID:89860918710006540682,BOARDVER:15,</msg>
<status status="PASS" starttime="20190525 00:13:56.336" endtime="20190525 00:13:56.543"></status>
</kw>
<kw name="Get Flag 1" library="Utils">
<doc>:param str1: 串口返回的内容</doc>
<arguments>
<arg>${a}</arg>
<arg>CHKSUM</arg>
<arg>1</arg>
</arguments>
<assign>
<var>${b}</var>
</assign>
<msg timestamp="20190525 00:13:56.545" level="INFO">['(CESHI)MODEM', 'SYSINFO', 'DONE', 'RUNTIME', '1241', 'GPSADC', '3283', 'UUID', '419430401-2938707109-1519308379-4110425285', 'CHKSIZE', '495288', 'CHKSUM', '', 'SIM', '8614619911775', 'ICCID', '89860918710006540682', 'BOARDVER', '15', '']</msg>
<msg timestamp="20190525 00:13:56.546" level="INFO">${b} = </msg>
<status status="PASS" starttime="20190525 00:13:56.544" endtime="20190525 00:13:56.546"></status>
</kw>
<kw name="Exit For Loop If" library="BuiltIn">
<doc>Stops executing the enclosing for loop if the ``condition`` is true.</doc>
<arguments>
<arg>'${chksum}'=='${b}'</arg>
</arguments>
<status status="PASS" starttime="20190525 00:13:56.547" endtime="20190525 00:13:56.550"></status>
</kw>
<kw name="Sleep" library="BuiltIn">
<doc>Pauses the test executed for the given time.</doc>
<arguments>
<arg>1</arg>
</arguments>
<msg timestamp="20190525 00:13:57.553" level="INFO">Slept 1 second</msg>
<status status="PASS" starttime="20190525 00:13:56.551" endtime="20190525 00:13:57.555"></status>
</kw>
<status status="PASS" starttime="20190525 00:13:56.334" endtime="20190525 00:13:57.556"></status>
</kw>
<kw name="${i} = 7" type="foritem">
<kw name="Serial Send" library="SerialLibrary">
<doc>功能:</doc>
<arguments>
<arg>(CESHI)MODEM COM=1;SYSINFO=1;</arg>
<arg>(CESHI)</arg>
</arguments>
<assign>
<var>${a}</var>
</assign>
<msg timestamp="20190525 00:13:57.765" level="INFO">发送串口数据: (CESHI)MODEM COM=1;SYSINFO=1;
应该收到串口数据: (CESHI)
实际接收到的数据:  (CESHI)MODEM SYSINFO DONE,RUNTIME:1243,GPSADC:3283,UUID:419430401-2938707109-1519308379-4110425285,CHKSIZE:495288,CHKSUM:,SIM:8614619911775,ICCID:89860918710006540682,BOARDVER:15,</msg>
<msg timestamp="20190525 00:13:57.766" level="INFO">${a} = (CESHI)MODEM SYSINFO DONE,RUNTIME:1243,GPSADC:3283,UUID:419430401-2938707109-1519308379-4110425285,CHKSIZE:495288,CHKSUM:,SIM:8614619911775,ICCID:89860918710006540682,BOARDVER:15,</msg>
<status status="PASS" starttime="20190525 00:13:57.559" endtime="20190525 00:13:57.766"></status>
</kw>
<kw name="Get Flag 1" library="Utils">
<doc>:param str1: 串口返回的内容</doc>
<arguments>
<arg>${a}</arg>
<arg>CHKSUM</arg>
<arg>1</arg>
</arguments>
<assign>
<var>${b}</var>
</assign>
<msg timestamp="20190525 00:13:57.770" level="INFO">['(CESHI)MODEM', 'SYSINFO', 'DONE', 'RUNTIME', '1243', 'GPSADC', '3283', 'UUID', '419430401-2938707109-1519308379-4110425285', 'CHKSIZE', '495288', 'CHKSUM', '', 'SIM', '8614619911775', 'ICCID', '89860918710006540682', 'BOARDVER', '15', '']</msg>
<msg timestamp="20190525 00:13:57.771" level="INFO">${b} = </msg>
<status status="PASS" starttime="20190525 00:13:57.767" endtime="20190525 00:13:57.771"></status>
</kw>
<kw name="Exit For Loop If" library="BuiltIn">
<doc>Stops executing the enclosing for loop if the ``condition`` is true.</doc>
<arguments>
<arg>'${chksum}'=='${b}'</arg>
</arguments>
<status status="PASS" starttime="20190525 00:13:57.772" endtime="20190525 00:13:57.775"></status>
</kw>
<kw name="Sleep" library="BuiltIn">
<doc>Pauses the test executed for the given time.</doc>
<arguments>
<arg>1</arg>
</arguments>
<msg timestamp="20190525 00:13:58.777" level="INFO">Slept 1 second</msg>
<status status="PASS" starttime="20190525 00:13:57.776" endtime="20190525 00:13:58.779"></status>
</kw>
<status status="PASS" starttime="20190525 00:13:57.557" endtime="20190525 00:13:58.779"></status>
</kw>
<kw name="${i} = 8" type="foritem">
<kw name="Serial Send" library="SerialLibrary">
<doc>功能:</doc>
<arguments>
<arg>(CESHI)MODEM COM=1;SYSINFO=1;</arg>
<arg>(CESHI)</arg>
</arguments>
<assign>
<var>${a}</var>
</assign>
<msg timestamp="20190525 00:13:58.988" level="INFO">发送串口数据: (CESHI)MODEM COM=1;SYSINFO=1;
应该收到串口数据: (CESHI)
实际接收到的数据:  (CESHI)MODEM SYSINFO DONE,RUNTIME:1244,GPSADC:3283,UUID:419430401-2938707109-1519308379-4110425285,CHKSIZE:495288,CHKSUM:,SIM:8614619911775,ICCID:89860918710006540682,BOARDVER:15,</msg>
<msg timestamp="20190525 00:13:58.989" level="INFO">${a} = (CESHI)MODEM SYSINFO DONE,RUNTIME:1244,GPSADC:3283,UUID:419430401-2938707109-1519308379-4110425285,CHKSIZE:495288,CHKSUM:,SIM:8614619911775,ICCID:89860918710006540682,BOARDVER:15,</msg>
<status status="PASS" starttime="20190525 00:13:58.782" endtime="20190525 00:13:58.989"></status>
</kw>
<kw name="Get Flag 1" library="Utils">
<doc>:param str1: 串口返回的内容</doc>
<arguments>
<arg>${a}</arg>
<arg>CHKSUM</arg>
<arg>1</arg>
</arguments>
<assign>
<var>${b}</var>
</assign>
<msg timestamp="20190525 00:13:58.992" level="INFO">['(CESHI)MODEM', 'SYSINFO', 'DONE', 'RUNTIME', '1244', 'GPSADC', '3283', 'UUID', '419430401-2938707109-1519308379-4110425285', 'CHKSIZE', '495288', 'CHKSUM', '', 'SIM', '8614619911775', 'ICCID', '89860918710006540682', 'BOARDVER', '15', '']</msg>
<msg timestamp="20190525 00:13:58.992" level="INFO">${b} = </msg>
<status status="PASS" starttime="20190525 00:13:58.990" endtime="20190525 00:13:58.992"></status>
</kw>
<kw name="Exit For Loop If" library="BuiltIn">
<doc>Stops executing the enclosing for loop if the ``condition`` is true.</doc>
<arguments>
<arg>'${chksum}'=='${b}'</arg>
</arguments>
<status status="PASS" starttime="20190525 00:13:58.994" endtime="20190525 00:13:58.996"></status>
</kw>
<kw name="Sleep" library="BuiltIn">
<doc>Pauses the test executed for the given time.</doc>
<arguments>
<arg>1</arg>
</arguments>
<msg timestamp="20190525 00:14:00.000" level="INFO">Slept 1 second</msg>
<status status="PASS" starttime="20190525 00:13:58.997" endtime="20190525 00:14:00.001"></status>
</kw>
<status status="PASS" starttime="20190525 00:13:58.780" endtime="20190525 00:14:00.002"></status>
</kw>
<kw name="${i} = 9" type="foritem">
<kw name="Serial Send" library="SerialLibrary">
<doc>功能:</doc>
<arguments>
<arg>(CESHI)MODEM COM=1;SYSINFO=1;</arg>
<arg>(CESHI)</arg>
</arguments>
<assign>
<var>${a}</var>
</assign>
<msg timestamp="20190525 00:14:00.210" level="INFO">发送串口数据: (CESHI)MODEM COM=1;SYSINFO=1;
应该收到串口数据: (CESHI)
实际接收到的数据:  (CESHI)MODEM SYSINFO DONE,RUNTIME:1245,GPSADC:3285,UUID:419430401-2938707109-1519308379-4110425285,CHKSIZE:495288,CHKSUM:,SIM:8614619911775,ICCID:89860918710006540682,BOARDVER:15,</msg>
<msg timestamp="20190525 00:14:00.211" level="INFO">${a} = (CESHI)MODEM SYSINFO DONE,RUNTIME:1245,GPSADC:3285,UUID:419430401-2938707109-1519308379-4110425285,CHKSIZE:495288,CHKSUM:,SIM:8614619911775,ICCID:89860918710006540682,BOARDVER:15,</msg>
<status status="PASS" starttime="20190525 00:14:00.004" endtime="20190525 00:14:00.211"></status>
</kw>
<kw name="Get Flag 1" library="Utils">
<doc>:param str1: 串口返回的内容</doc>
<arguments>
<arg>${a}</arg>
<arg>CHKSUM</arg>
<arg>1</arg>
</arguments>
<assign>
<var>${b}</var>
</assign>
<msg timestamp="20190525 00:14:00.213" level="INFO">['(CESHI)MODEM', 'SYSINFO', 'DONE', 'RUNTIME', '1245', 'GPSADC', '3285', 'UUID', '419430401-2938707109-1519308379-4110425285', 'CHKSIZE', '495288', 'CHKSUM', '', 'SIM', '8614619911775', 'ICCID', '89860918710006540682', 'BOARDVER', '15', '']</msg>
<msg timestamp="20190525 00:14:00.214" level="INFO">${b} = </msg>
<status status="PASS" starttime="20190525 00:14:00.212" endtime="20190525 00:14:00.214"></status>
</kw>
<kw name="Exit For Loop If" library="BuiltIn">
<doc>Stops executing the enclosing for loop if the ``condition`` is true.</doc>
<arguments>
<arg>'${chksum}'=='${b}'</arg>
</arguments>
<status status="PASS" starttime="20190525 00:14:00.215" endtime="20190525 00:14:00.218"></status>
</kw>
<kw name="Sleep" library="BuiltIn">
<doc>Pauses the test executed for the given time.</doc>
<arguments>
<arg>1</arg>
</arguments>
<msg timestamp="20190525 00:14:01.220" level="INFO">Slept 1 second</msg>
<status status="PASS" starttime="20190525 00:14:00.219" endtime="20190525 00:14:01.222"></status>
</kw>
<status status="PASS" starttime="20190525 00:14:00.003" endtime="20190525 00:14:01.222"></status>
</kw>
<kw name="${i} = 10" type="foritem">
<kw name="Serial Send" library="SerialLibrary">
<doc>功能:</doc>
<arguments>
<arg>(CESHI)MODEM COM=1;SYSINFO=1;</arg>
<arg>(CESHI)</arg>
</arguments>
<assign>
<var>${a}</var>
</assign>
<msg timestamp="20190525 00:14:01.431" level="INFO">发送串口数据: (CESHI)MODEM COM=1;SYSINFO=1;
应该收到串口数据: (CESHI)
实际接收到的数据:  (CESHI)MODEM SYSINFO DONE,RUNTIME:1246,GPSADC:3290,UUID:419430401-2938707109-1519308379-4110425285,CHKSIZE:495288,CHKSUM:48488858,SIM:8614619911775,ICCID:89860918710006540682,BOARDVER:15,</msg>
<msg timestamp="20190525 00:14:01.432" level="INFO">${a} = (CESHI)MODEM SYSINFO DONE,RUNTIME:1246,GPSADC:3290,UUID:419430401-2938707109-1519308379-4110425285,CHKSIZE:495288,CHKSUM:48488858,SIM:8614619911775,ICCID:89860918710006540682,BOARDVER:15,</msg>
<status status="PASS" starttime="20190525 00:14:01.225" endtime="20190525 00:14:01.432"></status>
</kw>
<kw name="Get Flag 1" library="Utils">
<doc>:param str1: 串口返回的内容</doc>
<arguments>
<arg>${a}</arg>
<arg>CHKSUM</arg>
<arg>1</arg>
</arguments>
<assign>
<var>${b}</var>
</assign>
<msg timestamp="20190525 00:14:01.434" level="INFO">['(CESHI)MODEM', 'SYSINFO', 'DONE', 'RUNTIME', '1246', 'GPSADC', '3290', 'UUID', '419430401-2938707109-1519308379-4110425285', 'CHKSIZE', '495288', 'CHKSUM', '48488858', 'SIM', '8614619911775', 'ICCID', '89860918710006540682', 'BOARDVER', '15', '']</msg>
<msg timestamp="20190525 00:14:01.435" level="INFO">${b} = 48488858</msg>
<status status="PASS" starttime="20190525 00:14:01.433" endtime="20190525 00:14:01.436"></status>
</kw>
<kw name="Exit For Loop If" library="BuiltIn">
<doc>Stops executing the enclosing for loop if the ``condition`` is true.</doc>
<arguments>
<arg>'${chksum}'=='${b}'</arg>
</arguments>
<msg timestamp="20190525 00:14:01.439" level="INFO">Exiting for loop altogether.</msg>
<status status="PASS" starttime="20190525 00:14:01.436" endtime="20190525 00:14:01.440"></status>
</kw>
<status status="PASS" starttime="20190525 00:14:01.223" endtime="20190525 00:14:01.440"></status>
</kw>
<status status="PASS" starttime="20190525 00:13:48.913" endtime="20190525 00:14:01.440"></status>
</kw>
<kw name="Run Keyword If" library="BuiltIn">
<doc>Runs the given keyword with the given arguments, if ``condition`` is true.</doc>
<arguments>
<arg>${i}!=29</arg>
<arg>write_mid_file</arg>
<arg>TS02_代码校验</arg>
<arg>PASS</arg>
<arg>(CESHI)MODEM COM=1;SYSINFO=1;</arg>
<arg>${a}</arg>
</arguments>
<kw name="Write Mid File" library="Utils">
<arguments>
<arg>TS02_代码校验</arg>
<arg>PASS</arg>
<arg>(CESHI)MODEM COM=1;SYSINFO=1;</arg>
<arg>${a}</arg>
</arguments>
<status status="PASS" starttime="20190525 00:14:01.445" endtime="20190525 00:14:01.449"></status>
</kw>
<status status="PASS" starttime="20190525 00:14:01.442" endtime="20190525 00:14:01.449"></status>
</kw>
<kw name="Run Keyword If" library="BuiltIn">
<doc>Runs the given keyword with the given arguments, if ``condition`` is true.</doc>
<arguments>
<arg>${i}==29</arg>
<arg>fail</arg>
<arg>代码校验失败</arg>
</arguments>
<status status="PASS" starttime="20190525 00:14:01.451" endtime="20190525 00:14:01.454"></status>
</kw>
<kw name="Serial Send" library="SerialLibrary">
<doc>功能:</doc>
<arguments>
<arg>IOT+S1+NATIVE=?;</arg>
<arg>IOT</arg>
</arguments>
<assign>
<var>${c}</var>
</assign>
<msg timestamp="20190525 00:14:01.733" level="INFO">发送串口数据: IOT+S1+NATIVE=?;
应该收到串口数据: IOT
实际接收到的数据:  IOT+S1+NATIVE=V1.01,V0.19,V1.02,P23,v11528_8db18225b,hzclz_ev460l,release,none;</msg>
<msg timestamp="20190525 00:14:01.733" level="INFO">${c} = V1.01,V0.19,V1.02,P23,v11528_8db18225b,hzclz_ev460l,release,none</msg>
<status status="PASS" starttime="20190525 00:14:01.455" endtime="20190525 00:14:01.734"></status>
</kw>
<kw name="Belong" library="Utils">
<doc>功能:判断字符串1是否在字符串2里面(成功返回1否则返回0)</doc>
<arguments>
<arg>${c}</arg>
<arg>${branch}</arg>
</arguments>
<assign>
<var>${d}</var>
</assign>
<msg timestamp="20190525 00:14:01.737" level="INFO">${d} = 1</msg>
<status status="PASS" starttime="20190525 00:14:01.735" endtime="20190525 00:14:01.737"></status>
</kw>
<kw name="Run Keyword If" library="BuiltIn">
<doc>Runs the given keyword with the given arguments, if ``condition`` is true.</doc>
<arguments>
<arg>${d}==1</arg>
<arg>write_mid_file</arg>
<arg>TS02_版本校对</arg>
<arg>PASS</arg>
<arg>IOT+S1+NATIVE=?;</arg>
<arg>${c}</arg>
</arguments>
<kw name="Write Mid File" library="Utils">
<arguments>
<arg>TS02_版本校对</arg>
<arg>PASS</arg>
<arg>IOT+S1+NATIVE=?;</arg>
<arg>${c}</arg>
</arguments>
<status status="PASS" starttime="20190525 00:14:01.741" endtime="20190525 00:14:01.743"></status>
</kw>
<status status="PASS" starttime="20190525 00:14:01.738" endtime="20190525 00:14:01.744"></status>
</kw>
<kw name="Run Keyword If" library="BuiltIn">
<doc>Runs the given keyword with the given arguments, if ``condition`` is true.</doc>
<arguments>
<arg>${d}!=1</arg>
<arg>fail</arg>
<arg>版本校对错误</arg>
</arguments>
<status status="PASS" starttime="20190525 00:14:01.745" endtime="20190525 00:14:01.748"></status>
</kw>
<kw name="Run Keyword If Test Failed" library="BuiltIn" type="teardown">
<doc>Runs the given keyword with the given arguments, if the test failed.</doc>
<arguments>
<arg>Fatal Error</arg>
</arguments>
<status status="PASS" starttime="20190525 00:14:01.751" endtime="20190525 00:14:01.752"></status>
</kw>
<status status="PASS" starttime="20190525 00:13:48.632" endtime="20190525 00:14:01.753" critical="yes"></status>
</test>
<test id="s1-t4" name="TS04_BLE蓝牙">
<kw name="Pass Execution If" library="BuiltIn">
<doc>Conditionally skips rest of the current test, setup, or teardown with PASS status.</doc>
<arguments>
<arg>${prduction_TS04}==0</arg>
<arg>此项不测试</arg>
</arguments>
<status status="PASS" starttime="20190525 00:14:01.764" endtime="20190525 00:14:01.766"></status>
</kw>
<kw name="${i} IN RANGE [ 20 ]" type="for">
<kw name="${i} = 0" type="foritem">
<kw name="Serial Send" library="SerialLibrary">
<doc>功能:</doc>
<arguments>
<arg>(CESHI)BLE AT+BTSCACN?</arg>
<arg>(CESHI)BLE</arg>
</arguments>
<assign>
<var>${a}</var>
</assign>
<msg timestamp="20190525 00:14:02.035" level="INFO">发送串口数据: (CESHI)BLE AT+BTSCACN?
应该收到串口数据: (CESHI)BLE
实际接收到的数据:  (CESHI)BLE +BTSCACN:0,0,AC233F2043D0,E2C56DB5DDDD48D2B060D0F5A7117360,16160,17360,-40,-75</msg>
<msg timestamp="20190525 00:14:02.036" level="INFO">${a} = (CESHI)BLE +BTSCACN:0,0,AC233F2043D0,E2C56DB5DDDD48D2B060D0F5A7117360,16160,17360,-40,-75</msg>
<status status="PASS" starttime="20190525 00:14:01.769" endtime="20190525 00:14:02.036"></status>
</kw>
<kw name="Lanya" library="Utils">
<arguments>
<arg>${a}</arg>
</arguments>
<assign>
<var>${b}</var>
</assign>
<msg timestamp="20190525 00:14:02.040" level="INFO">${b} = -75</msg>
<status status="PASS" starttime="20190525 00:14:02.037" endtime="20190525 00:14:02.040"></status>
</kw>
<kw name="Abs" library="Utils">
<doc>取算式的绝对值并且返回</doc>
<arguments>
<arg>${b}</arg>
</arguments>
<assign>
<var>${c}</var>
</assign>
<msg timestamp="20190525 00:14:02.043" level="INFO">${c} = 75</msg>
<status status="PASS" starttime="20190525 00:14:02.041" endtime="20190525 00:14:02.043"></status>
</kw>
<kw name="Get Str 2" library="Utils">
<doc>功能：</doc>
<arguments>
<arg>${a}</arg>
<arg>5</arg>
</arguments>
<assign>
<var>${d}</var>
</assign>
<msg timestamp="20190525 00:14:02.045" level="INFO">${d} = E2C56DB5DDDD48D2B060D0F5A7117360</msg>
<status status="PASS" starttime="20190525 00:14:02.044" endtime="20190525 00:14:02.046"></status>
</kw>
<kw name="Run Keyword And Return Status" library="BuiltIn">
<doc>Runs the given keyword with given arguments and returns the status as a Boolean value.</doc>
<arguments>
<arg>ble_j</arg>
<arg>${d}</arg>
<arg>${BLES}</arg>
<arg>${BLES_1}</arg>
</arguments>
<assign>
<var>${state}</var>
</assign>
<kw name="Ble J" library="Utils">
<arguments>
<arg>${d}</arg>
<arg>${BLES}</arg>
<arg>${BLES_1}</arg>
</arguments>
<status status="PASS" starttime="20190525 00:14:02.049" endtime="20190525 00:14:02.054"></status>
</kw>
<msg timestamp="20190525 00:14:02.055" level="INFO">${state} = True</msg>
<status status="PASS" starttime="20190525 00:14:02.046" endtime="20190525 00:14:02.056"></status>
</kw>
<kw name="Exit For Loop If" library="BuiltIn">
<doc>Stops executing the enclosing for loop if the ``condition`` is true.</doc>
<arguments>
<arg>${c}&lt;${BLE} and ${c}!=0 and ${state}==0</arg>
</arguments>
<status status="PASS" starttime="20190525 00:14:02.058" endtime="20190525 00:14:02.064"></status>
</kw>
<kw name="Sleep" library="BuiltIn">
<doc>Pauses the test executed for the given time.</doc>
<arguments>
<arg>1</arg>
</arguments>
<msg timestamp="20190525 00:14:03.068" level="INFO">Slept 1 second</msg>
<status status="PASS" starttime="20190525 00:14:02.065" endtime="20190525 00:14:03.069"></status>
</kw>
<status status="PASS" starttime="20190525 00:14:01.768" endtime="20190525 00:14:03.070"></status>
</kw>
<kw name="${i} = 1" type="foritem">
<kw name="Serial Send" library="SerialLibrary">
<doc>功能:</doc>
<arguments>
<arg>(CESHI)BLE AT+BTSCACN?</arg>
<arg>(CESHI)BLE</arg>
</arguments>
<assign>
<var>${a}</var>
</assign>
<msg timestamp="20190525 00:14:03.479" level="INFO">发送串口数据: (CESHI)BLE AT+BTSCACN?
应该收到串口数据: (CESHI)BLE
实际接收到的数据:  (CESHI)BLE +BTSCACN:0,0,AC233F2043D0,E2C56DB5DDDD48D2B060D0F5A7117360,16160,17360,-40,-75</msg>
<msg timestamp="20190525 00:14:03.480" level="INFO">${a} = (CESHI)BLE +BTSCACN:0,0,AC233F2043D0,E2C56DB5DDDD48D2B060D0F5A7117360,16160,17360,-40,-75</msg>
<status status="PASS" starttime="20190525 00:14:03.073" endtime="20190525 00:14:03.480"></status>
</kw>
<kw name="Lanya" library="Utils">
<arguments>
<arg>${a}</arg>
</arguments>
<assign>
<var>${b}</var>
</assign>
<msg timestamp="20190525 00:14:03.483" level="INFO">${b} = -75</msg>
<status status="PASS" starttime="20190525 00:14:03.481" endtime="20190525 00:14:03.483"></status>
</kw>
<kw name="Abs" library="Utils">
<doc>取算式的绝对值并且返回</doc>
<arguments>
<arg>${b}</arg>
</arguments>
<assign>
<var>${c}</var>
</assign>
<msg timestamp="20190525 00:14:03.485" level="INFO">${c} = 75</msg>
<status status="PASS" starttime="20190525 00:14:03.484" endtime="20190525 00:14:03.485"></status>
</kw>
<kw name="Get Str 2" library="Utils">
<doc>功能：</doc>
<arguments>
<arg>${a}</arg>
<arg>5</arg>
</arguments>
<assign>
<var>${d}</var>
</assign>
<msg timestamp="20190525 00:14:03.488" level="INFO">${d} = E2C56DB5DDDD48D2B060D0F5A7117360</msg>
<status status="PASS" starttime="20190525 00:14:03.486" endtime="20190525 00:14:03.488"></status>
</kw>
<kw name="Run Keyword And Return Status" library="BuiltIn">
<doc>Runs the given keyword with given arguments and returns the status as a Boolean value.</doc>
<arguments>
<arg>ble_j</arg>
<arg>${d}</arg>
<arg>${BLES}</arg>
<arg>${BLES_1}</arg>
</arguments>
<assign>
<var>${state}</var>
</assign>
<kw name="Ble J" library="Utils">
<arguments>
<arg>${d}</arg>
<arg>${BLES}</arg>
<arg>${BLES_1}</arg>
</arguments>
<status status="PASS" starttime="20190525 00:14:03.491" endtime="20190525 00:14:03.492"></status>
</kw>
<msg timestamp="20190525 00:14:03.493" level="INFO">${state} = True</msg>
<status status="PASS" starttime="20190525 00:14:03.489" endtime="20190525 00:14:03.493"></status>
</kw>
<kw name="Exit For Loop If" library="BuiltIn">
<doc>Stops executing the enclosing for loop if the ``condition`` is true.</doc>
<arguments>
<arg>${c}&lt;${BLE} and ${c}!=0 and ${state}==0</arg>
</arguments>
<status status="PASS" starttime="20190525 00:14:03.494" endtime="20190525 00:14:03.497"></status>
</kw>
<kw name="Sleep" library="BuiltIn">
<doc>Pauses the test executed for the given time.</doc>
<arguments>
<arg>1</arg>
</arguments>
<msg timestamp="20190525 00:14:04.499" level="INFO">Slept 1 second</msg>
<status status="PASS" starttime="20190525 00:14:03.498" endtime="20190525 00:14:04.500"></status>
</kw>
<status status="PASS" starttime="20190525 00:14:03.071" endtime="20190525 00:14:04.501"></status>
</kw>
<kw name="${i} = 2" type="foritem">
<kw name="Serial Send" library="SerialLibrary">
<doc>功能:</doc>
<arguments>
<arg>(CESHI)BLE AT+BTSCACN?</arg>
<arg>(CESHI)BLE</arg>
</arguments>
<assign>
<var>${a}</var>
</assign>
<msg timestamp="20190525 00:14:04.912" level="INFO">发送串口数据: (CESHI)BLE AT+BTSCACN?
应该收到串口数据: (CESHI)BLE
实际接收到的数据:  (CESHI)BLE +BTSCACN:0,0,AC233F2043D0,E2C56DB5DDDD48D2B060D0F5A7117360,16160,17360,-40,-75</msg>
<msg timestamp="20190525 00:14:04.914" level="INFO">${a} = (CESHI)BLE +BTSCACN:0,0,AC233F2043D0,E2C56DB5DDDD48D2B060D0F5A7117360,16160,17360,-40,-75</msg>
<status status="PASS" starttime="20190525 00:14:04.504" endtime="20190525 00:14:04.914"></status>
</kw>
<kw name="Lanya" library="Utils">
<arguments>
<arg>${a}</arg>
</arguments>
<assign>
<var>${b}</var>
</assign>
<msg timestamp="20190525 00:14:04.919" level="INFO">${b} = -75</msg>
<status status="PASS" starttime="20190525 00:14:04.916" endtime="20190525 00:14:04.919"></status>
</kw>
<kw name="Abs" library="Utils">
<doc>取算式的绝对值并且返回</doc>
<arguments>
<arg>${b}</arg>
</arguments>
<assign>
<var>${c}</var>
</assign>
<msg timestamp="20190525 00:14:04.924" level="INFO">${c} = 75</msg>
<status status="PASS" starttime="20190525 00:14:04.921" endtime="20190525 00:14:04.924"></status>
</kw>
<kw name="Get Str 2" library="Utils">
<doc>功能：</doc>
<arguments>
<arg>${a}</arg>
<arg>5</arg>
</arguments>
<assign>
<var>${d}</var>
</assign>
<msg timestamp="20190525 00:14:04.929" level="INFO">${d} = E2C56DB5DDDD48D2B060D0F5A7117360</msg>
<status status="PASS" starttime="20190525 00:14:04.926" endtime="20190525 00:14:04.930"></status>
</kw>
<kw name="Run Keyword And Return Status" library="BuiltIn">
<doc>Runs the given keyword with given arguments and returns the status as a Boolean value.</doc>
<arguments>
<arg>ble_j</arg>
<arg>${d}</arg>
<arg>${BLES}</arg>
<arg>${BLES_1}</arg>
</arguments>
<assign>
<var>${state}</var>
</assign>
<kw name="Ble J" library="Utils">
<arguments>
<arg>${d}</arg>
<arg>${BLES}</arg>
<arg>${BLES_1}</arg>
</arguments>
<status status="PASS" starttime="20190525 00:14:04.935" endtime="20190525 00:14:04.939"></status>
</kw>
<msg timestamp="20190525 00:14:04.940" level="INFO">${state} = True</msg>
<status status="PASS" starttime="20190525 00:14:04.932" endtime="20190525 00:14:04.941"></status>
</kw>
<kw name="Exit For Loop If" library="BuiltIn">
<doc>Stops executing the enclosing for loop if the ``condition`` is true.</doc>
<arguments>
<arg>${c}&lt;${BLE} and ${c}!=0 and ${state}==0</arg>
</arguments>
<status status="PASS" starttime="20190525 00:14:04.942" endtime="20190525 00:14:04.948"></status>
</kw>
<kw name="Sleep" library="BuiltIn">
<doc>Pauses the test executed for the given time.</doc>
<arguments>
<arg>1</arg>
</arguments>
<msg timestamp="20190525 00:14:05.951" level="INFO">Slept 1 second</msg>
<status status="PASS" starttime="20190525 00:14:04.949" endtime="20190525 00:14:05.953"></status>
</kw>
<status status="PASS" starttime="20190525 00:14:04.502" endtime="20190525 00:14:05.953"></status>
</kw>
<kw name="${i} = 3" type="foritem">
<kw name="Serial Send" library="SerialLibrary">
<doc>功能:</doc>
<arguments>
<arg>(CESHI)BLE AT+BTSCACN?</arg>
<arg>(CESHI)BLE</arg>
</arguments>
<assign>
<var>${a}</var>
</assign>
<msg timestamp="20190525 00:14:06.362" level="INFO">发送串口数据: (CESHI)BLE AT+BTSCACN?
应该收到串口数据: (CESHI)BLE
实际接收到的数据:  (CESHI)BLE +BTSCACN:0,0,AC233F2043D0,E2C56DB5DDDD48D2B060D0F5A7117360,16160,17360,-40,-75</msg>
<msg timestamp="20190525 00:14:06.363" level="INFO">${a} = (CESHI)BLE +BTSCACN:0,0,AC233F2043D0,E2C56DB5DDDD48D2B060D0F5A7117360,16160,17360,-40,-75</msg>
<status status="PASS" starttime="20190525 00:14:05.956" endtime="20190525 00:14:06.363"></status>
</kw>
<kw name="Lanya" library="Utils">
<arguments>
<arg>${a}</arg>
</arguments>
<assign>
<var>${b}</var>
</assign>
<msg timestamp="20190525 00:14:06.365" level="INFO">${b} = -75</msg>
<status status="PASS" starttime="20190525 00:14:06.364" endtime="20190525 00:14:06.366"></status>
</kw>
<kw name="Abs" library="Utils">
<doc>取算式的绝对值并且返回</doc>
<arguments>
<arg>${b}</arg>
</arguments>
<assign>
<var>${c}</var>
</assign>
<msg timestamp="20190525 00:14:06.368" level="INFO">${c} = 75</msg>
<status status="PASS" starttime="20190525 00:14:06.366" endtime="20190525 00:14:06.368"></status>
</kw>
<kw name="Get Str 2" library="Utils">
<doc>功能：</doc>
<arguments>
<arg>${a}</arg>
<arg>5</arg>
</arguments>
<assign>
<var>${d}</var>
</assign>
<msg timestamp="20190525 00:14:06.371" level="INFO">${d} = E2C56DB5DDDD48D2B060D0F5A7117360</msg>
<status status="PASS" starttime="20190525 00:14:06.369" endtime="20190525 00:14:06.371"></status>
</kw>
<kw name="Run Keyword And Return Status" library="BuiltIn">
<doc>Runs the given keyword with given arguments and returns the status as a Boolean value.</doc>
<arguments>
<arg>ble_j</arg>
<arg>${d}</arg>
<arg>${BLES}</arg>
<arg>${BLES_1}</arg>
</arguments>
<assign>
<var>${state}</var>
</assign>
<kw name="Ble J" library="Utils">
<arguments>
<arg>${d}</arg>
<arg>${BLES}</arg>
<arg>${BLES_1}</arg>
</arguments>
<status status="PASS" starttime="20190525 00:14:06.374" endtime="20190525 00:14:06.375"></status>
</kw>
<msg timestamp="20190525 00:14:06.376" level="INFO">${state} = True</msg>
<status status="PASS" starttime="20190525 00:14:06.372" endtime="20190525 00:14:06.376"></status>
</kw>
<kw name="Exit For Loop If" library="BuiltIn">
<doc>Stops executing the enclosing for loop if the ``condition`` is true.</doc>
<arguments>
<arg>${c}&lt;${BLE} and ${c}!=0 and ${state}==0</arg>
</arguments>
<status status="PASS" starttime="20190525 00:14:06.377" endtime="20190525 00:14:06.380"></status>
</kw>
<kw name="Sleep" library="BuiltIn">
<doc>Pauses the test executed for the given time.</doc>
<arguments>
<arg>1</arg>
</arguments>
<msg timestamp="20190525 00:14:07.382" level="INFO">Slept 1 second</msg>
<status status="PASS" starttime="20190525 00:14:06.381" endtime="20190525 00:14:07.384"></status>
</kw>
<status status="PASS" starttime="20190525 00:14:05.954" endtime="20190525 00:14:07.384"></status>
</kw>
<kw name="${i} = 4" type="foritem">
<kw name="Serial Send" library="SerialLibrary">
<doc>功能:</doc>
<arguments>
<arg>(CESHI)BLE AT+BTSCACN?</arg>
<arg>(CESHI)BLE</arg>
</arguments>
<assign>
<var>${a}</var>
</assign>
<msg timestamp="20190525 00:14:07.793" level="INFO">发送串口数据: (CESHI)BLE AT+BTSCACN?
应该收到串口数据: (CESHI)BLE
实际接收到的数据:  (CESHI)BLE +BTSCACN:0,0,AC233F2043D0,E2C56DB5DDDD48D2B060D0F5A7117360,16160,17360,-40,-75</msg>
<msg timestamp="20190525 00:14:07.794" level="INFO">${a} = (CESHI)BLE +BTSCACN:0,0,AC233F2043D0,E2C56DB5DDDD48D2B060D0F5A7117360,16160,17360,-40,-75</msg>
<status status="PASS" starttime="20190525 00:14:07.387" endtime="20190525 00:14:07.794"></status>
</kw>
<kw name="Lanya" library="Utils">
<arguments>
<arg>${a}</arg>
</arguments>
<assign>
<var>${b}</var>
</assign>
<msg timestamp="20190525 00:14:07.796" level="INFO">${b} = -75</msg>
<status status="PASS" starttime="20190525 00:14:07.795" endtime="20190525 00:14:07.797"></status>
</kw>
<kw name="Abs" library="Utils">
<doc>取算式的绝对值并且返回</doc>
<arguments>
<arg>${b}</arg>
</arguments>
<assign>
<var>${c}</var>
</assign>
<msg timestamp="20190525 00:14:07.799" level="INFO">${c} = 75</msg>
<status status="PASS" starttime="20190525 00:14:07.797" endtime="20190525 00:14:07.799"></status>
</kw>
<kw name="Get Str 2" library="Utils">
<doc>功能：</doc>
<arguments>
<arg>${a}</arg>
<arg>5</arg>
</arguments>
<assign>
<var>${d}</var>
</assign>
<msg timestamp="20190525 00:14:07.802" level="INFO">${d} = E2C56DB5DDDD48D2B060D0F5A7117360</msg>
<status status="PASS" starttime="20190525 00:14:07.800" endtime="20190525 00:14:07.802"></status>
</kw>
<kw name="Run Keyword And Return Status" library="BuiltIn">
<doc>Runs the given keyword with given arguments and returns the status as a Boolean value.</doc>
<arguments>
<arg>ble_j</arg>
<arg>${d}</arg>
<arg>${BLES}</arg>
<arg>${BLES_1}</arg>
</arguments>
<assign>
<var>${state}</var>
</assign>
<kw name="Ble J" library="Utils">
<arguments>
<arg>${d}</arg>
<arg>${BLES}</arg>
<arg>${BLES_1}</arg>
</arguments>
<status status="PASS" starttime="20190525 00:14:07.804" endtime="20190525 00:14:07.806"></status>
</kw>
<msg timestamp="20190525 00:14:07.807" level="INFO">${state} = True</msg>
<status status="PASS" starttime="20190525 00:14:07.803" endtime="20190525 00:14:07.807"></status>
</kw>
<kw name="Exit For Loop If" library="BuiltIn">
<doc>Stops executing the enclosing for loop if the ``condition`` is true.</doc>
<arguments>
<arg>${c}&lt;${BLE} and ${c}!=0 and ${state}==0</arg>
</arguments>
<status status="PASS" starttime="20190525 00:14:07.808" endtime="20190525 00:14:07.811"></status>
</kw>
<kw name="Sleep" library="BuiltIn">
<doc>Pauses the test executed for the given time.</doc>
<arguments>
<arg>1</arg>
</arguments>
<msg timestamp="20190525 00:14:08.813" level="INFO">Slept 1 second</msg>
<status status="PASS" starttime="20190525 00:14:07.811" endtime="20190525 00:14:08.814"></status>
</kw>
<status status="PASS" starttime="20190525 00:14:07.385" endtime="20190525 00:14:08.815"></status>
</kw>
<kw name="${i} = 5" type="foritem">
<kw name="Serial Send" library="SerialLibrary">
<doc>功能:</doc>
<arguments>
<arg>(CESHI)BLE AT+BTSCACN?</arg>
<arg>(CESHI)BLE</arg>
</arguments>
<assign>
<var>${a}</var>
</assign>
<msg timestamp="20190525 00:14:09.023" level="INFO">发送串口数据: (CESHI)BLE AT+BTSCACN?
应该收到串口数据: (CESHI)BLE
实际接收到的数据:  (CESHI)BLE +BTSCACN:0,0,AC233F2043D0,E2C56DB5DDDD48D2B060D0F5A7117360,16160,17360,-40,-75</msg>
<msg timestamp="20190525 00:14:09.024" level="INFO">${a} = (CESHI)BLE +BTSCACN:0,0,AC233F2043D0,E2C56DB5DDDD48D2B060D0F5A7117360,16160,17360,-40,-75</msg>
<status status="PASS" starttime="20190525 00:14:08.817" endtime="20190525 00:14:09.024"></status>
</kw>
<kw name="Lanya" library="Utils">
<arguments>
<arg>${a}</arg>
</arguments>
<assign>
<var>${b}</var>
</assign>
<msg timestamp="20190525 00:14:09.028" level="INFO">${b} = -75</msg>
<status status="PASS" starttime="20190525 00:14:09.026" endtime="20190525 00:14:09.028"></status>
</kw>
<kw name="Abs" library="Utils">
<doc>取算式的绝对值并且返回</doc>
<arguments>
<arg>${b}</arg>
</arguments>
<assign>
<var>${c}</var>
</assign>
<msg timestamp="20190525 00:14:09.030" level="INFO">${c} = 75</msg>
<status status="PASS" starttime="20190525 00:14:09.029" endtime="20190525 00:14:09.030"></status>
</kw>
<kw name="Get Str 2" library="Utils">
<doc>功能：</doc>
<arguments>
<arg>${a}</arg>
<arg>5</arg>
</arguments>
<assign>
<var>${d}</var>
</assign>
<msg timestamp="20190525 00:14:09.033" level="INFO">${d} = E2C56DB5DDDD48D2B060D0F5A7117360</msg>
<status status="PASS" starttime="20190525 00:14:09.031" endtime="20190525 00:14:09.033"></status>
</kw>
<kw name="Run Keyword And Return Status" library="BuiltIn">
<doc>Runs the given keyword with given arguments and returns the status as a Boolean value.</doc>
<arguments>
<arg>ble_j</arg>
<arg>${d}</arg>
<arg>${BLES}</arg>
<arg>${BLES_1}</arg>
</arguments>
<assign>
<var>${state}</var>
</assign>
<kw name="Ble J" library="Utils">
<arguments>
<arg>${d}</arg>
<arg>${BLES}</arg>
<arg>${BLES_1}</arg>
</arguments>
<status status="PASS" starttime="20190525 00:14:09.037" endtime="20190525 00:14:09.039"></status>
</kw>
<msg timestamp="20190525 00:14:09.040" level="INFO">${state} = True</msg>
<status status="PASS" starttime="20190525 00:14:09.034" endtime="20190525 00:14:09.040"></status>
</kw>
<kw name="Exit For Loop If" library="BuiltIn">
<doc>Stops executing the enclosing for loop if the ``condition`` is true.</doc>
<arguments>
<arg>${c}&lt;${BLE} and ${c}!=0 and ${state}==0</arg>
</arguments>
<status status="PASS" starttime="20190525 00:14:09.041" endtime="20190525 00:14:09.044"></status>
</kw>
<kw name="Sleep" library="BuiltIn">
<doc>Pauses the test executed for the given time.</doc>
<arguments>
<arg>1</arg>
</arguments>
<msg timestamp="20190525 00:14:10.046" level="INFO">Slept 1 second</msg>
<status status="PASS" starttime="20190525 00:14:09.044" endtime="20190525 00:14:10.047"></status>
</kw>
<status status="PASS" starttime="20190525 00:14:08.816" endtime="20190525 00:14:10.048"></status>
</kw>
<kw name="${i} = 6" type="foritem">
<kw name="Serial Send" library="SerialLibrary">
<doc>功能:</doc>
<arguments>
<arg>(CESHI)BLE AT+BTSCACN?</arg>
<arg>(CESHI)BLE</arg>
</arguments>
<assign>
<var>${a}</var>
</assign>
<msg timestamp="20190525 00:14:10.456" level="INFO">发送串口数据: (CESHI)BLE AT+BTSCACN?
应该收到串口数据: (CESHI)BLE
实际接收到的数据:  (CESHI)BLE +BTSCACN:0,0,AC233F2043D0,E2C56DB5DDDD48D2B060D0F5A7117360,16160,17360,-40,-75</msg>
<msg timestamp="20190525 00:14:10.457" level="INFO">${a} = (CESHI)BLE +BTSCACN:0,0,AC233F2043D0,E2C56DB5DDDD48D2B060D0F5A7117360,16160,17360,-40,-75</msg>
<status status="PASS" starttime="20190525 00:14:10.050" endtime="20190525 00:14:10.458"></status>
</kw>
<kw name="Lanya" library="Utils">
<arguments>
<arg>${a}</arg>
</arguments>
<assign>
<var>${b}</var>
</assign>
<msg timestamp="20190525 00:14:10.460" level="INFO">${b} = -75</msg>
<status status="PASS" starttime="20190525 00:14:10.458" endtime="20190525 00:14:10.460"></status>
</kw>
<kw name="Abs" library="Utils">
<doc>取算式的绝对值并且返回</doc>
<arguments>
<arg>${b}</arg>
</arguments>
<assign>
<var>${c}</var>
</assign>
<msg timestamp="20190525 00:14:10.463" level="INFO">${c} = 75</msg>
<status status="PASS" starttime="20190525 00:14:10.461" endtime="20190525 00:14:10.463"></status>
</kw>
<kw name="Get Str 2" library="Utils">
<doc>功能：</doc>
<arguments>
<arg>${a}</arg>
<arg>5</arg>
</arguments>
<assign>
<var>${d}</var>
</assign>
<msg timestamp="20190525 00:14:10.466" level="INFO">${d} = E2C56DB5DDDD48D2B060D0F5A7117360</msg>
<status status="PASS" starttime="20190525 00:14:10.464" endtime="20190525 00:14:10.466"></status>
</kw>
<kw name="Run Keyword And Return Status" library="BuiltIn">
<doc>Runs the given keyword with given arguments and returns the status as a Boolean value.</doc>
<arguments>
<arg>ble_j</arg>
<arg>${d}</arg>
<arg>${BLES}</arg>
<arg>${BLES_1}</arg>
</arguments>
<assign>
<var>${state}</var>
</assign>
<kw name="Ble J" library="Utils">
<arguments>
<arg>${d}</arg>
<arg>${BLES}</arg>
<arg>${BLES_1}</arg>
</arguments>
<status status="PASS" starttime="20190525 00:14:10.469" endtime="20190525 00:14:10.470"></status>
</kw>
<msg timestamp="20190525 00:14:10.471" level="INFO">${state} = True</msg>
<status status="PASS" starttime="20190525 00:14:10.467" endtime="20190525 00:14:10.471"></status>
</kw>
<kw name="Exit For Loop If" library="BuiltIn">
<doc>Stops executing the enclosing for loop if the ``condition`` is true.</doc>
<arguments>
<arg>${c}&lt;${BLE} and ${c}!=0 and ${state}==0</arg>
</arguments>
<status status="PASS" starttime="20190525 00:14:10.472" endtime="20190525 00:14:10.475"></status>
</kw>
<kw name="Sleep" library="BuiltIn">
<doc>Pauses the test executed for the given time.</doc>
<arguments>
<arg>1</arg>
</arguments>
<msg timestamp="20190525 00:14:11.477" level="INFO">Slept 1 second</msg>
<status status="PASS" starttime="20190525 00:14:10.476" endtime="20190525 00:14:11.479"></status>
</kw>
<status status="PASS" starttime="20190525 00:14:10.049" endtime="20190525 00:14:11.479"></status>
</kw>
<kw name="${i} = 7" type="foritem">
<kw name="Serial Send" library="SerialLibrary">
<doc>功能:</doc>
<arguments>
<arg>(CESHI)BLE AT+BTSCACN?</arg>
<arg>(CESHI)BLE</arg>
</arguments>
<assign>
<var>${a}</var>
</assign>
<msg timestamp="20190525 00:14:11.887" level="INFO">发送串口数据: (CESHI)BLE AT+BTSCACN?
应该收到串口数据: (CESHI)BLE
实际接收到的数据:  (CESHI)BLE +BTSCACN:0,0,AC233F2043D0,E2C56DB5DDDD48D2B060D0F5A7117360,16160,17360,-40,-75</msg>
<msg timestamp="20190525 00:14:11.888" level="INFO">${a} = (CESHI)BLE +BTSCACN:0,0,AC233F2043D0,E2C56DB5DDDD48D2B060D0F5A7117360,16160,17360,-40,-75</msg>
<status status="PASS" starttime="20190525 00:14:11.482" endtime="20190525 00:14:11.889"></status>
</kw>
<kw name="Lanya" library="Utils">
<arguments>
<arg>${a}</arg>
</arguments>
<assign>
<var>${b}</var>
</assign>
<msg timestamp="20190525 00:14:11.891" level="INFO">${b} = -75</msg>
<status status="PASS" starttime="20190525 00:14:11.889" endtime="20190525 00:14:11.891"></status>
</kw>
<kw name="Abs" library="Utils">
<doc>取算式的绝对值并且返回</doc>
<arguments>
<arg>${b}</arg>
</arguments>
<assign>
<var>${c}</var>
</assign>
<msg timestamp="20190525 00:14:11.894" level="INFO">${c} = 75</msg>
<status status="PASS" starttime="20190525 00:14:11.892" endtime="20190525 00:14:11.894"></status>
</kw>
<kw name="Get Str 2" library="Utils">
<doc>功能：</doc>
<arguments>
<arg>${a}</arg>
<arg>5</arg>
</arguments>
<assign>
<var>${d}</var>
</assign>
<msg timestamp="20190525 00:14:11.896" level="INFO">${d} = E2C56DB5DDDD48D2B060D0F5A7117360</msg>
<status status="PASS" starttime="20190525 00:14:11.895" endtime="20190525 00:14:11.897"></status>
</kw>
<kw name="Run Keyword And Return Status" library="BuiltIn">
<doc>Runs the given keyword with given arguments and returns the status as a Boolean value.</doc>
<arguments>
<arg>ble_j</arg>
<arg>${d}</arg>
<arg>${BLES}</arg>
<arg>${BLES_1}</arg>
</arguments>
<assign>
<var>${state}</var>
</assign>
<kw name="Ble J" library="Utils">
<arguments>
<arg>${d}</arg>
<arg>${BLES}</arg>
<arg>${BLES_1}</arg>
</arguments>
<status status="PASS" starttime="20190525 00:14:11.899" endtime="20190525 00:14:11.901"></status>
</kw>
<msg timestamp="20190525 00:14:11.901" level="INFO">${state} = True</msg>
<status status="PASS" starttime="20190525 00:14:11.898" endtime="20190525 00:14:11.902"></status>
</kw>
<kw name="Exit For Loop If" library="BuiltIn">
<doc>Stops executing the enclosing for loop if the ``condition`` is true.</doc>
<arguments>
<arg>${c}&lt;${BLE} and ${c}!=0 and ${state}==0</arg>
</arguments>
<status status="PASS" starttime="20190525 00:14:11.902" endtime="20190525 00:14:11.905"></status>
</kw>
<kw name="Sleep" library="BuiltIn">
<doc>Pauses the test executed for the given time.</doc>
<arguments>
<arg>1</arg>
</arguments>
<msg timestamp="20190525 00:14:12.908" level="INFO">Slept 1 second</msg>
<status status="PASS" starttime="20190525 00:14:11.906" endtime="20190525 00:14:12.909"></status>
</kw>
<status status="PASS" starttime="20190525 00:14:11.480" endtime="20190525 00:14:12.910"></status>
</kw>
<kw name="${i} = 8" type="foritem">
<kw name="Serial Send" library="SerialLibrary">
<doc>功能:</doc>
<arguments>
<arg>(CESHI)BLE AT+BTSCACN?</arg>
<arg>(CESHI)BLE</arg>
</arguments>
<assign>
<var>${a}</var>
</assign>
<msg timestamp="20190525 00:14:13.329" level="INFO">发送串口数据: (CESHI)BLE AT+BTSCACN?
应该收到串口数据: (CESHI)BLE
实际接收到的数据:  (CESHI)BLE +BTSCACN:0,0,AC233F2043D0,E2C56DB5DDDD48D2B060D0F5A7117360,16160,17360,-40,-75</msg>
<msg timestamp="20190525 00:14:13.330" level="INFO">${a} = (CESHI)BLE +BTSCACN:0,0,AC233F2043D0,E2C56DB5DDDD48D2B060D0F5A7117360,16160,17360,-40,-75</msg>
<status status="PASS" starttime="20190525 00:14:12.913" endtime="20190525 00:14:13.331"></status>
</kw>
<kw name="Lanya" library="Utils">
<arguments>
<arg>${a}</arg>
</arguments>
<assign>
<var>${b}</var>
</assign>
<msg timestamp="20190525 00:14:13.333" level="INFO">${b} = -75</msg>
<status status="PASS" starttime="20190525 00:14:13.331" endtime="20190525 00:14:13.333"></status>
</kw>
<kw name="Abs" library="Utils">
<doc>取算式的绝对值并且返回</doc>
<arguments>
<arg>${b}</arg>
</arguments>
<assign>
<var>${c}</var>
</assign>
<msg timestamp="20190525 00:14:13.335" level="INFO">${c} = 75</msg>
<status status="PASS" starttime="20190525 00:14:13.334" endtime="20190525 00:14:13.336"></status>
</kw>
<kw name="Get Str 2" library="Utils">
<doc>功能：</doc>
<arguments>
<arg>${a}</arg>
<arg>5</arg>
</arguments>
<assign>
<var>${d}</var>
</assign>
<msg timestamp="20190525 00:14:13.338" level="INFO">${d} = E2C56DB5DDDD48D2B060D0F5A7117360</msg>
<status status="PASS" starttime="20190525 00:14:13.337" endtime="20190525 00:14:13.339"></status>
</kw>
<kw name="Run Keyword And Return Status" library="BuiltIn">
<doc>Runs the given keyword with given arguments and returns the status as a Boolean value.</doc>
<arguments>
<arg>ble_j</arg>
<arg>${d}</arg>
<arg>${BLES}</arg>
<arg>${BLES_1}</arg>
</arguments>
<assign>
<var>${state}</var>
</assign>
<kw name="Ble J" library="Utils">
<arguments>
<arg>${d}</arg>
<arg>${BLES}</arg>
<arg>${BLES_1}</arg>
</arguments>
<status status="PASS" starttime="20190525 00:14:13.341" endtime="20190525 00:14:13.343"></status>
</kw>
<msg timestamp="20190525 00:14:13.343" level="INFO">${state} = True</msg>
<status status="PASS" starttime="20190525 00:14:13.339" endtime="20190525 00:14:13.344"></status>
</kw>
<kw name="Exit For Loop If" library="BuiltIn">
<doc>Stops executing the enclosing for loop if the ``condition`` is true.</doc>
<arguments>
<arg>${c}&lt;${BLE} and ${c}!=0 and ${state}==0</arg>
</arguments>
<status status="PASS" starttime="20190525 00:14:13.344" endtime="20190525 00:14:13.347"></status>
</kw>
<kw name="Sleep" library="BuiltIn">
<doc>Pauses the test executed for the given time.</doc>
<arguments>
<arg>1</arg>
</arguments>
<msg timestamp="20190525 00:14:14.349" level="INFO">Slept 1 second</msg>
<status status="PASS" starttime="20190525 00:14:13.348" endtime="20190525 00:14:14.351"></status>
</kw>
<status status="PASS" starttime="20190525 00:14:12.911" endtime="20190525 00:14:14.351"></status>
</kw>
<kw name="${i} = 9" type="foritem">
<kw name="Serial Send" library="SerialLibrary">
<doc>功能:</doc>
<arguments>
<arg>(CESHI)BLE AT+BTSCACN?</arg>
<arg>(CESHI)BLE</arg>
</arguments>
<assign>
<var>${a}</var>
</assign>
<msg timestamp="20190525 00:14:14.759" level="INFO">发送串口数据: (CESHI)BLE AT+BTSCACN?
应该收到串口数据: (CESHI)BLE
实际接收到的数据:  (CESHI)BLE +BTSCACN:0,0,AC233F2043D0,E2C56DB5DDDD48D2B060D0F5A7117360,16160,17360,-40,-75</msg>
<msg timestamp="20190525 00:14:14.760" level="INFO">${a} = (CESHI)BLE +BTSCACN:0,0,AC233F2043D0,E2C56DB5DDDD48D2B060D0F5A7117360,16160,17360,-40,-75</msg>
<status status="PASS" starttime="20190525 00:14:14.354" endtime="20190525 00:14:14.761"></status>
</kw>
<kw name="Lanya" library="Utils">
<arguments>
<arg>${a}</arg>
</arguments>
<assign>
<var>${b}</var>
</assign>
<msg timestamp="20190525 00:14:14.763" level="INFO">${b} = -75</msg>
<status status="PASS" starttime="20190525 00:14:14.761" endtime="20190525 00:14:14.764"></status>
</kw>
<kw name="Abs" library="Utils">
<doc>取算式的绝对值并且返回</doc>
<arguments>
<arg>${b}</arg>
</arguments>
<assign>
<var>${c}</var>
</assign>
<msg timestamp="20190525 00:14:14.767" level="INFO">${c} = 75</msg>
<status status="PASS" starttime="20190525 00:14:14.765" endtime="20190525 00:14:14.767"></status>
</kw>
<kw name="Get Str 2" library="Utils">
<doc>功能：</doc>
<arguments>
<arg>${a}</arg>
<arg>5</arg>
</arguments>
<assign>
<var>${d}</var>
</assign>
<msg timestamp="20190525 00:14:14.771" level="INFO">${d} = E2C56DB5DDDD48D2B060D0F5A7117360</msg>
<status status="PASS" starttime="20190525 00:14:14.768" endtime="20190525 00:14:14.771"></status>
</kw>
<kw name="Run Keyword And Return Status" library="BuiltIn">
<doc>Runs the given keyword with given arguments and returns the status as a Boolean value.</doc>
<arguments>
<arg>ble_j</arg>
<arg>${d}</arg>
<arg>${BLES}</arg>
<arg>${BLES_1}</arg>
</arguments>
<assign>
<var>${state}</var>
</assign>
<kw name="Ble J" library="Utils">
<arguments>
<arg>${d}</arg>
<arg>${BLES}</arg>
<arg>${BLES_1}</arg>
</arguments>
<status status="PASS" starttime="20190525 00:14:14.773" endtime="20190525 00:14:14.775"></status>
</kw>
<msg timestamp="20190525 00:14:14.776" level="INFO">${state} = True</msg>
<status status="PASS" starttime="20190525 00:14:14.772" endtime="20190525 00:14:14.776"></status>
</kw>
<kw name="Exit For Loop If" library="BuiltIn">
<doc>Stops executing the enclosing for loop if the ``condition`` is true.</doc>
<arguments>
<arg>${c}&lt;${BLE} and ${c}!=0 and ${state}==0</arg>
</arguments>
<status status="PASS" starttime="20190525 00:14:14.777" endtime="20190525 00:14:14.779"></status>
</kw>
<kw name="Sleep" library="BuiltIn">
<doc>Pauses the test executed for the given time.</doc>
<arguments>
<arg>1</arg>
</arguments>
<msg timestamp="20190525 00:14:15.781" level="INFO">Slept 1 second</msg>
<status status="PASS" starttime="20190525 00:14:14.780" endtime="20190525 00:14:15.783"></status>
</kw>
<status status="PASS" starttime="20190525 00:14:14.352" endtime="20190525 00:14:15.783"></status>
</kw>
<kw name="${i} = 10" type="foritem">
<kw name="Serial Send" library="SerialLibrary">
<doc>功能:</doc>
<arguments>
<arg>(CESHI)BLE AT+BTSCACN?</arg>
<arg>(CESHI)BLE</arg>
</arguments>
<assign>
<var>${a}</var>
</assign>
<msg timestamp="20190525 00:14:16.192" level="INFO">发送串口数据: (CESHI)BLE AT+BTSCACN?
应该收到串口数据: (CESHI)BLE
实际接收到的数据:  (CESHI)BLE +BTSCACN:0,0,AC233F2043D0,E2C56DB5DDDD48D2B060D0F5A7117360,16160,17360,-40,-75</msg>
<msg timestamp="20190525 00:14:16.193" level="INFO">${a} = (CESHI)BLE +BTSCACN:0,0,AC233F2043D0,E2C56DB5DDDD48D2B060D0F5A7117360,16160,17360,-40,-75</msg>
<status status="PASS" starttime="20190525 00:14:15.786" endtime="20190525 00:14:16.193"></status>
</kw>
<kw name="Lanya" library="Utils">
<arguments>
<arg>${a}</arg>
</arguments>
<assign>
<var>${b}</var>
</assign>
<msg timestamp="20190525 00:14:16.195" level="INFO">${b} = -75</msg>
<status status="PASS" starttime="20190525 00:14:16.194" endtime="20190525 00:14:16.195"></status>
</kw>
<kw name="Abs" library="Utils">
<doc>取算式的绝对值并且返回</doc>
<arguments>
<arg>${b}</arg>
</arguments>
<assign>
<var>${c}</var>
</assign>
<msg timestamp="20190525 00:14:16.198" level="INFO">${c} = 75</msg>
<status status="PASS" starttime="20190525 00:14:16.196" endtime="20190525 00:14:16.198"></status>
</kw>
<kw name="Get Str 2" library="Utils">
<doc>功能：</doc>
<arguments>
<arg>${a}</arg>
<arg>5</arg>
</arguments>
<assign>
<var>${d}</var>
</assign>
<msg timestamp="20190525 00:14:16.201" level="INFO">${d} = E2C56DB5DDDD48D2B060D0F5A7117360</msg>
<status status="PASS" starttime="20190525 00:14:16.199" endtime="20190525 00:14:16.201"></status>
</kw>
<kw name="Run Keyword And Return Status" library="BuiltIn">
<doc>Runs the given keyword with given arguments and returns the status as a Boolean value.</doc>
<arguments>
<arg>ble_j</arg>
<arg>${d}</arg>
<arg>${BLES}</arg>
<arg>${BLES_1}</arg>
</arguments>
<assign>
<var>${state}</var>
</assign>
<kw name="Ble J" library="Utils">
<arguments>
<arg>${d}</arg>
<arg>${BLES}</arg>
<arg>${BLES_1}</arg>
</arguments>
<status status="PASS" starttime="20190525 00:14:16.204" endtime="20190525 00:14:16.205"></status>
</kw>
<msg timestamp="20190525 00:14:16.206" level="INFO">${state} = True</msg>
<status status="PASS" starttime="20190525 00:14:16.202" endtime="20190525 00:14:16.206"></status>
</kw>
<kw name="Exit For Loop If" library="BuiltIn">
<doc>Stops executing the enclosing for loop if the ``condition`` is true.</doc>
<arguments>
<arg>${c}&lt;${BLE} and ${c}!=0 and ${state}==0</arg>
</arguments>
<status status="PASS" starttime="20190525 00:14:16.207" endtime="20190525 00:14:16.209"></status>
</kw>
<kw name="Sleep" library="BuiltIn">
<doc>Pauses the test executed for the given time.</doc>
<arguments>
<arg>1</arg>
</arguments>
<msg timestamp="20190525 00:14:17.212" level="INFO">Slept 1 second</msg>
<status status="PASS" starttime="20190525 00:14:16.210" endtime="20190525 00:14:17.213"></status>
</kw>
<status status="PASS" starttime="20190525 00:14:15.784" endtime="20190525 00:14:17.213"></status>
</kw>
<kw name="${i} = 11" type="foritem">
<kw name="Serial Send" library="SerialLibrary">
<doc>功能:</doc>
<arguments>
<arg>(CESHI)BLE AT+BTSCACN?</arg>
<arg>(CESHI)BLE</arg>
</arguments>
<assign>
<var>${a}</var>
</assign>
<msg timestamp="20190525 00:14:17.625" level="INFO">发送串口数据: (CESHI)BLE AT+BTSCACN?
应该收到串口数据: (CESHI)BLE
实际接收到的数据:  (CESHI)BLE +BTSCACN:0,0,AC233F2043D0,E2C56DB5DDDD48D2B060D0F5A7117360,16160,17360,-40,-75</msg>
<msg timestamp="20190525 00:14:17.626" level="INFO">${a} = (CESHI)BLE +BTSCACN:0,0,AC233F2043D0,E2C56DB5DDDD48D2B060D0F5A7117360,16160,17360,-40,-75</msg>
<status status="PASS" starttime="20190525 00:14:17.216" endtime="20190525 00:14:17.626"></status>
</kw>
<kw name="Lanya" library="Utils">
<arguments>
<arg>${a}</arg>
</arguments>
<assign>
<var>${b}</var>
</assign>
<msg timestamp="20190525 00:14:17.628" level="INFO">${b} = -75</msg>
<status status="PASS" starttime="20190525 00:14:17.627" endtime="20190525 00:14:17.629"></status>
</kw>
<kw name="Abs" library="Utils">
<doc>取算式的绝对值并且返回</doc>
<arguments>
<arg>${b}</arg>
</arguments>
<assign>
<var>${c}</var>
</assign>
<msg timestamp="20190525 00:14:17.631" level="INFO">${c} = 75</msg>
<status status="PASS" starttime="20190525 00:14:17.629" endtime="20190525 00:14:17.631"></status>
</kw>
<kw name="Get Str 2" library="Utils">
<doc>功能：</doc>
<arguments>
<arg>${a}</arg>
<arg>5</arg>
</arguments>
<assign>
<var>${d}</var>
</assign>
<msg timestamp="20190525 00:14:17.634" level="INFO">${d} = E2C56DB5DDDD48D2B060D0F5A7117360</msg>
<status status="PASS" starttime="20190525 00:14:17.632" endtime="20190525 00:14:17.634"></status>
</kw>
<kw name="Run Keyword And Return Status" library="BuiltIn">
<doc>Runs the given keyword with given arguments and returns the status as a Boolean value.</doc>
<arguments>
<arg>ble_j</arg>
<arg>${d}</arg>
<arg>${BLES}</arg>
<arg>${BLES_1}</arg>
</arguments>
<assign>
<var>${state}</var>
</assign>
<kw name="Ble J" library="Utils">
<arguments>
<arg>${d}</arg>
<arg>${BLES}</arg>
<arg>${BLES_1}</arg>
</arguments>
<status status="PASS" starttime="20190525 00:14:17.636" endtime="20190525 00:14:17.638"></status>
</kw>
<msg timestamp="20190525 00:14:17.639" level="INFO">${state} = True</msg>
<status status="PASS" starttime="20190525 00:14:17.635" endtime="20190525 00:14:17.639"></status>
</kw>
<kw name="Exit For Loop If" library="BuiltIn">
<doc>Stops executing the enclosing for loop if the ``condition`` is true.</doc>
<arguments>
<arg>${c}&lt;${BLE} and ${c}!=0 and ${state}==0</arg>
</arguments>
<status status="PASS" starttime="20190525 00:14:17.640" endtime="20190525 00:14:17.643"></status>
</kw>
<kw name="Sleep" library="BuiltIn">
<doc>Pauses the test executed for the given time.</doc>
<arguments>
<arg>1</arg>
</arguments>
<msg timestamp="20190525 00:14:18.645" level="INFO">Slept 1 second</msg>
<status status="PASS" starttime="20190525 00:14:17.644" endtime="20190525 00:14:18.647"></status>
</kw>
<status status="PASS" starttime="20190525 00:14:17.214" endtime="20190525 00:14:18.647"></status>
</kw>
<kw name="${i} = 12" type="foritem">
<kw name="Serial Send" library="SerialLibrary">
<doc>功能:</doc>
<arguments>
<arg>(CESHI)BLE AT+BTSCACN?</arg>
<arg>(CESHI)BLE</arg>
</arguments>
<assign>
<var>${a}</var>
</assign>
<msg timestamp="20190525 00:14:19.057" level="INFO">发送串口数据: (CESHI)BLE AT+BTSCACN?
应该收到串口数据: (CESHI)BLE
实际接收到的数据:  (CESHI)BLE +BTSCACN:0,0,AC233F2043D0,E2C56DB5DDDD48D2B060D0F5A7117360,16160,17360,-40,-75</msg>
<msg timestamp="20190525 00:14:19.058" level="INFO">${a} = (CESHI)BLE +BTSCACN:0,0,AC233F2043D0,E2C56DB5DDDD48D2B060D0F5A7117360,16160,17360,-40,-75</msg>
<status status="PASS" starttime="20190525 00:14:18.651" endtime="20190525 00:14:19.058"></status>
</kw>
<kw name="Lanya" library="Utils">
<arguments>
<arg>${a}</arg>
</arguments>
<assign>
<var>${b}</var>
</assign>
<msg timestamp="20190525 00:14:19.061" level="INFO">${b} = -75</msg>
<status status="PASS" starttime="20190525 00:14:19.059" endtime="20190525 00:14:19.061"></status>
</kw>
<kw name="Abs" library="Utils">
<doc>取算式的绝对值并且返回</doc>
<arguments>
<arg>${b}</arg>
</arguments>
<assign>
<var>${c}</var>
</assign>
<msg timestamp="20190525 00:14:19.063" level="INFO">${c} = 75</msg>
<status status="PASS" starttime="20190525 00:14:19.062" endtime="20190525 00:14:19.064"></status>
</kw>
<kw name="Get Str 2" library="Utils">
<doc>功能：</doc>
<arguments>
<arg>${a}</arg>
<arg>5</arg>
</arguments>
<assign>
<var>${d}</var>
</assign>
<msg timestamp="20190525 00:14:19.066" level="INFO">${d} = E2C56DB5DDDD48D2B060D0F5A7117360</msg>
<status status="PASS" starttime="20190525 00:14:19.064" endtime="20190525 00:14:19.066"></status>
</kw>
<kw name="Run Keyword And Return Status" library="BuiltIn">
<doc>Runs the given keyword with given arguments and returns the status as a Boolean value.</doc>
<arguments>
<arg>ble_j</arg>
<arg>${d}</arg>
<arg>${BLES}</arg>
<arg>${BLES_1}</arg>
</arguments>
<assign>
<var>${state}</var>
</assign>
<kw name="Ble J" library="Utils">
<arguments>
<arg>${d}</arg>
<arg>${BLES}</arg>
<arg>${BLES_1}</arg>
</arguments>
<status status="PASS" starttime="20190525 00:14:19.069" endtime="20190525 00:14:19.071"></status>
</kw>
<msg timestamp="20190525 00:14:19.071" level="INFO">${state} = True</msg>
<status status="PASS" starttime="20190525 00:14:19.067" endtime="20190525 00:14:19.071"></status>
</kw>
<kw name="Exit For Loop If" library="BuiltIn">
<doc>Stops executing the enclosing for loop if the ``condition`` is true.</doc>
<arguments>
<arg>${c}&lt;${BLE} and ${c}!=0 and ${state}==0</arg>
</arguments>
<status status="PASS" starttime="20190525 00:14:19.072" endtime="20190525 00:14:19.075"></status>
</kw>
<kw name="Sleep" library="BuiltIn">
<doc>Pauses the test executed for the given time.</doc>
<arguments>
<arg>1</arg>
</arguments>
<msg timestamp="20190525 00:14:20.078" level="INFO">Slept 1 second</msg>
<status status="PASS" starttime="20190525 00:14:19.076" endtime="20190525 00:14:20.080"></status>
</kw>
<status status="PASS" starttime="20190525 00:14:18.648" endtime="20190525 00:14:20.080"></status>
</kw>
<kw name="${i} = 13" type="foritem">
<kw name="Serial Send" library="SerialLibrary">
<doc>功能:</doc>
<arguments>
<arg>(CESHI)BLE AT+BTSCACN?</arg>
<arg>(CESHI)BLE</arg>
</arguments>
<assign>
<var>${a}</var>
</assign>
<msg timestamp="20190525 00:14:20.489" level="INFO">发送串口数据: (CESHI)BLE AT+BTSCACN?
应该收到串口数据: (CESHI)BLE
实际接收到的数据:  (CESHI)BLE +BTSCACN:0,0,AC233F2043D0,E2C56DB5DDDD48D2B060D0F5A7117360,16160,17360,-40,-75</msg>
<msg timestamp="20190525 00:14:20.490" level="INFO">${a} = (CESHI)BLE +BTSCACN:0,0,AC233F2043D0,E2C56DB5DDDD48D2B060D0F5A7117360,16160,17360,-40,-75</msg>
<status status="PASS" starttime="20190525 00:14:20.083" endtime="20190525 00:14:20.490"></status>
</kw>
<kw name="Lanya" library="Utils">
<arguments>
<arg>${a}</arg>
</arguments>
<assign>
<var>${b}</var>
</assign>
<msg timestamp="20190525 00:14:20.497" level="INFO">${b} = -75</msg>
<status status="PASS" starttime="20190525 00:14:20.491" endtime="20190525 00:14:20.497"></status>
</kw>
<kw name="Abs" library="Utils">
<doc>取算式的绝对值并且返回</doc>
<arguments>
<arg>${b}</arg>
</arguments>
<assign>
<var>${c}</var>
</assign>
<msg timestamp="20190525 00:14:20.500" level="INFO">${c} = 75</msg>
<status status="PASS" starttime="20190525 00:14:20.498" endtime="20190525 00:14:20.500"></status>
</kw>
<kw name="Get Str 2" library="Utils">
<doc>功能：</doc>
<arguments>
<arg>${a}</arg>
<arg>5</arg>
</arguments>
<assign>
<var>${d}</var>
</assign>
<msg timestamp="20190525 00:14:20.502" level="INFO">${d} = E2C56DB5DDDD48D2B060D0F5A7117360</msg>
<status status="PASS" starttime="20190525 00:14:20.501" endtime="20190525 00:14:20.503"></status>
</kw>
<kw name="Run Keyword And Return Status" library="BuiltIn">
<doc>Runs the given keyword with given arguments and returns the status as a Boolean value.</doc>
<arguments>
<arg>ble_j</arg>
<arg>${d}</arg>
<arg>${BLES}</arg>
<arg>${BLES_1}</arg>
</arguments>
<assign>
<var>${state}</var>
</assign>
<kw name="Ble J" library="Utils">
<arguments>
<arg>${d}</arg>
<arg>${BLES}</arg>
<arg>${BLES_1}</arg>
</arguments>
<status status="PASS" starttime="20190525 00:14:20.505" endtime="20190525 00:14:20.507"></status>
</kw>
<msg timestamp="20190525 00:14:20.508" level="INFO">${state} = True</msg>
<status status="PASS" starttime="20190525 00:14:20.503" endtime="20190525 00:14:20.508"></status>
</kw>
<kw name="Exit For Loop If" library="BuiltIn">
<doc>Stops executing the enclosing for loop if the ``condition`` is true.</doc>
<arguments>
<arg>${c}&lt;${BLE} and ${c}!=0 and ${state}==0</arg>
</arguments>
<status status="PASS" starttime="20190525 00:14:20.509" endtime="20190525 00:14:20.512"></status>
</kw>
<kw name="Sleep" library="BuiltIn">
<doc>Pauses the test executed for the given time.</doc>
<arguments>
<arg>1</arg>
</arguments>
<msg timestamp="20190525 00:14:21.515" level="INFO">Slept 1 second</msg>
<status status="PASS" starttime="20190525 00:14:20.513" endtime="20190525 00:14:21.515"></status>
</kw>
<status status="PASS" starttime="20190525 00:14:20.081" endtime="20190525 00:14:21.516"></status>
</kw>
<kw name="${i} = 14" type="foritem">
<kw name="Serial Send" library="SerialLibrary">
<doc>功能:</doc>
<arguments>
<arg>(CESHI)BLE AT+BTSCACN?</arg>
<arg>(CESHI)BLE</arg>
</arguments>
<assign>
<var>${a}</var>
</assign>
<msg timestamp="20190525 00:14:21.721" level="INFO">发送串口数据: (CESHI)BLE AT+BTSCACN?
应该收到串口数据: (CESHI)BLE
实际接收到的数据:  (CESHI)BLE +BTSCACN:0,0,AC233F2043D0,E2C56DB5DDDD48D2B060D0F5A7117360,16160,17360,-40,-75</msg>
<msg timestamp="20190525 00:14:21.721" level="INFO">${a} = (CESHI)BLE +BTSCACN:0,0,AC233F2043D0,E2C56DB5DDDD48D2B060D0F5A7117360,16160,17360,-40,-75</msg>
<status status="PASS" starttime="20190525 00:14:21.517" endtime="20190525 00:14:21.722"></status>
</kw>
<kw name="Lanya" library="Utils">
<arguments>
<arg>${a}</arg>
</arguments>
<assign>
<var>${b}</var>
</assign>
<msg timestamp="20190525 00:14:21.724" level="INFO">${b} = -75</msg>
<status status="PASS" starttime="20190525 00:14:21.722" endtime="20190525 00:14:21.724"></status>
</kw>
<kw name="Abs" library="Utils">
[...]
</kw>
<kw name="Sleep" library="BuiltIn">
<doc>Pauses the test executed for the given time.</doc>
<arguments>
<arg>1</arg>
</arguments>
<msg timestamp="20190525 00:14:22.745" level="INFO">Slept 1 second</msg>
<status status="PASS" starttime="20190525 00:14:21.740" endtime="20190525 00:14:22.746"></status>
</kw>
<status status="PASS" starttime="20190525 00:14:21.516" endtime="20190525 00:14:22.747"></status>
</kw>
<kw name="${i} = 15" type="foritem">
<kw name="Serial Send" library="SerialLibrary">
<doc>功能:</doc>
<arguments>
<arg>(CESHI)BLE AT+BTSCACN?</arg>
<arg>(CESHI)BLE</arg>
</arguments>
<assign>
<var>${a}</var>
</assign>
<msg timestamp="20190525 00:14:23.154" level="INFO">发送串口数据: (CESHI)BLE AT+BTSCACN?
应该收到串口数据: (CESHI)BLE
实际接收到的数据:  (CESHI)BLE +BTSCACN:0,0,AC233F2043D0,E2C56DB5DDDD48D2B060D0F5A7117360,16160,17360,-40,-75</msg>
<msg timestamp="20190525 00:14:23.155" level="INFO">${a} = (CESHI)BLE +BTSCACN:0,0,AC233F2043D0,E2C56DB5DDDD48D2B060D0F5A7117360,16160,17360,-40,-75</msg>
<status status="PASS" starttime="20190525 00:14:22.749" endtime="20190525 00:14:23.155"></status>
</kw>
<kw name="Lanya" library="Utils">
<arguments>
<arg>${a}</arg>
</arguments>
<assign>
<var>${b}</var>
</assign>
<msg timestamp="20190525 00:14:23.158" level="INFO">${b} = -75</msg>
<status status="PASS" starttime="20190525 00:14:23.156" endtime="20190525 00:14:23.159"></status>
</kw>
<kw name="Abs" library="Utils">
<doc>取算式的绝对值并且返回</doc>
<arguments>
<arg>${b}</arg>
</arguments>
<assign>
<var>${c}</var>
</assign>
<msg timestamp="20190525 00:14:23.162" level="INFO">${c} = 75</msg>
<status status="PASS" starttime="20190525 00:14:23.160" endtime="20190525 00:14:23.162"></status>
</kw>
<kw name="Get Str 2" library="Utils">
<doc>功能：</doc>
<arguments>
<arg>${a}</arg>
<arg>5</arg>
</arguments>
<assign>
<var>${d}</var>
</assign>
<msg timestamp="20190525 00:14:23.164" level="INFO">${d} = E2C56DB5DDDD48D2B060D0F5A7117360</msg>
<status status="PASS" starttime="20190525 00:14:23.163" endtime="20190525 00:14:23.165"></status>
</kw>
<kw name="Run Keyword And Return Status" library="BuiltIn">
<doc>Runs the given keyword with given arguments and returns the status as a Boolean value.</doc>
<arguments>
<arg>ble_j</arg>
<arg>${d}</arg>
<arg>${BLES}</arg>
<arg>${BLES_1}</arg>
</arguments>
<assign>
<var>${state}</var>
</assign>
<kw name="Ble J" library="Utils">
<arguments>
<arg>${d}</arg>
<arg>${BLES}</arg>
<arg>${BLES_1}</arg>
</arguments>
<status status="PASS" starttime="20190525 00:14:23.167" endtime="20190525 00:14:23.169"></status>
</kw>
<msg timestamp="20190525 00:14:23.170" level="INFO">${state} = True</msg>
<status status="PASS" starttime="20190525 00:14:23.166" endtime="20190525 00:14:23.170"></status>
</kw>
<kw name="Exit For Loop If" library="BuiltIn">
<doc>Stops executing the enclosing for loop if the ``condition`` is true.</doc>
<arguments>
<arg>${c}&lt;${BLE} and ${c}!=0 and ${state}==0</arg>
</arguments>
<status status="PASS" starttime="20190525 00:14:23.171" endtime="20190525 00:14:23.173"></status>
</kw>
<kw name="Sleep" library="BuiltIn">
<doc>Pauses the test executed for the given time.</doc>
<arguments>
<arg>1</arg>
</arguments>
<msg timestamp="20190525 00:14:24.176" level="INFO">Slept 1 second</msg>
<status status="PASS" starttime="20190525 00:14:23.174" endtime="20190525 00:14:24.177"></status>
</kw>
<status status="PASS" starttime="20190525 00:14:22.748" endtime="20190525 00:14:24.178"></status>
</kw>
<kw name="${i} = 16" type="foritem">
<kw name="Serial Send" library="SerialLibrary">
<doc>功能:</doc>
<arguments>
<arg>(CESHI)BLE AT+BTSCACN?</arg>
<arg>(CESHI)BLE</arg>
</arguments>
<assign>
<var>${a}</var>
</assign>
<msg timestamp="20190525 00:14:24.588" level="INFO">发送串口数据: (CESHI)BLE AT+BTSCACN?
应该收到串口数据: (CESHI)BLE
实际接收到的数据:  (CESHI)BLE +BTSCACN:0,0,AC233F2043D0,E2C56DB5DDDD48D2B060D0F5A7117360,16160,17360,-40,-75</msg>
<msg timestamp="20190525 00:14:24.589" level="INFO">${a} = (CESHI)BLE +BTSCACN:0,0,AC233F2043D0,E2C56DB5DDDD48D2B060D0F5A7117360,16160,17360,-40,-75</msg>
<status status="PASS" starttime="20190525 00:14:24.181" endtime="20190525 00:14:24.589"></status>
</kw>
<kw name="Lanya" library="Utils">
<arguments>
<arg>${a}</arg>
</arguments>
<assign>
<var>${b}</var>
</assign>
<msg timestamp="20190525 00:14:24.591" level="INFO">${b} = -75</msg>
<status status="PASS" starttime="20190525 00:14:24.590" endtime="20190525 00:14:24.592"></status>
</kw>
<kw name="Abs" library="Utils">
<doc>取算式的绝对值并且返回</doc>
<arguments>
<arg>${b}</arg>
</arguments>
<assign>
<var>${c}</var>
</assign>
<msg timestamp="20190525 00:14:24.594" level="INFO">${c} = 75</msg>
<status status="PASS" starttime="20190525 00:14:24.592" endtime="20190525 00:14:24.594"></status>
</kw>
<kw name="Get Str 2" library="Utils">
<doc>功能：</doc>
<arguments>
<arg>${a}</arg>
<arg>5</arg>
</arguments>
<assign>
<var>${d}</var>
</assign>
<msg timestamp="20190525 00:14:24.597" level="INFO">${d} = E2C56DB5DDDD48D2B060D0F5A7117360</msg>
<status status="PASS" starttime="20190525 00:14:24.595" endtime="20190525 00:14:24.597"></status>
</kw>
<kw name="Run Keyword And Return Status" library="BuiltIn">
<doc>Runs the given keyword with given arguments and returns the status as a Boolean value.</doc>
<arguments>
<arg>ble_j</arg>
<arg>${d}</arg>
<arg>${BLES}</arg>
<arg>${BLES_1}</arg>
</arguments>
<assign>
<var>${state}</var>
</assign>
<kw name="Ble J" library="Utils">
<arguments>
<arg>${d}</arg>
<arg>${BLES}</arg>
<arg>${BLES_1}</arg>
</arguments>
<status status="PASS" starttime="20190525 00:14:24.600" endtime="20190525 00:14:24.601"></status>
</kw>
<msg timestamp="20190525 00:14:24.602" level="INFO">${state} = True</msg>
<status status="PASS" starttime="20190525 00:14:24.598" endtime="20190525 00:14:24.602"></status>
</kw>
<kw name="Exit For Loop If" library="BuiltIn">
<doc>Stops executing the enclosing for loop if the ``condition`` is true.</doc>
<arguments>
<arg>${c}&lt;${BLE} and ${c}!=0 and ${state}==0</arg>
</arguments>
<status status="PASS" starttime="20190525 00:14:24.603" endtime="20190525 00:14:24.606"></status>
</kw>
<kw name="Sleep" library="BuiltIn">
<doc>Pauses the test executed for the given time.</doc>
<arguments>
<arg>1</arg>
</arguments>
<msg timestamp="20190525 00:14:25.608" level="INFO">Slept 1 second</msg>
<status status="PASS" starttime="20190525 00:14:24.607" endtime="20190525 00:14:25.611"></status>
</kw>
<status status="PASS" starttime="20190525 00:14:24.180" endtime="20190525 00:14:25.612"></status>
</kw>
<kw name="${i} = 17" type="foritem">
<kw name="Serial Send" library="SerialLibrary">
<doc>功能:</doc>
<arguments>
<arg>(CESHI)BLE AT+BTSCACN?</arg>
<arg>(CESHI)BLE</arg>
</arguments>
<assign>
<var>${a}</var>
</assign>
<msg timestamp="20190525 00:14:26.036" level="INFO">发送串口数据: (CESHI)BLE AT+BTSCACN?
应该收到串口数据: (CESHI)BLE
实际接收到的数据:  (CESHI)BLE +BTSCACN:0,0,AC233F2043D0,E2C56DB5DDDD48D2B060D0F5A7117360,16160,17360,-40,-75</msg>
<msg timestamp="20190525 00:14:26.038" level="INFO">${a} = (CESHI)BLE +BTSCACN:0,0,AC233F2043D0,E2C56DB5DDDD48D2B060D0F5A7117360,16160,17360,-40,-75</msg>
<status status="PASS" starttime="20190525 00:14:25.630" endtime="20190525 00:14:26.039"></status>
</kw>
<kw name="Lanya" library="Utils">
<arguments>
<arg>${a}</arg>
</arguments>
<assign>
<var>${b}</var>
</assign>
<msg timestamp="20190525 00:14:26.043" level="INFO">${b} = -75</msg>
<status status="PASS" starttime="20190525 00:14:26.040" endtime="20190525 00:14:26.044"></status>
</kw>
<kw name="Abs" library="Utils">
<doc>取算式的绝对值并且返回</doc>
<arguments>
<arg>${b}</arg>
</arguments>
<assign>
<var>${c}</var>
</assign>
<msg timestamp="20190525 00:14:26.050" level="INFO">${c} = 75</msg>
<status status="PASS" starttime="20190525 00:14:26.046" endtime="20190525 00:14:26.051"></status>
</kw>
<kw name="Get Str 2" library="Utils">
<doc>功能：</doc>
<arguments>
<arg>${a}</arg>
<arg>5</arg>
</arguments>
<assign>
<var>${d}</var>
</assign>
<msg timestamp="20190525 00:14:26.056" level="INFO">${d} = E2C56DB5DDDD48D2B060D0F5A7117360</msg>
<status status="PASS" starttime="20190525 00:14:26.052" endtime="20190525 00:14:26.057"></status>
</kw>
<kw name="Run Keyword And Return Status" library="BuiltIn">
<doc>Runs the given keyword with given arguments and returns the status as a Boolean value.</doc>
<arguments>
<arg>ble_j</arg>
<arg>${d}</arg>
<arg>${BLES}</arg>
<arg>${BLES_1}</arg>
</arguments>
<assign>
<var>${state}</var>
</assign>
<kw name="Ble J" library="Utils">
<arguments>
<arg>${d}</arg>
<arg>${BLES}</arg>
<arg>${BLES_1}</arg>
</arguments>
<status status="PASS" starttime="20190525 00:14:26.062" endtime="20190525 00:14:26.065"></status>
</kw>
<msg timestamp="20190525 00:14:26.067" level="INFO">${state} = True</msg>
<status status="PASS" starttime="20190525 00:14:26.059" endtime="20190525 00:14:26.067"></status>
</kw>
<kw name="Exit For Loop If" library="BuiltIn">
<doc>Stops executing the enclosing for loop if the ``condition`` is true.</doc>
<arguments>
<arg>${c}&lt;${BLE} and ${c}!=0 and ${state}==0</arg>
</arguments>
<status status="PASS" starttime="20190525 00:14:26.069" endtime="20190525 00:14:26.074"></status>
</kw>
<kw name="Sleep" library="BuiltIn">
<doc>Pauses the test executed for the given time.</doc>
<arguments>
<arg>1</arg>
</arguments>
<msg timestamp="20190525 00:14:27.078" level="INFO">Slept 1 second</msg>
<status status="PASS" starttime="20190525 00:14:26.076" endtime="20190525 00:14:27.079"></status>
</kw>
<status status="PASS" starttime="20190525 00:14:25.613" endtime="20190525 00:14:27.079"></status>
</kw>
<kw name="${i} = 18" type="foritem">
<kw name="Serial Send" library="SerialLibrary">
<doc>功能:</doc>
<arguments>
<arg>(CESHI)BLE AT+BTSCACN?</arg>
<arg>(CESHI)BLE</arg>
</arguments>
<assign>
<var>${a}</var>
</assign>
<msg timestamp="20190525 00:14:27.484" level="INFO">发送串口数据: (CESHI)BLE AT+BTSCACN?
应该收到串口数据: (CESHI)BLE
实际接收到的数据:  (CESHI)BLE +BTSCACN:0,0,AC233F2043D0,E2C56DB5DDDD48D2B060D0F5A7117360,16160,17360,-40,-75</msg>
<msg timestamp="20190525 00:14:27.485" level="INFO">${a} = (CESHI)BLE +BTSCACN:0,0,AC233F2043D0,E2C56DB5DDDD48D2B060D0F5A7117360,16160,17360,-40,-75</msg>
<status status="PASS" starttime="20190525 00:14:27.080" endtime="20190525 00:14:27.485"></status>
</kw>
<kw name="Lanya" library="Utils">
<arguments>
<arg>${a}</arg>
</arguments>
<assign>
<var>${b}</var>
</assign>
<msg timestamp="20190525 00:14:27.488" level="INFO">${b} = -75</msg>
<status status="PASS" starttime="20190525 00:14:27.486" endtime="20190525 00:14:27.488"></status>
</kw>
<kw name="Abs" library="Utils">
<doc>取算式的绝对值并且返回</doc>
<arguments>
<arg>${b}</arg>
</arguments>
<assign>
<var>${c}</var>
</assign>
<msg timestamp="20190525 00:14:27.490" level="INFO">${c} = 75</msg>
<status status="PASS" starttime="20190525 00:14:27.489" endtime="20190525 00:14:27.490"></status>
</kw>
<kw name="Get Str 2" library="Utils">
<doc>功能：</doc>
<arguments>
<arg>${a}</arg>
<arg>5</arg>
</arguments>
<assign>
<var>${d}</var>
</assign>
<msg timestamp="20190525 00:14:27.493" level="INFO">${d} = E2C56DB5DDDD48D2B060D0F5A7117360</msg>
<status status="PASS" starttime="20190525 00:14:27.491" endtime="20190525 00:14:27.493"></status>
</kw>
<kw name="Run Keyword And Return Status" library="BuiltIn">
<doc>Runs the given keyword with given arguments and returns the status as a Boolean value.</doc>
<arguments>
<arg>ble_j</arg>
<arg>${d}</arg>
<arg>${BLES}</arg>
<arg>${BLES_1}</arg>
</arguments>
<assign>
<var>${state}</var>
</assign>
<kw name="Ble J" library="Utils">
<arguments>
<arg>${d}</arg>
<arg>${BLES}</arg>
<arg>${BLES_1}</arg>
</arguments>
<status status="PASS" starttime="20190525 00:14:27.495" endtime="20190525 00:14:27.497"></status>
</kw>
<msg timestamp="20190525 00:14:27.497" level="INFO">${state} = True</msg>
<status status="PASS" starttime="20190525 00:14:27.494" endtime="20190525 00:14:27.498"></status>
</kw>
<kw name="Exit For Loop If" library="BuiltIn">
<doc>Stops executing the enclosing for loop if the ``condition`` is true.</doc>
<arguments>
<arg>${c}&lt;${BLE} and ${c}!=0 and ${state}==0</arg>
</arguments>
<status status="PASS" starttime="20190525 00:14:27.498" endtime="20190525 00:14:27.501"></status>
</kw>
<kw name="Sleep" library="BuiltIn">
<doc>Pauses the test executed for the given time.</doc>
<arguments>
<arg>1</arg>
</arguments>
<msg timestamp="20190525 00:14:28.503" level="INFO">Slept 1 second</msg>
<status status="PASS" starttime="20190525 00:14:27.502" endtime="20190525 00:14:28.504"></status>
</kw>
<status status="PASS" starttime="20190525 00:14:27.079" endtime="20190525 00:14:28.505"></status>
</kw>
<kw name="${i} = 19" type="foritem">
<kw name="Serial Send" library="SerialLibrary">
<doc>功能:</doc>
<arguments>
<arg>(CESHI)BLE AT+BTSCACN?</arg>
<arg>(CESHI)BLE</arg>
</arguments>
<assign>
<var>${a}</var>
</assign>
<msg timestamp="20190525 00:14:28.914" level="INFO">发送串口数据: (CESHI)BLE AT+BTSCACN?
应该收到串口数据: (CESHI)BLE
实际接收到的数据:  (CESHI)BLE +BTSCACN:0,0,AC233F2043D0,E2C56DB5DDDD48D2B060D0F5A7117360,16160,17360,-40,-75</msg>
<msg timestamp="20190525 00:14:28.914" level="INFO">${a} = (CESHI)BLE +BTSCACN:0,0,AC233F2043D0,E2C56DB5DDDD48D2B060D0F5A7117360,16160,17360,-40,-75</msg>
<status status="PASS" starttime="20190525 00:14:28.507" endtime="20190525 00:14:28.915"></status>
</kw>
<kw name="Lanya" library="Utils">
<arguments>
<arg>${a}</arg>
</arguments>
<assign>
<var>${b}</var>
</assign>
<msg timestamp="20190525 00:14:28.917" level="INFO">${b} = -75</msg>
<status status="PASS" starttime="20190525 00:14:28.915" endtime="20190525 00:14:28.917"></status>
</kw>
<kw name="Abs" library="Utils">
<doc>取算式的绝对值并且返回</doc>
<arguments>
<arg>${b}</arg>
</arguments>
<assign>
<var>${c}</var>
</assign>
<msg timestamp="20190525 00:14:28.919" level="INFO">${c} = 75</msg>
<status status="PASS" starttime="20190525 00:14:28.918" endtime="20190525 00:14:28.920"></status>
</kw>
<kw name="Get Str 2" library="Utils">
<doc>功能：</doc>
<arguments>
<arg>${a}</arg>
<arg>5</arg>
</arguments>
<assign>
<var>${d}</var>
</assign>
<msg timestamp="20190525 00:14:28.922" level="INFO">${d} = E2C56DB5DDDD48D2B060D0F5A7117360</msg>
<status status="PASS" starttime="20190525 00:14:28.920" endtime="20190525 00:14:28.922"></status>
</kw>
<kw name="Run Keyword And Return Status" library="BuiltIn">
<doc>Runs the given keyword with given arguments and returns the status as a Boolean value.</doc>
<arguments>
<arg>ble_j</arg>
<arg>${d}</arg>
<arg>${BLES}</arg>
<arg>${BLES_1}</arg>
</arguments>
<assign>
<var>${state}</var>
</assign>
<kw name="Ble J" library="Utils">
<arguments>
<arg>${d}</arg>
<arg>${BLES}</arg>
<arg>${BLES_1}</arg>
</arguments>
<status status="PASS" starttime="20190525 00:14:28.925" endtime="20190525 00:14:28.927"></status>
</kw>
<msg timestamp="20190525 00:14:28.927" level="INFO">${state} = True</msg>
<status status="PASS" starttime="20190525 00:14:28.923" endtime="20190525 00:14:28.928"></status>
</kw>
<kw name="Exit For Loop If" library="BuiltIn">
<doc>Stops executing the enclosing for loop if the ``condition`` is true.</doc>
<arguments>
<arg>${c}&lt;${BLE} and ${c}!=0 and ${state}==0</arg>
</arguments>
<status status="PASS" starttime="20190525 00:14:28.928" endtime="20190525 00:14:28.931"></status>
</kw>
<kw name="Sleep" library="BuiltIn">
<doc>Pauses the test executed for the given time.</doc>
<arguments>
<arg>1</arg>
</arguments>
<msg timestamp="20190525 00:14:29.933" level="INFO">Slept 1 second</msg>
<status status="PASS" starttime="20190525 00:14:28.932" endtime="20190525 00:14:29.935"></status>
</kw>
<status status="PASS" starttime="20190525 00:14:28.506" endtime="20190525 00:14:29.935"></status>
</kw>
<status status="PASS" starttime="20190525 00:14:01.767" endtime="20190525 00:14:29.936"></status>
</kw>
<kw name="Run Keyword If" library="BuiltIn">
<doc>Runs the given keyword with the given arguments, if ``condition`` is true.</doc>
<arguments>
<arg>${i}!=19</arg>
<arg>write_mid_file</arg>
<arg>TS04_BLE蓝牙</arg>
<arg>PASS</arg>
<arg>(CESHI)BLE AT+BTSCACN?</arg>
<arg>${a}</arg>
</arguments>
<status status="PASS" starttime="20190525 00:14:29.938" endtime="20190525 00:14:29.941"></status>
</kw>
<kw name="Run Keyword If" library="BuiltIn">
<doc>Runs the given keyword with the given arguments, if ``condition`` is true.</doc>
<arguments>
<arg>${i}==19</arg>
<arg>fail</arg>
<arg>蓝牙测试错误</arg>
</arguments>
<kw name="Fail" library="BuiltIn">
<doc>Fails the test with the given message and optionally alters its tags.</doc>
<arguments>
<arg>蓝牙测试错误</arg>
</arguments>
<msg timestamp="20190525 00:14:29.950" level="FAIL">蓝牙测试错误</msg>
<status status="FAIL" starttime="20190525 00:14:29.947" endtime="20190525 00:14:29.951"></status>
</kw>
<status status="FAIL" starttime="20190525 00:14:29.943" endtime="20190525 00:14:29.952"></status>
</kw>
<kw name="Run Keyword If Test Failed" library="BuiltIn" type="teardown">
<doc>Runs the given keyword with the given arguments, if the test failed.</doc>
<arguments>
<arg>Fatal Error</arg>
</arguments>
<kw name="Fatal Error" library="BuiltIn">
<doc>Stops the whole test execution.</doc>
<msg timestamp="20190525 00:14:29.964" level="FAIL">AssertionError</msg>
<status status="FAIL" starttime="20190525 00:14:29.961" endtime="20190525 00:14:29.966"></status>
</kw>
<status status="FAIL" starttime="20190525 00:14:29.956" endtime="20190525 00:14:29.966">AssertionError</status>
</kw>
<status status="FAIL" starttime="20190525 00:14:01.757" endtime="20190525 00:14:29.968" critical="yes">蓝牙测试错误

Also teardown failed:
AssertionError</status>
</test>
<test id="s1-t5" name="TS06_GPRS信号">
<tags>
<tag>robot-exit</tag>
</tags>
<status status="FAIL" starttime="20190525 00:14:29.974" endtime="20190525 00:14:29.987" critical="yes">Test execution stopped due to a fatal error.</status>
</test>
<test id="s1-t6" name="TS05_GPS定位">
<tags>
<tag>robot-exit</tag>
</tags>
<status status="FAIL" starttime="20190525 00:14:29.995" endtime="20190525 00:14:30.001" critical="yes">Test execution stopped due to a fatal error.</status>
</test>
<test id="s1-t7" name="TS03_WIFI测试">
<tags>
<tag>robot-exit</tag>
</tags>
<status status="FAIL" starttime="20190525 00:14:30.005" endtime="20190525 00:14:30.011" critical="yes">Test execution stopped due to a fatal error.</status>
</test>
<test id="s1-t8" name="TS08_ECM">
<tags>
<tag>robot-exit</tag>
</tags>
<status status="FAIL" starttime="20190525 00:14:30.014" endtime="20190525 00:14:30.017" critical="yes">Test execution stopped due to a fatal error.</status>
</test>
<test id="s1-t9" name="TS10_电容测试">
<tags>
<tag>robot-exit</tag>
</tags>
<status status="FAIL" starttime="20190525 00:14:30.020" endtime="20190525 00:14:30.027" critical="yes">Test execution stopped due to a fatal error.</status>
</test>
<test id="s1-t10" name="GET_END">
<tags>
<tag>robot-exit</tag>
</tags>
<status status="FAIL" starttime="20190525 00:14:30.031" endtime="20190525 00:14:30.034" critical="yes">Test execution stopped due to a fatal error.</status>
</test>
<kw name="关机" type="teardown">
<kw name="Serial Send" library="SerialLibrary">
<doc>功能:</doc>
<arguments>
<arg>(CESHI)MODEM COM=1;SHUTDOWN=1</arg>
<arg>(CESHI)MODEM SHUTDOWN DONE</arg>
</arguments>
<msg timestamp="20190525 00:14:30.249" level="INFO">发送串口数据: (CESHI)MODEM COM=1;SHUTDOWN=1
应该收到串口数据: (CESHI)MODEM SHUTDOWN DONE
实际接收到的数据:  (CESHI)MODEM SHUTDOWN DONE.</msg>
<status status="PASS" starttime="20190525 00:14:30.045" endtime="20190525 00:14:30.250"></status>
</kw>
<status status="PASS" starttime="20190525 00:14:30.043" endtime="20190525 00:14:30.251"></status>
</kw>
<status status="FAIL" starttime="20190525 00:13:46.805" endtime="20190525 00:14:30.251"></status>
</suite>
<statistics>
<total>
<stat pass="3" fail="7">Critical Tests</stat>
<stat pass="3" fail="7">All Tests</stat>
</total>
<tag>
<stat pass="3" fail="1" info="combined" combined="NOT robot-exit">NOT robot-exit</stat>
<stat pass="0" fail="6">robot-exit</stat>
</tag>
<suite>
<stat pass="3" fail="7" id="s1" name="Production Case">Production Case</stat>
</suite>
</statistics>
<errors>
</errors>
</robot>
