<?xml version="1.0" encoding="UTF-8"?>
<robot generator="Robot 3.0.4 (Python 3.7.0 on linux)" generated="20190524 23:12:01.639">
<suite id="s1" name="Production Case" source="/home/pi/production/case/production_case.txt">
<test id="s1-t1" name="GET_Ready">
<kw name="Get Local Time" library="Utils">
<assign>
<var>${time1}</var>
</assign>
<msg timestamp="20190524 23:12:02.123" level="INFO">${time1} = 1558710722.122327</msg>
<status status="PASS" starttime="20190524 23:12:02.121" endtime="20190524 23:12:02.123"></status>
</kw>
<kw name="Get Local Time1" library="Utils">
<assign>
<var>${time11}</var>
</assign>
<msg timestamp="20190524 23:12:02.127" level="INFO">${time11} = 2019-05-24 23:12:02</msg>
<status status="PASS" starttime="20190524 23:12:02.125" endtime="20190524 23:12:02.128"></status>
</kw>
<kw name="Set Suite Variable" library="BuiltIn">
<doc>Makes a variable available everywhere within the scope of the current suite.</doc>
<arguments>
<arg>${time1}</arg>
</arguments>
<msg timestamp="20190524 23:12:02.132" level="INFO">${time1} = 1558710722.122327</msg>
<status status="PASS" starttime="20190524 23:12:02.129" endtime="20190524 23:12:02.133"></status>
</kw>
<kw name="Write Mid File" library="Utils">
<arguments>
<arg>开始时间:${time11}</arg>
</arguments>
<status status="PASS" starttime="20190524 23:12:02.134" endtime="20190524 23:12:02.137"></status>
</kw>
<kw name="Serial Send" library="SerialLibrary">
<doc>功能:</doc>
<arguments>
<arg>(CESHI)MODEM INFO</arg>
<arg>(CESHI)MODEM</arg>
</arguments>
<assign>
<var>${a}</var>
</assign>
<msg timestamp="20190524 23:12:02.342" level="INFO">发送串口数据: (CESHI)MODEM INFO
应该收到串口数据: (CESHI)MODEM
实际接收到的数据:  (CESHI)MODEM 0,0,33,EC20F_CEFAGR06A01M4G_HL_BETA0404;DRV:V0.2 2018-2-8,Gprs;USIM:Ready,27;COPS:1|7,CHN-UNICOM;ICCID:89860918710006540682;IMSI:460099501781395;IMEI:861529043679022;LAC_SID:22291;CID_NID:214416149;BID:0;LOCALIP:10.44.117.90;BOARD:Ready,Tim352;PPP:Ready,Con3,ITIM306;MAINLNK0:Tcp,UseMajor,Ready,Con8,ITIM280;MAINLNK1:Tcp,UseMajor,Error,Try33,OTIM325;MAINLNK2:None,UseMajor,Error,Try0,OTIM325;TCPFST:Close;UDPFST:Close;RFTEST:0;CONFAIL:0;EDISCNT:16;ANT0:2|1787|0;ANT1:2|1789|1;QX:1,Try0;</msg>
<msg timestamp="20190524 23:12:02.343" level="INFO">${a} = (CESHI)MODEM 0,0,33,EC20F_CEFAGR06A01M4G_HL_BETA0404;DRV:V0.2 2018-2-8,Gprs;USIM:Ready,27;COPS:1|7,CHN-UNICOM;ICCID:89860918710006540682;IMSI:460099501781395;IMEI:861529043679022;LAC_SID:22291;CID_NID...</msg>
<status status="PASS" starttime="20190524 23:12:02.138" endtime="20190524 23:12:02.343"></status>
</kw>
<kw name="Get Flag 1" library="Utils">
<doc>:param str1: 串口返回的内容</doc>
<arguments>
<arg>${a}</arg>
<arg>ICCID</arg>
<arg>1</arg>
</arguments>
<assign>
<var>${b}</var>
</assign>
<msg timestamp="20190524 23:12:02.347" level="INFO">['(CESHI)MODEM', '0', '0', '33', 'EC20F_CEFAGR06A01M4G_HL_BETA0404', 'DRV', 'V0.2', '2018-2-8', 'Gprs', 'USIM', 'Ready', '27', 'COPS', '1|7', 'CHN-UNICOM', 'ICCID', '89860918710006540682', 'IMSI', '460099501781395', 'IMEI', '861529043679022', 'LAC_SID', '22291', 'CID_NID', '214416149', 'BID', '0', 'LOCALIP', '10.44.117.90', 'BOARD', 'Ready', 'Tim352', 'PPP', 'Ready', 'Con3', 'ITIM306', 'MAINLNK0', 'Tcp', 'UseMajor', 'Ready', 'Con8', 'ITIM280', 'MAINLNK1', 'Tcp', 'UseMajor', 'Error', 'Try33', 'OTIM325', 'MAINLNK2', 'None', 'UseMajor', 'Error', 'Try0', 'OTIM325', 'TCPFST', 'Close', 'UDPFST', 'Close', 'RFTEST', '0', 'CONFAIL', '0', 'EDISCNT', '16', 'ANT0', '2|1787|0', 'ANT1', '2|1789|1', 'QX', '1', 'Try0', '']</msg>
<msg timestamp="20190524 23:12:02.347" level="INFO">${b} = 89860918710006540682</msg>
<status status="PASS" starttime="20190524 23:12:02.344" endtime="20190524 23:12:02.348"></status>
</kw>
<kw name="Write Mid File" library="Utils">
<arguments>
<arg>ICCID:${b}</arg>
</arguments>
<status status="PASS" starttime="20190524 23:12:02.349" endtime="20190524 23:12:02.351"></status>
</kw>
<kw name="Serial Send" library="SerialLibrary">
<doc>功能:</doc>
<arguments>
<arg>${wifi_change}</arg>
<arg>(CESHI)WIFI FACTORY DONE;</arg>
</arguments>
<msg timestamp="20190524 23:12:02.644" level="INFO">发送串口数据: (CESHI)WIFI FACTORY-W005
应该收到串口数据: (CESHI)WIFI FACTORY DONE;
实际接收到的数据:  (CESHI)WIFI FACTORY DONE;</msg>
<status status="PASS" starttime="20190524 23:12:02.352" endtime="20190524 23:12:02.645"></status>
</kw>
<kw name="Serial Send" library="SerialLibrary">
<doc>功能:</doc>
<arguments>
<arg>(CESHI)BLE AT+BTSCACN=3</arg>
<arg>(CESHI)BLE OK</arg>
</arguments>
<msg timestamp="20190524 23:12:02.947" level="INFO">发送串口数据: (CESHI)BLE AT+BTSCACN=3
应该收到串口数据: (CESHI)BLE OK
实际接收到的数据:  (CESHI)BLE OK</msg>
<status status="PASS" starttime="20190524 23:12:02.646" endtime="20190524 23:12:02.948"></status>
</kw>
<kw name="Run Keyword If Test Failed" library="BuiltIn" type="teardown">
<doc>Runs the given keyword with the given arguments, if the test failed.</doc>
<arguments>
<arg>Fatal Error</arg>
</arguments>
<status status="PASS" starttime="20190524 23:12:02.951" endtime="20190524 23:12:02.954"></status>
</kw>
<status status="PASS" starttime="20190524 23:12:02.117" endtime="20190524 23:12:02.955" critical="yes"></status>
</test>
<test id="s1-t2" name="TS01_终端自检">
<kw name="Pass Execution If" library="BuiltIn">
<doc>Conditionally skips rest of the current test, setup, or teardown with PASS status.</doc>
<arguments>
<arg>${prduction_TS01}==0</arg>
<arg>此项不测试</arg>
</arguments>
<status status="PASS" starttime="20190524 23:12:02.976" endtime="20190524 23:12:02.980"></status>
</kw>
<kw name="Serial Send" library="SerialLibrary">
<doc>功能:</doc>
<arguments>
<arg>(CESHI)DEV</arg>
<arg>(CESHI)DEV</arg>
</arguments>
<assign>
<var>${a}</var>
</assign>
<msg timestamp="20190524 23:12:03.250" level="INFO">发送串口数据: (CESHI)DEV
应该收到串口数据: (CESHI)DEV
实际接收到的数据:  (CESHI)DEV BOARD:HL685,HW:15,RAM:1,NAND:1(C2F18095),SPIFI:1(C216),BAT:1|LI,RTC:1,USB:1(V91),CPS:2(V0),RCY:1(V39),RDN:1(V54),SLP:1(V211),CC936:1(V10),CLK:1|16|96|48|0,WDG:1,ACCE:1(0098),BLE:1(V131),MFU:1(V27),DEBUG:0;</msg>
<msg timestamp="20190524 23:12:03.251" level="INFO">${a} = (CESHI)DEV BOARD:HL685,HW:15,RAM:1,NAND:1(C2F18095),SPIFI:1(C216),BAT:1|LI,RTC:1,USB:1(V91),CPS:2(V0),RCY:1(V39),RDN:1(V54),SLP:1(V211),CC936:1(V10),CLK:1|16|96|48|0,WDG:1,ACCE:1(0098),BLE:1(V131),MFU...</msg>
<status status="PASS" starttime="20190524 23:12:02.982" endtime="20190524 23:12:03.251"></status>
</kw>
<kw name="Run Keyword If" library="BuiltIn">
<doc>Runs the given keyword with the given arguments, if ``condition`` is true.</doc>
<arguments>
<arg>'${a}'=='${zijian}'</arg>
<arg>write_mid_file</arg>
<arg>TS01_终端自检</arg>
<arg>PASS</arg>
<arg>(CESHI)DEV</arg>
<arg>${a}</arg>
</arguments>
<kw name="Write Mid File" library="Utils">
<arguments>
<arg>TS01_终端自检</arg>
<arg>PASS</arg>
<arg>(CESHI)DEV</arg>
<arg>${a}</arg>
</arguments>
<status status="PASS" starttime="20190524 23:12:03.255" endtime="20190524 23:12:03.258"></status>
</kw>
<status status="PASS" starttime="20190524 23:12:03.252" endtime="20190524 23:12:03.259"></status>
</kw>
<kw name="Run Keyword If" library="BuiltIn">
<doc>Runs the given keyword with the given arguments, if ``condition`` is true.</doc>
<arguments>
<arg>'${a}'!='${zijian}'</arg>
<arg>fail</arg>
<arg>自检错误</arg>
</arguments>
<status status="PASS" starttime="20190524 23:12:03.260" endtime="20190524 23:12:03.263"></status>
</kw>
<kw name="Run Keyword If Test Failed" library="BuiltIn" type="teardown">
<doc>Runs the given keyword with the given arguments, if the test failed.</doc>
<arguments>
<arg>Fatal Error</arg>
</arguments>
<status status="PASS" starttime="20190524 23:12:03.265" endtime="20190524 23:12:03.266"></status>
</kw>
<status status="PASS" starttime="20190524 23:12:02.962" endtime="20190524 23:12:03.267" critical="yes"></status>
</test>
<test id="s1-t3" name="TS02_代码校验">
<kw name="Pass Execution If" library="BuiltIn">
<doc>Conditionally skips rest of the current test, setup, or teardown with PASS status.</doc>
<arguments>
<arg>${prduction_TS02}==0</arg>
<arg>此项不测试</arg>
</arguments>
<status status="PASS" starttime="20190524 23:12:03.280" endtime="20190524 23:12:03.282"></status>
</kw>
<kw name="Serial Send" library="SerialLibrary">
<doc>功能:</doc>
<arguments>
<arg>(CESHI)MODEM COM=1;CHKSIZE=${chksize}</arg>
<arg>(CESHI)MODEM CHKSIZE DONE.</arg>
</arguments>
<msg timestamp="20190524 23:12:03.552" level="INFO">发送串口数据: (CESHI)MODEM COM=1;CHKSIZE=495288
应该收到串口数据: (CESHI)MODEM CHKSIZE DONE.
实际接收到的数据:  (CESHI)MODEM CHKSIZE DONE.</msg>
<status status="PASS" starttime="20190524 23:12:03.284" endtime="20190524 23:12:03.553"></status>
</kw>
<kw name="${i} IN RANGE [ 30 ]" type="for">
<kw name="${i} = 0" type="foritem">
<kw name="Serial Send" library="SerialLibrary">
<doc>功能:</doc>
<arguments>
<arg>(CESHI)MODEM COM=1;SYSINFO=1;</arg>
<arg>(CESHI)</arg>
</arguments>
<assign>
<var>${a}</var>
</assign>
<msg timestamp="20190524 23:12:03.855" level="INFO">发送串口数据: (CESHI)MODEM COM=1;SYSINFO=1;
应该收到串口数据: (CESHI)
实际接收到的数据:  (CESHI)MODEM SYSINFO DONE,RUNTIME:1097,GPSADC:3295,UUID:419430401-2938707109-1519308379-4110425285,CHKSIZE:495288,CHKSUM:48488858,SIM:8614619911775,ICCID:89860918710006540682,BOARDVER:15,</msg>
<msg timestamp="20190524 23:12:03.856" level="INFO">${a} = (CESHI)MODEM SYSINFO DONE,RUNTIME:1097,GPSADC:3295,UUID:419430401-2938707109-1519308379-4110425285,CHKSIZE:495288,CHKSUM:48488858,SIM:8614619911775,ICCID:89860918710006540682,BOARDVER:15,</msg>
<status status="PASS" starttime="20190524 23:12:03.555" endtime="20190524 23:12:03.857"></status>
</kw>
<kw name="Get Flag 1" library="Utils">
<doc>:param str1: 串口返回的内容</doc>
<arguments>
<arg>${a}</arg>
<arg>CHKSUM</arg>
<arg>1</arg>
</arguments>
<assign>
<var>${b}</var>
</assign>
<msg timestamp="20190524 23:12:03.861" level="INFO">['(CESHI)MODEM', 'SYSINFO', 'DONE', 'RUNTIME', '1097', 'GPSADC', '3295', 'UUID', '419430401-2938707109-1519308379-4110425285', 'CHKSIZE', '495288', 'CHKSUM', '48488858', 'SIM', '8614619911775', 'ICCID', '89860918710006540682', 'BOARDVER', '15', '']</msg>
<msg timestamp="20190524 23:12:03.862" level="INFO">${b} = 48488858</msg>
<status status="PASS" starttime="20190524 23:12:03.859" endtime="20190524 23:12:03.863"></status>
</kw>
<kw name="Exit For Loop If" library="BuiltIn">
<doc>Stops executing the enclosing for loop if the ``condition`` is true.</doc>
<arguments>
<arg>'${chksum}'=='${b}'</arg>
</arguments>
<msg timestamp="20190524 23:12:03.866" level="INFO">Exiting for loop altogether.</msg>
<status status="PASS" starttime="20190524 23:12:03.864" endtime="20190524 23:12:03.867"></status>
</kw>
<status status="PASS" starttime="20190524 23:12:03.554" endtime="20190524 23:12:03.868"></status>
</kw>
<status status="PASS" starttime="20190524 23:12:03.553" endtime="20190524 23:12:03.868"></status>
</kw>
<kw name="Run Keyword If" library="BuiltIn">
<doc>Runs the given keyword with the given arguments, if ``condition`` is true.</doc>
<arguments>
<arg>${i}!=29</arg>
<arg>write_mid_file</arg>
<arg>TS02_代码校验</arg>
<arg>PASS</arg>
<arg>(CESHI)MODEM COM=1;SYSINFO=1;</arg>
<arg>${a}</arg>
</arguments>
<kw name="Write Mid File" library="Utils">
<arguments>
<arg>TS02_代码校验</arg>
<arg>PASS</arg>
<arg>(CESHI)MODEM COM=1;SYSINFO=1;</arg>
<arg>${a}</arg>
</arguments>
<status status="PASS" starttime="20190524 23:12:03.873" endtime="20190524 23:12:03.878"></status>
</kw>
<status status="PASS" starttime="20190524 23:12:03.870" endtime="20190524 23:12:03.880"></status>
</kw>
<kw name="Run Keyword If" library="BuiltIn">
<doc>Runs the given keyword with the given arguments, if ``condition`` is true.</doc>
<arguments>
<arg>${i}==29</arg>
<arg>fail</arg>
<arg>代码校验失败</arg>
</arguments>
<status status="PASS" starttime="20190524 23:12:03.883" endtime="20190524 23:12:03.887"></status>
</kw>
<kw name="Serial Send" library="SerialLibrary">
<doc>功能:</doc>
<arguments>
<arg>IOT+S1+NATIVE=?;</arg>
<arg>IOT</arg>
</arguments>
<assign>
<var>${c}</var>
</assign>
<msg timestamp="20190524 23:12:04.157" level="INFO">发送串口数据: IOT+S1+NATIVE=?;
应该收到串口数据: IOT
实际接收到的数据:  IOT+S1+NATIVE=V1.01,V0.19,V1.02,P23,v11528_8db18225b,hzclz_ev460l,release,none;</msg>
<msg timestamp="20190524 23:12:04.158" level="INFO">${c} = V1.01,V0.19,V1.02,P23,v11528_8db18225b,hzclz_ev460l,release,none</msg>
<status status="PASS" starttime="20190524 23:12:03.890" endtime="20190524 23:12:04.158"></status>
</kw>
<kw name="Belong" library="Utils">
<doc>功能:判断字符串1是否在字符串2里面(成功返回1否则返回0)</doc>
<arguments>
<arg>${c}</arg>
<arg>${branch}</arg>
</arguments>
<assign>
<var>${d}</var>
</assign>
<msg timestamp="20190524 23:12:04.161" level="INFO">${d} = 1</msg>
<status status="PASS" starttime="20190524 23:12:04.159" endtime="20190524 23:12:04.161"></status>
</kw>
<kw name="Run Keyword If" library="BuiltIn">
<doc>Runs the given keyword with the given arguments, if ``condition`` is true.</doc>
<arguments>
<arg>${d}==1</arg>
<arg>write_mid_file</arg>
<arg>TS02_版本校对</arg>
<arg>PASS</arg>
<arg>IOT+S1+NATIVE=?;</arg>
<arg>${c}</arg>
</arguments>
<kw name="Write Mid File" library="Utils">
<arguments>
<arg>TS02_版本校对</arg>
<arg>PASS</arg>
<arg>IOT+S1+NATIVE=?;</arg>
<arg>${c}</arg>
</arguments>
<status status="PASS" starttime="20190524 23:12:04.165" endtime="20190524 23:12:04.167"></status>
</kw>
<status status="PASS" starttime="20190524 23:12:04.162" endtime="20190524 23:12:04.167"></status>
</kw>
<kw name="Run Keyword If" library="BuiltIn">
<doc>Runs the given keyword with the given arguments, if ``condition`` is true.</doc>
<arguments>
<arg>${d}!=1</arg>
<arg>fail</arg>
<arg>版本校对错误</arg>
</arguments>
<status status="PASS" starttime="20190524 23:12:04.169" endtime="20190524 23:12:04.171"></status>
</kw>
<kw name="Run Keyword If Test Failed" library="BuiltIn" type="teardown">
<doc>Runs the given keyword with the given arguments, if the test failed.</doc>
<arguments>
<arg>Fatal Error</arg>
</arguments>
<status status="PASS" starttime="20190524 23:12:04.173" endtime="20190524 23:12:04.175"></status>
</kw>
<status status="PASS" starttime="20190524 23:12:03.271" endtime="20190524 23:12:04.175" critical="yes"></status>
</test>
<test id="s1-t4" name="TS04_BLE蓝牙">
<kw name="Pass Execution If" library="BuiltIn">
<doc>Conditionally skips rest of the current test, setup, or teardown with PASS status.</doc>
<arguments>
<arg>${prduction_TS04}==0</arg>
<arg>此项不测试</arg>
</arguments>
<status status="PASS" starttime="20190524 23:12:04.187" endtime="20190524 23:12:04.189"></status>
</kw>
<kw name="${i} IN RANGE [ 20 ]" type="for">
<kw name="${i} = 0" type="foritem">
<kw name="Serial Send" library="SerialLibrary">
<doc>功能:</doc>
<arguments>
<arg>(CESHI)BLE AT+BTSCACN?</arg>
<arg>(CESHI)BLE</arg>
</arguments>
<assign>
<var>${a}</var>
</assign>
<msg timestamp="20190524 23:12:04.460" level="INFO">发送串口数据: (CESHI)BLE AT+BTSCACN?
应该收到串口数据: (CESHI)BLE
实际接收到的数据:  (CESHI)BLE +BTSCACN:0,0,AC233F2043D3,E2C56DB5DDDD48D2B060D0F5A71096E0,16160,17363,-65,-59</msg>
<msg timestamp="20190524 23:12:04.461" level="INFO">${a} = (CESHI)BLE +BTSCACN:0,0,AC233F2043D3,E2C56DB5DDDD48D2B060D0F5A71096E0,16160,17363,-65,-59</msg>
<status status="PASS" starttime="20190524 23:12:04.193" endtime="20190524 23:12:04.462"></status>
</kw>
<kw name="Lanya" library="Utils">
<arguments>
<arg>${a}</arg>
</arguments>
<assign>
<var>${b}</var>
</assign>
<msg timestamp="20190524 23:12:04.465" level="INFO">${b} = -59</msg>
<status status="PASS" starttime="20190524 23:12:04.462" endtime="20190524 23:12:04.465"></status>
</kw>
<kw name="Abs" library="Utils">
<doc>取算式的绝对值并且返回</doc>
<arguments>
<arg>${b}</arg>
</arguments>
<assign>
<var>${c}</var>
</assign>
<msg timestamp="20190524 23:12:04.468" level="INFO">${c} = 59</msg>
<status status="PASS" starttime="20190524 23:12:04.466" endtime="20190524 23:12:04.468"></status>
</kw>
<kw name="Get Str 2" library="Utils">
<doc>功能：</doc>
<arguments>
<arg>${a}</arg>
<arg>5</arg>
</arguments>
<assign>
<var>${d}</var>
</assign>
<msg timestamp="20190524 23:12:04.471" level="INFO">${d} = E2C56DB5DDDD48D2B060D0F5A71096E0</msg>
<status status="PASS" starttime="20190524 23:12:04.469" endtime="20190524 23:12:04.471"></status>
</kw>
<kw name="Run Keyword And Return Status" library="BuiltIn">
<doc>Runs the given keyword with given arguments and returns the status as a Boolean value.</doc>
<arguments>
<arg>ble_j</arg>
<arg>${d}</arg>
<arg>${BLES}</arg>
<arg>${BLES_1}</arg>
</arguments>
<assign>
<var>${state}</var>
</assign>
<kw name="Ble J" library="Utils">
<arguments>
<arg>${d}</arg>
<arg>${BLES}</arg>
<arg>${BLES_1}</arg>
</arguments>
<msg timestamp="20190524 23:12:04.478" level="FAIL">NameError: name 'str1' is not defined</msg>
<status status="FAIL" starttime="20190524 23:12:04.474" endtime="20190524 23:12:04.479"></status>
</kw>
<msg timestamp="20190524 23:12:04.479" level="INFO">${state} = False</msg>
<status status="PASS" starttime="20190524 23:12:04.472" endtime="20190524 23:12:04.480"></status>
</kw>
<kw name="Exit For Loop If" library="BuiltIn">
<doc>Stops executing the enclosing for loop if the ``condition`` is true.</doc>
<arguments>
<arg>${c}&lt;${BLE} and ${c}!=0 and ${state}==0</arg>
</arguments>
<msg timestamp="20190524 23:12:04.483" level="INFO">Exiting for loop altogether.</msg>
<status status="PASS" starttime="20190524 23:12:04.480" endtime="20190524 23:12:04.484"></status>
</kw>
<status status="PASS" starttime="20190524 23:12:04.192" endtime="20190524 23:12:04.484"></status>
</kw>
<status status="PASS" starttime="20190524 23:12:04.191" endtime="20190524 23:12:04.485"></status>
</kw>
<kw name="Run Keyword If" library="BuiltIn">
<doc>Runs the given keyword with the given arguments, if ``condition`` is true.</doc>
<arguments>
<arg>${i}!=19</arg>
<arg>write_mid_file</arg>
<arg>TS04_BLE蓝牙</arg>
<arg>PASS</arg>
<arg>(CESHI)BLE AT+BTSCACN?</arg>
<arg>${a}</arg>
</arguments>
<kw name="Write Mid File" library="Utils">
<arguments>
<arg>TS04_BLE蓝牙</arg>
<arg>PASS</arg>
<arg>(CESHI)BLE AT+BTSCACN?</arg>
<arg>${a}</arg>
</arguments>
<status status="PASS" starttime="20190524 23:12:04.488" endtime="20190524 23:12:04.491"></status>
</kw>
<status status="PASS" starttime="20190524 23:12:04.486" endtime="20190524 23:12:04.491"></status>
</kw>
<kw name="Run Keyword If" library="BuiltIn">
<doc>Runs the given keyword with the given arguments, if ``condition`` is true.</doc>
<arguments>
<arg>${i}==19</arg>
<arg>fail</arg>
<arg>蓝牙测试错误</arg>
</arguments>
<status status="PASS" starttime="20190524 23:12:04.493" endtime="20190524 23:12:04.495"></status>
</kw>
<kw name="Run Keyword If Test Failed" library="BuiltIn" type="teardown">
<doc>Runs the given keyword with the given arguments, if the test failed.</doc>
<arguments>
<arg>Fatal Error</arg>
</arguments>
<status status="PASS" starttime="20190524 23:12:04.497" endtime="20190524 23:12:04.498"></status>
</kw>
<status status="PASS" starttime="20190524 23:12:04.180" endtime="20190524 23:12:04.499" critical="yes"></status>
</test>
<test id="s1-t5" name="TS06_GPRS信号">
<kw name="Pass Execution If" library="BuiltIn">
<doc>Conditionally skips rest of the current test, setup, or teardown with PASS status.</doc>
<arguments>
<arg>${prduction_TS06}==0</arg>
<arg>此项不测试</arg>
</arguments>
<status status="PASS" starttime="20190524 23:12:04.508" endtime="20190524 23:12:04.510"></status>
</kw>
<kw name="${i} IN RANGE [ 50 ]" type="for">
<kw name="${i} = 0" type="foritem">
<kw name="Serial Send" library="SerialLibrary">
<doc>功能:</doc>
<arguments>
<arg>(CESHI)MODEM INFO</arg>
<arg>(CESHI)MODEM</arg>
</arguments>
<assign>
<var>${a}</var>
</assign>
<msg timestamp="20190524 23:12:04.773" level="INFO">发送串口数据: (CESHI)MODEM INFO
应该收到串口数据: (CESHI)MODEM
实际接收到的数据:  (CESHI)MODEM 0,0,33,EC20F_CEFAGR06A01M4G_HL_BETA0404;DRV:V0.2 2018-2-8,Gprs;USIM:Ready,27;COPS:1|7,CHN-UNICOM;ICCID:89860918710006540682;IMSI:460099501781395;IMEI:861529043679022;LAC_SID:22291;CID_NID:214416149;BID:0;LOCALIP:10.44.117.90;BOARD:Ready,Tim355;PPP:Ready,Con3,ITIM309;MAINLNK0:Tcp,UseMajor,Ready,Con8,ITIM283;MAINLNK1:Tcp,UseMajor,Error,Try33,OTIM328;MAINLNK2:None,UseMajor,Error,Try0,OTIM328;TCPFST:Close;UDPFST:Close;RFTEST:0;CONFAIL:0;EDISCNT:16;ANT0:2|1787|0;ANT1:2|1789|1;QX:1,Try0;</msg>
<msg timestamp="20190524 23:12:04.774" level="INFO">${a} = (CESHI)MODEM 0,0,33,EC20F_CEFAGR06A01M4G_HL_BETA0404;DRV:V0.2 2018-2-8,Gprs;USIM:Ready,27;COPS:1|7,CHN-UNICOM;ICCID:89860918710006540682;IMSI:460099501781395;IMEI:861529043679022;LAC_SID:22291;CID_NID...</msg>
<status status="PASS" starttime="20190524 23:12:04.514" endtime="20190524 23:12:04.774"></status>
</kw>
<kw name="Get Str 1" library="Utils">
<doc>功能：</doc>
<arguments>
<arg>${a}</arg>
<arg>5</arg>
</arguments>
<assign>
<var>${b}</var>
</assign>
<msg timestamp="20190524 23:12:04.777" level="INFO">['(CESHI)MODEM', '0', '0', '33', 'EC20F_CEFAGR06A01M4G_HL_BETA0404', 'DRV', 'V0.2', '2018-2-8', 'Gprs', 'USIM', 'Ready', '27', 'COPS', '1|7', 'CHN-UNICOM', 'ICCID', '89860918710006540682', 'IMSI', '460099501781395', 'IMEI', '861529043679022', 'LAC_SID', '22291', 'CID_NID', '214416149', 'BID', '0', 'LOCALIP', '10.44.117.90', 'BOARD', 'Ready', 'Tim355', 'PPP', 'Ready', 'Con3', 'ITIM309', 'MAINLNK0', 'Tcp', 'UseMajor', 'Ready', 'Con8', 'ITIM283', 'MAINLNK1', 'Tcp', 'UseMajor', 'Error', 'Try33', 'OTIM328', 'MAINLNK2', 'None', 'UseMajor', 'Error', 'Try0', 'OTIM328', 'TCPFST', 'Close', 'UDPFST', 'Close', 'RFTEST', '0', 'CONFAIL', '0', 'EDISCNT', '16', 'ANT0', '2|1787|0', 'ANT1', '2|1789|1', 'QX', '1', 'Try0']</msg>
<msg timestamp="20190524 23:12:04.778" level="INFO">${b} = EC20F_CEFAGR06A01M4G_HL_BETA0404</msg>
<status status="PASS" starttime="20190524 23:12:04.775" endtime="20190524 23:12:04.779"></status>
</kw>
<kw name="Get Flag 1" library="Utils">
<doc>:param str1: 串口返回的内容</doc>
<arguments>
<arg>${a}</arg>
<arg>USIM</arg>
<arg>1</arg>
</arguments>
<assign>
<var>${c}</var>
</assign>
<msg timestamp="20190524 23:12:04.782" level="INFO">['(CESHI)MODEM', '0', '0', '33', 'EC20F_CEFAGR06A01M4G_HL_BETA0404', 'DRV', 'V0.2', '2018-2-8', 'Gprs', 'USIM', 'Ready', '27', 'COPS', '1|7', 'CHN-UNICOM', 'ICCID', '89860918710006540682', 'IMSI', '460099501781395', 'IMEI', '861529043679022', 'LAC_SID', '22291', 'CID_NID', '214416149', 'BID', '0', 'LOCALIP', '10.44.117.90', 'BOARD', 'Ready', 'Tim355', 'PPP', 'Ready', 'Con3', 'ITIM309', 'MAINLNK0', 'Tcp', 'UseMajor', 'Ready', 'Con8', 'ITIM283', 'MAINLNK1', 'Tcp', 'UseMajor', 'Error', 'Try33', 'OTIM328', 'MAINLNK2', 'None', 'UseMajor', 'Error', 'Try0', 'OTIM328', 'TCPFST', 'Close', 'UDPFST', 'Close', 'RFTEST', '0', 'CONFAIL', '0', 'EDISCNT', '16', 'ANT0', '2|1787|0', 'ANT1', '2|1789|1', 'QX', '1', 'Try0', '']</msg>
<msg timestamp="20190524 23:12:04.783" level="INFO">${c} = Ready</msg>
<status status="PASS" starttime="20190524 23:12:04.779" endtime="20190524 23:12:04.783"></status>
</kw>
<kw name="Get Flag 1" library="Utils">
<doc>:param str1: 串口返回的内容</doc>
<arguments>
<arg>${a}</arg>
<arg>USIM</arg>
<arg>2</arg>
</arguments>
<assign>
<var>${d}</var>
</assign>
<msg timestamp="20190524 23:12:04.786" level="INFO">['(CESHI)MODEM', '0', '0', '33', 'EC20F_CEFAGR06A01M4G_HL_BETA0404', 'DRV', 'V0.2', '2018-2-8', 'Gprs', 'USIM', 'Ready', '27', 'COPS', '1|7', 'CHN-UNICOM', 'ICCID', '89860918710006540682', 'IMSI', '460099501781395', 'IMEI', '861529043679022', 'LAC_SID', '22291', 'CID_NID', '214416149', 'BID', '0', 'LOCALIP', '10.44.117.90', 'BOARD', 'Ready', 'Tim355', 'PPP', 'Ready', 'Con3', 'ITIM309', 'MAINLNK0', 'Tcp', 'UseMajor', 'Ready', 'Con8', 'ITIM283', 'MAINLNK1', 'Tcp', 'UseMajor', 'Error', 'Try33', 'OTIM328', 'MAINLNK2', 'None', 'UseMajor', 'Error', 'Try0', 'OTIM328', 'TCPFST', 'Close', 'UDPFST', 'Close', 'RFTEST', '0', 'CONFAIL', '0', 'EDISCNT', '16', 'ANT0', '2|1787|0', 'ANT1', '2|1789|1', 'QX', '1', 'Try0', '']</msg>
<msg timestamp="20190524 23:12:04.786" level="INFO">${d} = 27</msg>
<status status="PASS" starttime="20190524 23:12:04.784" endtime="20190524 23:12:04.787"></status>
</kw>
<kw name="Change Int" library="Utils">
<doc>把列表的某一项转成整型</doc>
<arguments>
<arg>${d}</arg>
</arguments>
<assign>
<var>${d}</var>
</assign>
<msg timestamp="20190524 23:12:04.790" level="INFO">${d} = 27</msg>
<status status="PASS" starttime="20190524 23:12:04.788" endtime="20190524 23:12:04.790"></status>
</kw>
<kw name="Get Flag 1" library="Utils">
<doc>:param str1: 串口返回的内容</doc>
<arguments>
<arg>${a}</arg>
<arg>PPP</arg>
<arg>1</arg>
</arguments>
<assign>
<var>${e}</var>
</assign>
<msg timestamp="20190524 23:12:04.793" level="INFO">['(CESHI)MODEM', '0', '0', '33', 'EC20F_CEFAGR06A01M4G_HL_BETA0404', 'DRV', 'V0.2', '2018-2-8', 'Gprs', 'USIM', 'Ready', '27', 'COPS', '1|7', 'CHN-UNICOM', 'ICCID', '89860918710006540682', 'IMSI', '460099501781395', 'IMEI', '861529043679022', 'LAC_SID', '22291', 'CID_NID', '214416149', 'BID', '0', 'LOCALIP', '10.44.117.90', 'BOARD', 'Ready', 'Tim355', 'PPP', 'Ready', 'Con3', 'ITIM309', 'MAINLNK0', 'Tcp', 'UseMajor', 'Ready', 'Con8', 'ITIM283', 'MAINLNK1', 'Tcp', 'UseMajor', 'Error', 'Try33', 'OTIM328', 'MAINLNK2', 'None', 'UseMajor', 'Error', 'Try0', 'OTIM328', 'TCPFST', 'Close', 'UDPFST', 'Close', 'RFTEST', '0', 'CONFAIL', '0', 'EDISCNT', '16', 'ANT0', '2|1787|0', 'ANT1', '2|1789|1', 'QX', '1', 'Try0', '']</msg>
<msg timestamp="20190524 23:12:04.793" level="INFO">${e} = Ready</msg>
<status status="PASS" starttime="20190524 23:12:04.791" endtime="20190524 23:12:04.794"></status>
</kw>
<kw name="Exit For Loop If" library="BuiltIn">
<doc>Stops executing the enclosing for loop if the ``condition`` is true.</doc>
<arguments>
<arg>'${b}'=='${GPRS1}' and '${c}'=='Ready' and ${d}&gt;${GPRS2} and '${e}'=='Ready'</arg>
</arguments>
<msg timestamp="20190524 23:12:04.797" level="INFO">Exiting for loop altogether.</msg>
<status status="PASS" starttime="20190524 23:12:04.795" endtime="20190524 23:12:04.798"></status>
</kw>
<status status="PASS" starttime="20190524 23:12:04.513" endtime="20190524 23:12:04.798"></status>
</kw>
<status status="PASS" starttime="20190524 23:12:04.511" endtime="20190524 23:12:04.799"></status>
</kw>
<kw name="Run Keyword If" library="BuiltIn">
<doc>Runs the given keyword with the given arguments, if ``condition`` is true.</doc>
<arguments>
<arg>${i}!=49</arg>
<arg>write_mid_file</arg>
<arg>TS06_GPRS信号检测</arg>
<arg>PASS</arg>
<arg>(CESHI)MODEM INFO</arg>
<arg>${a}</arg>
</arguments>
<kw name="Write Mid File" library="Utils">
<arguments>
<arg>TS06_GPRS信号检测</arg>
<arg>PASS</arg>
<arg>(CESHI)MODEM INFO</arg>
<arg>${a}</arg>
</arguments>
<status status="PASS" starttime="20190524 23:12:04.802" endtime="20190524 23:12:04.805"></status>
</kw>
<status status="PASS" starttime="20190524 23:12:04.800" endtime="20190524 23:12:04.806"></status>
</kw>
<kw name="Run Keyword If" library="BuiltIn">
<doc>Runs the given keyword with the given arguments, if ``condition`` is true.</doc>
<arguments>
<arg>${i}==49</arg>
<arg>fail</arg>
<arg>GPRS信号检测错误</arg>
</arguments>
<status status="PASS" starttime="20190524 23:12:04.807" endtime="20190524 23:12:04.810"></status>
</kw>
<kw name="Run Keyword If Test Failed" library="BuiltIn" type="teardown">
<doc>Runs the given keyword with the given arguments, if the test failed.</doc>
<arguments>
<arg>Fatal Error</arg>
</arguments>
<status status="PASS" starttime="20190524 23:12:04.813" endtime="20190524 23:12:04.814"></status>
</kw>
<status status="PASS" starttime="20190524 23:12:04.502" endtime="20190524 23:12:04.815" critical="yes"></status>
</test>
<test id="s1-t6" name="TS05_GPS定位">
<kw name="Pass Execution If" library="BuiltIn">
<doc>Conditionally skips rest of the current test, setup, or teardown with PASS status.</doc>
<arguments>
<arg>${prduction_TS05}==0</arg>
<arg>此项不测试</arg>
</arguments>
<status status="PASS" starttime="20190524 23:12:04.825" endtime="20190524 23:12:04.828"></status>
</kw>
<kw name="Run Keyword If" library="BuiltIn">
<doc>Runs the given keyword with the given arguments, if ``condition`` is true.</doc>
<arguments>
<arg>'${GPSISMOD}'=='YES'</arg>
<arg>GPS1</arg>
<arg>ELSE</arg>
<arg>Run Keyword</arg>
<arg>GPS2</arg>
</arguments>
<kw name="Run Keyword" library="BuiltIn">
<doc>Executes the given keyword with the given arguments.</doc>
<arguments>
<arg>GPS2</arg>
</arguments>
<kw name="GPS2">
<kw name="${i} IN RANGE [ 120 ]" type="for">
<kw name="${i} = 0" type="foritem">
<kw name="Serial Send" library="SerialLibrary">
<doc>功能:</doc>
<arguments>
<arg>(CESHI)GPS INFO</arg>
<arg>(CESHI)GPS</arg>
</arguments>
<assign>
<var>${a}</var>
</assign>
<msg timestamp="20190524 23:12:05.075" level="INFO">发送串口数据: (CESHI)GPS INFO
应该收到串口数据: (CESHI)GPS
实际接收到的数据:  (CESHI)GPS V,,OK,2,2|3275|0|0|3286|1905231105|1,0,0,0,0,ditu.google.cn/?q=30.210963N,120.221408E</msg>
<msg timestamp="20190524 23:12:05.076" level="INFO">${a} = (CESHI)GPS V,,OK,2,2|3275|0|0|3286|1905231105|1,0,0,0,0,ditu.google.cn/?q=30.210963N,120.221408E</msg>
<status status="PASS" starttime="20190524 23:12:04.839" endtime="20190524 23:12:05.076"></status>
</kw>
<kw name="Get Str 1" library="Utils">
<doc>功能：</doc>
<arguments>
<arg>${a}</arg>
<arg>2</arg>
</arguments>
<assign>
<var>${b}</var>
</assign>
<msg timestamp="20190524 23:12:05.079" level="INFO">['(CESHI)GPS', 'V', 'OK', '2', '2|3275|0|0|3286|1905231105|1', '0', '0', '0', '0', 'ditu.google.cn/?q=30.210963N']</msg>
<msg timestamp="20190524 23:12:05.080" level="INFO">${b} = V</msg>
<status status="PASS" starttime="20190524 23:12:05.077" endtime="20190524 23:12:05.080"></status>
</kw>
<kw name="Get Str 1" library="Utils">
<doc>功能：</doc>
<arguments>
<arg>${a}</arg>
<arg>3</arg>
</arguments>
<assign>
<var>${d}</var>
</assign>
<msg timestamp="20190524 23:12:05.082" level="INFO">['(CESHI)GPS', 'V', 'OK', '2', '2|3275|0|0|3286|1905231105|1', '0', '0', '0', '0', 'ditu.google.cn/?q=30.210963N']</msg>
<msg timestamp="20190524 23:12:05.082" level="INFO">${d} = OK</msg>
<status status="PASS" starttime="20190524 23:12:05.081" endtime="20190524 23:12:05.083"></status>
</kw>
<kw name="Get Str 1" library="Utils">
<doc>功能：</doc>
<arguments>
<arg>${a}</arg>
<arg>6</arg>
</arguments>
<assign>
<var>${e}</var>
</assign>
<msg timestamp="20190524 23:12:05.085" level="INFO">['(CESHI)GPS', 'V', 'OK', '2', '2|3275|0|0|3286|1905231105|1', '0', '0', '0', '0', 'ditu.google.cn/?q=30.210963N']</msg>
<msg timestamp="20190524 23:12:05.085" level="INFO">${e} = 0</msg>
<status status="PASS" starttime="20190524 23:12:05.083" endtime="20190524 23:12:05.086"></status>
</kw>
<kw name="Exit For Loop If" library="BuiltIn">
<doc>Stops executing the enclosing for loop if the ``condition`` is true.</doc>
<arguments>
<arg>'${b}'=='${GPS01}' and '${d}'=='${GPS03}' and ${e}&gt;${GPS04}</arg>
</arguments>
<status status="PASS" starttime="20190524 23:12:05.086" endtime="20190524 23:12:05.089"></status>
</kw>
<kw name="Sleep" library="BuiltIn">
<doc>Pauses the test executed for the given time.</doc>
<arguments>
<arg>1</arg>
</arguments>
<msg timestamp="20190524 23:12:06.091" level="INFO">Slept 1 second</msg>
<status status="PASS" starttime="20190524 23:12:05.090" endtime="20190524 23:12:06.093"></status>
</kw>
<status status="PASS" starttime="20190524 23:12:04.838" endtime="20190524 23:12:06.093"></status>
</kw>
<kw name="${i} = 1" type="foritem">
<kw name="Serial Send" library="SerialLibrary">
<doc>功能:</doc>
<arguments>
<arg>(CESHI)GPS INFO</arg>
<arg>(CESHI)GPS</arg>
</arguments>
<assign>
<var>${a}</var>
</assign>
<msg timestamp="20190524 23:12:06.302" level="INFO">发送串口数据: (CESHI)GPS INFO
应该收到串口数据: (CESHI)GPS
实际接收到的数据:  (CESHI)GPS V,,OK,2,2|3295|0|0|3286|1905231105|1,0,0,0,0,ditu.google.cn/?q=30.210963N,120.221408E</msg>
<msg timestamp="20190524 23:12:06.302" level="INFO">${a} = (CESHI)GPS V,,OK,2,2|3295|0|0|3286|1905231105|1,0,0,0,0,ditu.google.cn/?q=30.210963N,120.221408E</msg>
<status status="PASS" starttime="20190524 23:12:06.096" endtime="20190524 23:12:06.303"></status>
</kw>
<kw name="Get Str 1" library="Utils">
<doc>功能：</doc>
<arguments>
<arg>${a}</arg>
<arg>2</arg>
</arguments>
<assign>
<var>${b}</var>
</assign>
<msg timestamp="20190524 23:12:06.305" level="INFO">['(CESHI)GPS', 'V', 'OK', '2', '2|3295|0|0|3286|1905231105|1', '0', '0', '0', '0', 'ditu.google.cn/?q=30.210963N']</msg>
<msg timestamp="20190524 23:12:06.306" level="INFO">${b} = V</msg>
<status status="PASS" starttime="20190524 23:12:06.304" endtime="20190524 23:12:06.306"></status>
</kw>
<kw name="Get Str 1" library="Utils">
<doc>功能：</doc>
<arguments>
<arg>${a}</arg>
<arg>3</arg>
</arguments>
<assign>
<var>${d}</var>
</assign>
<msg timestamp="20190524 23:12:06.308" level="INFO">['(CESHI)GPS', 'V', 'OK', '2', '2|3295|0|0|3286|1905231105|1', '0', '0', '0', '0', 'ditu.google.cn/?q=30.210963N']</msg>
<msg timestamp="20190524 23:12:06.309" level="INFO">${d} = OK</msg>
<status status="PASS" starttime="20190524 23:12:06.307" endtime="20190524 23:12:06.309"></status>
</kw>
<kw name="Get Str 1" library="Utils">
<doc>功能：</doc>
<arguments>
<arg>${a}</arg>
<arg>6</arg>
</arguments>
<assign>
<var>${e}</var>
</assign>
<msg timestamp="20190524 23:12:06.311" level="INFO">['(CESHI)GPS', 'V', 'OK', '2', '2|3295|0|0|3286|1905231105|1', '0', '0', '0', '0', 'ditu.google.cn/?q=30.210963N']</msg>
<msg timestamp="20190524 23:12:06.312" level="INFO">${e} = 0</msg>
<status status="PASS" starttime="20190524 23:12:06.310" endtime="20190524 23:12:06.312"></status>
</kw>
<kw name="Exit For Loop If" library="BuiltIn">
<doc>Stops executing the enclosing for loop if the ``condition`` is true.</doc>
<arguments>
<arg>'${b}'=='${GPS01}' and '${d}'=='${GPS03}' and ${e}&gt;${GPS04}</arg>
</arguments>
<status status="PASS" starttime="20190524 23:12:06.313" endtime="20190524 23:12:06.315"></status>
</kw>
<kw name="Sleep" library="BuiltIn">
<doc>Pauses the test executed for the given time.</doc>
<arguments>
<arg>1</arg>
</arguments>
<msg timestamp="20190524 23:12:07.317" level="INFO">Slept 1 second</msg>
<status status="PASS" starttime="20190524 23:12:06.316" endtime="20190524 23:12:07.318"></status>
</kw>
<status status="PASS" starttime="20190524 23:12:06.094" endtime="20190524 23:12:07.318"></status>
</kw>
<kw name="${i} = 2" type="foritem">
<kw name="Serial Send" library="SerialLibrary">
<doc>功能:</doc>
<arguments>
<arg>(CESHI)GPS INFO</arg>
<arg>(CESHI)GPS</arg>
</arguments>
<assign>
<var>${a}</var>
</assign>
<msg timestamp="20190524 23:12:07.523" level="INFO">发送串口数据: (CESHI)GPS INFO
应该收到串口数据: (CESHI)GPS
实际接收到的数据:  (CESHI)GPS V,,OK,2,2|3295|0|0|3286|1905231105|1,0,0,0,0,ditu.google.cn/?q=30.210963N,120.221408E</msg>
<msg timestamp="20190524 23:12:07.524" level="INFO">${a} = (CESHI)GPS V,,OK,2,2|3295|0|0|3286|1905231105|1,0,0,0,0,ditu.google.cn/?q=30.210963N,120.221408E</msg>
<status status="PASS" starttime="20190524 23:12:07.320" endtime="20190524 23:12:07.524"></status>
</kw>
<kw name="Get Str 1" library="Utils">
<doc>功能：</doc>
<arguments>
<arg>${a}</arg>
<arg>2</arg>
</arguments>
<assign>
<var>${b}</var>
</assign>
<msg timestamp="20190524 23:12:07.527" level="INFO">['(CESHI)GPS', 'V', 'OK', '2', '2|3295|0|0|3286|1905231105|1', '0', '0', '0', '0', 'ditu.google.cn/?q=30.210963N']</msg>
<msg timestamp="20190524 23:12:07.527" level="INFO">${b} = V</msg>
<status status="PASS" starttime="20190524 23:12:07.525" endtime="20190524 23:12:07.527"></status>
</kw>
<kw name="Get Str 1" library="Utils">
<doc>功能：</doc>
<arguments>
<arg>${a}</arg>
<arg>3</arg>
</arguments>
<assign>
<var>${d}</var>
</assign>
<msg timestamp="20190524 23:12:07.530" level="INFO">['(CESHI)GPS', 'V', 'OK', '2', '2|3295|0|0|3286|1905231105|1', '0', '0', '0', '0', 'ditu.google.cn/?q=30.210963N']</msg>
<msg timestamp="20190524 23:12:07.530" level="INFO">${d} = OK</msg>
<status status="PASS" starttime="20190524 23:12:07.528" endtime="20190524 23:12:07.531"></status>
</kw>
<kw name="Get Str 1" library="Utils">
<doc>功能：</doc>
<arguments>
<arg>${a}</arg>
<arg>6</arg>
</arguments>
<assign>
<var>${e}</var>
</assign>
<msg timestamp="20190524 23:12:07.533" level="INFO">['(CESHI)GPS', 'V', 'OK', '2', '2|3295|0|0|3286|1905231105|1', '0', '0', '0', '0', 'ditu.google.cn/?q=30.210963N']</msg>
<msg timestamp="20190524 23:12:07.533" level="INFO">${e} = 0</msg>
<status status="PASS" starttime="20190524 23:12:07.531" endtime="20190524 23:12:07.534"></status>
</kw>
<kw name="Exit For Loop If" library="BuiltIn">
<doc>Stops executing the enclosing for loop if the ``condition`` is true.</doc>
<arguments>
<arg>'${b}'=='${GPS01}' and '${d}'=='${GPS03}' and ${e}&gt;${GPS04}</arg>
</arguments>
<status status="PASS" starttime="20190524 23:12:07.534" endtime="20190524 23:12:07.537"></status>
</kw>
<kw name="Sleep" library="BuiltIn">
<doc>Pauses the test executed for the given time.</doc>
<arguments>
<arg>1</arg>
</arguments>
<msg timestamp="20190524 23:12:08.539" level="INFO">Slept 1 second</msg>
<status status="PASS" starttime="20190524 23:12:07.538" endtime="20190524 23:12:08.541"></status>
</kw>
<status status="PASS" starttime="20190524 23:12:07.319" endtime="20190524 23:12:08.541"></status>
</kw>
<kw name="${i} = 3" type="foritem">
<kw name="Serial Send" library="SerialLibrary">
<doc>功能:</doc>
<arguments>
<arg>(CESHI)GPS INFO</arg>
<arg>(CESHI)GPS</arg>
</arguments>
<assign>
<var>${a}</var>
</assign>
<msg timestamp="20190524 23:12:08.749" level="INFO">发送串口数据: (CESHI)GPS INFO
应该收到串口数据: (CESHI)GPS
实际接收到的数据:  (CESHI)GPS V,,OK,2,2|3295|0|0|3286|1905231105|1,0,0,0,0,ditu.google.cn/?q=30.210963N,120.221408E</msg>
<msg timestamp="20190524 23:12:08.750" level="INFO">${a} = (CESHI)GPS V,,OK,2,2|3295|0|0|3286|1905231105|1,0,0,0,0,ditu.google.cn/?q=30.210963N,120.221408E</msg>
<status status="PASS" starttime="20190524 23:12:08.544" endtime="20190524 23:12:08.750"></status>
</kw>
<kw name="Get Str 1" library="Utils">
<doc>功能：</doc>
<arguments>
<arg>${a}</arg>
<arg>2</arg>
</arguments>
<assign>
<var>${b}</var>
</assign>
<msg timestamp="20190524 23:12:08.753" level="INFO">['(CESHI)GPS', 'V', 'OK', '2', '2|3295|0|0|3286|1905231105|1', '0', '0', '0', '0', 'ditu.google.cn/?q=30.210963N']</msg>
<msg timestamp="20190524 23:12:08.754" level="INFO">${b} = V</msg>
<status status="PASS" starttime="20190524 23:12:08.751" endtime="20190524 23:12:08.754"></status>
</kw>
<kw name="Get Str 1" library="Utils">
<doc>功能：</doc>
<arguments>
<arg>${a}</arg>
<arg>3</arg>
</arguments>
<assign>
<var>${d}</var>
</assign>
<msg timestamp="20190524 23:12:08.757" level="INFO">['(CESHI)GPS', 'V', 'OK', '2', '2|3295|0|0|3286|1905231105|1', '0', '0', '0', '0', 'ditu.google.cn/?q=30.210963N']</msg>
<msg timestamp="20190524 23:12:08.758" level="INFO">${d} = OK</msg>
<status status="PASS" starttime="20190524 23:12:08.755" endtime="20190524 23:12:08.758"></status>
</kw>
<kw name="Get Str 1" library="Utils">
<doc>功能：</doc>
<arguments>
<arg>${a}</arg>
<arg>6</arg>
</arguments>
<assign>
<var>${e}</var>
</assign>
<msg timestamp="20190524 23:12:08.760" level="INFO">['(CESHI)GPS', 'V', 'OK', '2', '2|3295|0|0|3286|1905231105|1', '0', '0', '0', '0', 'ditu.google.cn/?q=30.210963N']</msg>
<msg timestamp="20190524 23:12:08.761" level="INFO">${e} = 0</msg>
<status status="PASS" starttime="20190524 23:12:08.759" endtime="20190524 23:12:08.761"></status>
</kw>
<kw name="Exit For Loop If" library="BuiltIn">
<doc>Stops executing the enclosing for loop if the ``condition`` is true.</doc>
<arguments>
<arg>'${b}'=='${GPS01}' and '${d}'=='${GPS03}' and ${e}&gt;${GPS04}</arg>
</arguments>
<status status="PASS" starttime="20190524 23:12:08.762" endtime="20190524 23:12:08.764"></status>
</kw>
<kw name="Sleep" library="BuiltIn">
<doc>Pauses the test executed for the given time.</doc>
<arguments>
<arg>1</arg>
</arguments>
<msg timestamp="20190524 23:12:09.766" level="INFO">Slept 1 second</msg>
<status status="PASS" starttime="20190524 23:12:08.765" endtime="20190524 23:12:09.768"></status>
</kw>
<status status="PASS" starttime="20190524 23:12:08.542" endtime="20190524 23:12:09.768"></status>
</kw>
<kw name="${i} = 4" type="foritem">
<kw name="Serial Send" library="SerialLibrary">
<doc>功能:</doc>
<arguments>
<arg>(CESHI)GPS INFO</arg>
<arg>(CESHI)GPS</arg>
</arguments>
<assign>
<var>${a}</var>
</assign>
<msg timestamp="20190524 23:12:09.976" level="INFO">发送串口数据: (CESHI)GPS INFO
应该收到串口数据: (CESHI)GPS
实际接收到的数据:  (CESHI)GPS V,,OK,2,2|3295|0|0|3286|1905231105|1,0,0,0,0,ditu.google.cn/?q=30.210963N,120.221408E</msg>
<msg timestamp="20190524 23:12:09.978" level="INFO">${a} = (CESHI)GPS V,,OK,2,2|3295|0|0|3286|1905231105|1,0,0,0,0,ditu.google.cn/?q=30.210963N,120.221408E</msg>
<status status="PASS" starttime="20190524 23:12:09.771" endtime="20190524 23:12:09.978"></status>
</kw>
<kw name="Get Str 1" library="Utils">
<doc>功能：</doc>
<arguments>
<arg>${a}</arg>
<arg>2</arg>
</arguments>
<assign>
<var>${b}</var>
</assign>
<msg timestamp="20190524 23:12:09.980" level="INFO">['(CESHI)GPS', 'V', 'OK', '2', '2|3295|0|0|3286|1905231105|1', '0', '0', '0', '0', 'ditu.google.cn/?q=30.210963N']</msg>
<msg timestamp="20190524 23:12:09.981" level="INFO">${b} = V</msg>
<status status="PASS" starttime="20190524 23:12:09.979" endtime="20190524 23:12:09.981"></status>
</kw>
<kw name="Get Str 1" library="Utils">
<doc>功能：</doc>
<arguments>
<arg>${a}</arg>
<arg>3</arg>
</arguments>
<assign>
<var>${d}</var>
</assign>
<msg timestamp="20190524 23:12:09.984" level="INFO">['(CESHI)GPS', 'V', 'OK', '2', '2|3295|0|0|3286|1905231105|1', '0', '0', '0', '0', 'ditu.google.cn/?q=30.210963N']</msg>
<msg timestamp="20190524 23:12:09.984" level="INFO">${d} = OK</msg>
<status status="PASS" starttime="20190524 23:12:09.982" endtime="20190524 23:12:09.985"></status>
</kw>
<kw name="Get Str 1" library="Utils">
<doc>功能：</doc>
<arguments>
<arg>${a}</arg>
<arg>6</arg>
</arguments>
<assign>
<var>${e}</var>
</assign>
<msg timestamp="20190524 23:12:09.987" level="INFO">['(CESHI)GPS', 'V', 'OK', '2', '2|3295|0|0|3286|1905231105|1', '0', '0', '0', '0', 'ditu.google.cn/?q=30.210963N']</msg>
<msg timestamp="20190524 23:12:09.988" level="INFO">${e} = 0</msg>
<status status="PASS" starttime="20190524 23:12:09.986" endtime="20190524 23:12:09.988"></status>
</kw>
<kw name="Exit For Loop If" library="BuiltIn">
<doc>Stops executing the enclosing for loop if the ``condition`` is true.</doc>
<arguments>
<arg>'${b}'=='${GPS01}' and '${d}'=='${GPS03}' and ${e}&gt;${GPS04}</arg>
</arguments>
<status status="PASS" starttime="20190524 23:12:09.989" endtime="20190524 23:12:09.991"></status>
</kw>
<kw name="Sleep" library="BuiltIn">
<doc>Pauses the test executed for the given time.</doc>
<arguments>
<arg>1</arg>
</arguments>
<msg timestamp="20190524 23:12:10.993" level="INFO">Slept 1 second</msg>
<status status="PASS" starttime="20190524 23:12:09.992" endtime="20190524 23:12:10.995"></status>
</kw>
<status status="PASS" starttime="20190524 23:12:09.769" endtime="20190524 23:12:10.995"></status>
</kw>
<kw name="${i} = 5" type="foritem">
<kw name="Serial Send" library="SerialLibrary">
<doc>功能:</doc>
<arguments>
<arg>(CESHI)GPS INFO</arg>
<arg>(CESHI)GPS</arg>
</arguments>
<assign>
<var>${a}</var>
</assign>
<msg timestamp="20190524 23:12:11.203" level="INFO">发送串口数据: (CESHI)GPS INFO
应该收到串口数据: (CESHI)GPS
实际接收到的数据:  (CESHI)GPS V,,OK,2,2|3295|0|0|3286|1905231105|1,0,0,0,0,ditu.google.cn/?q=30.210963N,120.221408E</msg>
<msg timestamp="20190524 23:12:11.204" level="INFO">${a} = (CESHI)GPS V,,OK,2,2|3295|0|0|3286|1905231105|1,0,0,0,0,ditu.google.cn/?q=30.210963N,120.221408E</msg>
<status status="PASS" starttime="20190524 23:12:10.998" endtime="20190524 23:12:11.204"></status>
</kw>
<kw name="Get Str 1" library="Utils">
<doc>功能：</doc>
<arguments>
<arg>${a}</arg>
<arg>2</arg>
</arguments>
<assign>
<var>${b}</var>
</assign>
<msg timestamp="20190524 23:12:11.207" level="INFO">['(CESHI)GPS', 'V', 'OK', '2', '2|3295|0|0|3286|1905231105|1', '0', '0', '0', '0', 'ditu.google.cn/?q=30.210963N']</msg>
<msg timestamp="20190524 23:12:11.207" level="INFO">${b} = V</msg>
<status status="PASS" starttime="20190524 23:12:11.205" endtime="20190524 23:12:11.207"></status>
</kw>
<kw name="Get Str 1" library="Utils">
<doc>功能：</doc>
<arguments>
<arg>${a}</arg>
<arg>3</arg>
</arguments>
<assign>
<var>${d}</var>
</assign>
<msg timestamp="20190524 23:12:11.210" level="INFO">['(CESHI)GPS', 'V', 'OK', '2', '2|3295|0|0|3286|1905231105|1', '0', '0', '0', '0', 'ditu.google.cn/?q=30.210963N']</msg>
<msg timestamp="20190524 23:12:11.210" level="INFO">${d} = OK</msg>
<status status="PASS" starttime="20190524 23:12:11.208" endtime="20190524 23:12:11.210"></status>
</kw>
<kw name="Get Str 1" library="Utils">
<doc>功能：</doc>
<arguments>
<arg>${a}</arg>
<arg>6</arg>
</arguments>
<assign>
<var>${e}</var>
</assign>
<msg timestamp="20190524 23:12:11.213" level="INFO">['(CESHI)GPS', 'V', 'OK', '2', '2|3295|0|0|3286|1905231105|1', '0', '0', '0', '0', 'ditu.google.cn/?q=30.210963N']</msg>
<msg timestamp="20190524 23:12:11.213" level="INFO">${e} = 0</msg>
<status status="PASS" starttime="20190524 23:12:11.211" endtime="20190524 23:12:11.213"></status>
</kw>
<kw name="Exit For Loop If" library="BuiltIn">
<doc>Stops executing the enclosing for loop if the ``condition`` is true.</doc>
<arguments>
<arg>'${b}'=='${GPS01}' and '${d}'=='${GPS03}' and ${e}&gt;${GPS04}</arg>
</arguments>
<status status="PASS" starttime="20190524 23:12:11.214" endtime="20190524 23:12:11.217"></status>
</kw>
<kw name="Sleep" library="BuiltIn">
<doc>Pauses the test executed for the given time.</doc>
<arguments>
<arg>1</arg>
</arguments>
<msg timestamp="20190524 23:12:12.219" level="INFO">Slept 1 second</msg>
<status status="PASS" starttime="20190524 23:12:11.218" endtime="20190524 23:12:12.220"></status>
</kw>
<status status="PASS" starttime="20190524 23:12:10.996" endtime="20190524 23:12:12.221"></status>
</kw>
<kw name="${i} = 6" type="foritem">
<kw name="Serial Send" library="SerialLibrary">
<doc>功能:</doc>
<arguments>
<arg>(CESHI)GPS INFO</arg>
<arg>(CESHI)GPS</arg>
</arguments>
<assign>
<var>${a}</var>
</assign>
<msg timestamp="20190524 23:12:12.429" level="INFO">发送串口数据: (CESHI)GPS INFO
应该收到串口数据: (CESHI)GPS
实际接收到的数据:  (CESHI)GPS V,,OK,2,2|3295|0|0|3286|1905231105|1,0,0,0,0,ditu.google.cn/?q=30.210963N,120.221408E</msg>
<msg timestamp="20190524 23:12:12.430" level="INFO">${a} = (CESHI)GPS V,,OK,2,2|3295|0|0|3286|1905231105|1,0,0,0,0,ditu.google.cn/?q=30.210963N,120.221408E</msg>
<status status="PASS" starttime="20190524 23:12:12.223" endtime="20190524 23:12:12.430"></status>
</kw>
<kw name="Get Str 1" library="Utils">
<doc>功能：</doc>
<arguments>
<arg>${a}</arg>
<arg>2</arg>
</arguments>
<assign>
<var>${b}</var>
</assign>
<msg timestamp="20190524 23:12:12.433" level="INFO">['(CESHI)GPS', 'V', 'OK', '2', '2|3295|0|0|3286|1905231105|1', '0', '0', '0', '0', 'ditu.google.cn/?q=30.210963N']</msg>
<msg timestamp="20190524 23:12:12.433" level="INFO">${b} = V</msg>
<status status="PASS" starttime="20190524 23:12:12.431" endtime="20190524 23:12:12.434"></status>
</kw>
<kw name="Get Str 1" library="Utils">
<doc>功能：</doc>
<arguments>
<arg>${a}</arg>
<arg>3</arg>
</arguments>
<assign>
<var>${d}</var>
</assign>
<msg timestamp="20190524 23:12:12.436" level="INFO">['(CESHI)GPS', 'V', 'OK', '2', '2|3295|0|0|3286|1905231105|1', '0', '0', '0', '0', 'ditu.google.cn/?q=30.210963N']</msg>
<msg timestamp="20190524 23:12:12.437" level="INFO">${d} = OK</msg>
<status status="PASS" starttime="20190524 23:12:12.435" endtime="20190524 23:12:12.437"></status>
</kw>
<kw name="Get Str 1" library="Utils">
<doc>功能：</doc>
<arguments>
<arg>${a}</arg>
<arg>6</arg>
</arguments>
<assign>
<var>${e}</var>
</assign>
<msg timestamp="20190524 23:12:12.439" level="INFO">['(CESHI)GPS', 'V', 'OK', '2', '2|3295|0|0|3286|1905231105|1', '0', '0', '0', '0', 'ditu.google.cn/?q=30.210963N']</msg>
<msg timestamp="20190524 23:12:12.440" level="INFO">${e} = 0</msg>
<status status="PASS" starttime="20190524 23:12:12.438" endtime="20190524 23:12:12.440"></status>
</kw>
<kw name="Exit For Loop If" library="BuiltIn">
<doc>Stops executing the enclosing for loop if the ``condition`` is true.</doc>
<arguments>
<arg>'${b}'=='${GPS01}' and '${d}'=='${GPS03}' and ${e}&gt;${GPS04}</arg>
</arguments>
<status status="PASS" starttime="20190524 23:12:12.441" endtime="20190524 23:12:12.443"></status>
</kw>
<kw name="Sleep" library="BuiltIn">
<doc>Pauses the test executed for the given time.</doc>
<arguments>
<arg>1</arg>
</arguments>
<msg timestamp="20190524 23:12:13.445" level="INFO">Slept 1 second</msg>
<status status="PASS" starttime="20190524 23:12:12.444" endtime="20190524 23:12:13.447"></status>
</kw>
<status status="PASS" starttime="20190524 23:12:12.222" endtime="20190524 23:12:13.448"></status>
</kw>
<kw name="${i} = 7" type="foritem">
<kw name="Serial Send" library="SerialLibrary">
<doc>功能:</doc>
<arguments>
<arg>(CESHI)GPS INFO</arg>
<arg>(CESHI)GPS</arg>
</arguments>
<assign>
<var>${a}</var>
</assign>
<msg timestamp="20190524 23:12:13.656" level="INFO">发送串口数据: (CESHI)GPS INFO
应该收到串口数据: (CESHI)GPS
实际接收到的数据:  (CESHI)GPS V,,OK,2,2|3295|0|0|3286|1905231105|1,0,0,0,0,ditu.google.cn/?q=30.210963N,120.221408E</msg>
<msg timestamp="20190524 23:12:13.657" level="INFO">${a} = (CESHI)GPS V,,OK,2,2|3295|0|0|3286|1905231105|1,0,0,0,0,ditu.google.cn/?q=30.210963N,120.221408E</msg>
<status status="PASS" starttime="20190524 23:12:13.450" endtime="20190524 23:12:13.657"></status>
</kw>
<kw name="Get Str 1" library="Utils">
<doc>功能：</doc>
<arguments>
<arg>${a}</arg>
<arg>2</arg>
</arguments>
<assign>
<var>${b}</var>
</assign>
<msg timestamp="20190524 23:12:13.660" level="INFO">['(CESHI)GPS', 'V', 'OK', '2', '2|3295|0|0|3286|1905231105|1', '0', '0', '0', '0', 'ditu.google.cn/?q=30.210963N']</msg>
<msg timestamp="20190524 23:12:13.660" level="INFO">${b} = V</msg>
<status status="PASS" starttime="20190524 23:12:13.658" endtime="20190524 23:12:13.660"></status>
</kw>
<kw name="Get Str 1" library="Utils">
<doc>功能：</doc>
<arguments>
<arg>${a}</arg>
<arg>3</arg>
</arguments>
<assign>
<var>${d}</var>
</assign>
<msg timestamp="20190524 23:12:13.663" level="INFO">['(CESHI)GPS', 'V', 'OK', '2', '2|3295|0|0|3286|1905231105|1', '0', '0', '0', '0', 'ditu.google.cn/?q=30.210963N']</msg>
<msg timestamp="20190524 23:12:13.663" level="INFO">${d} = OK</msg>
<status status="PASS" starttime="20190524 23:12:13.661" endtime="20190524 23:12:13.663"></status>
</kw>
<kw name="Get Str 1" library="Utils">
<doc>功能：</doc>
<arguments>
<arg>${a}</arg>
<arg>6</arg>
</arguments>
<assign>
<var>${e}</var>
</assign>
<msg timestamp="20190524 23:12:13.665" level="INFO">['(CESHI)GPS', 'V', 'OK', '2', '2|3295|0|0|3286|1905231105|1', '0', '0', '0', '0', 'ditu.google.cn/?q=30.210963N']</msg>
<msg timestamp="20190524 23:12:13.666" level="INFO">${e} = 0</msg>
<status status="PASS" starttime="20190524 23:12:13.664" endtime="20190524 23:12:13.666"></status>
</kw>
<kw name="Exit For Loop If" library="BuiltIn">
<doc>Stops executing the enclosing for loop if the ``condition`` is true.</doc>
<arguments>
<arg>'${b}'=='${GPS01}' and '${d}'=='${GPS03}' and ${e}&gt;${GPS04}</arg>
</arguments>
<status status="PASS" starttime="20190524 23:12:13.667" endtime="20190524 23:12:13.671"></status>
</kw>
<kw name="Sleep" library="BuiltIn">
<doc>Pauses the test executed for the given time.</doc>
<arguments>
<arg>1</arg>
</arguments>
<msg timestamp="20190524 23:12:14.673" level="INFO">Slept 1 second</msg>
<status status="PASS" starttime="20190524 23:12:13.672" endtime="20190524 23:12:14.674"></status>
</kw>
<status status="PASS" starttime="20190524 23:12:13.449" endtime="20190524 23:12:14.675"></status>
</kw>
<kw name="${i} = 8" type="foritem">
<kw name="Serial Send" library="SerialLibrary">
<doc>功能:</doc>
<arguments>
<arg>(CESHI)GPS INFO</arg>
<arg>(CESHI)GPS</arg>
</arguments>
<assign>
<var>${a}</var>
</assign>
<msg timestamp="20190524 23:12:14.888" level="INFO">发送串口数据: (CESHI)GPS INFO
应该收到串口数据: (CESHI)GPS
实际接收到的数据:  (CESHI)GPS V,,OK,2,2|3295|0|0|3286|1905231105|1,0,0,0,0,ditu.google.cn/?q=30.210963N,120.221408E</msg>
<msg timestamp="20190524 23:12:14.889" level="INFO">${a} = (CESHI)GPS V,,OK,2,2|3295|0|0|3286|1905231105|1,0,0,0,0,ditu.google.cn/?q=30.210963N,120.221408E</msg>
<status status="PASS" starttime="20190524 23:12:14.677" endtime="20190524 23:12:14.889"></status>
</kw>
<kw name="Get Str 1" library="Utils">
<doc>功能：</doc>
<arguments>
<arg>${a}</arg>
<arg>2</arg>
</arguments>
<assign>
<var>${b}</var>
</assign>
<msg timestamp="20190524 23:12:14.891" level="INFO">['(CESHI)GPS', 'V', 'OK', '2', '2|3295|0|0|3286|1905231105|1', '0', '0', '0', '0', 'ditu.google.cn/?q=30.210963N']</msg>
<msg timestamp="20190524 23:12:14.892" level="INFO">${b} = V</msg>
<status status="PASS" starttime="20190524 23:12:14.890" endtime="20190524 23:12:14.892"></status>
</kw>
<kw name="Get Str 1" library="Utils">
<doc>功能：</doc>
<arguments>
<arg>${a}</arg>
<arg>3</arg>
</arguments>
<assign>
<var>${d}</var>
</assign>
<msg timestamp="20190524 23:12:14.894" level="INFO">['(CESHI)GPS', 'V', 'OK', '2', '2|3295|0|0|3286|1905231105|1', '0', '0', '0', '0', 'ditu.google.cn/?q=30.210963N']</msg>
<msg timestamp="20190524 23:12:14.895" level="INFO">${d} = OK</msg>
<status status="PASS" starttime="20190524 23:12:14.893" endtime="20190524 23:12:14.895"></status>
</kw>
<kw name="Get Str 1" library="Utils">
<doc>功能：</doc>
<arguments>
<arg>${a}</arg>
<arg>6</arg>
</arguments>
<assign>
<var>${e}</var>
</assign>
<msg timestamp="20190524 23:12:14.897" level="INFO">['(CESHI)GPS', 'V', 'OK', '2', '2|3295|0|0|3286|1905231105|1', '0', '0', '0', '0', 'ditu.google.cn/?q=30.210963N']</msg>
<msg timestamp="20190524 23:12:14.898" level="INFO">${e} = 0</msg>
<status status="PASS" starttime="20190524 23:12:14.896" endtime="20190524 23:12:14.898"></status>
</kw>
<kw name="Exit For Loop If" library="BuiltIn">
<doc>Stops executing the enclosing for loop if the ``condition`` is true.</doc>
<arguments>
<arg>'${b}'=='${GPS01}' and '${d}'=='${GPS03}' and ${e}&gt;${GPS04}</arg>
</arguments>
<status status="PASS" starttime="20190524 23:12:14.899" endtime="20190524 23:12:14.901"></status>
</kw>
<kw name="Sleep" library="BuiltIn">
<doc>Pauses the test executed for the given time.</doc>
<arguments>
<arg>1</arg>
</arguments>
<msg timestamp="20190524 23:12:15.903" level="INFO">Slept 1 second</msg>
<status status="PASS" starttime="20190524 23:12:14.902" endtime="20190524 23:12:15.905"></status>
</kw>
<status status="PASS" starttime="20190524 23:12:14.676" endtime="20190524 23:12:15.905"></status>
</kw>
<kw name="${i} = 9" type="foritem">
<kw name="Serial Send" library="SerialLibrary">
<doc>功能:</doc>
<arguments>
<arg>(CESHI)GPS INFO</arg>
<arg>(CESHI)GPS</arg>
</arguments>
<assign>
<var>${a}</var>
</assign>
<msg timestamp="20190524 23:12:16.114" level="INFO">发送串口数据: (CESHI)GPS INFO
应该收到串口数据: (CESHI)GPS
实际接收到的数据:  (CESHI)GPS V,,OK,2,2|3295|0|0|3286|1905231105|1,0,0,0,0,ditu.google.cn/?q=30.210963N,120.221408E</msg>
<msg timestamp="20190524 23:12:16.115" level="INFO">${a} = (CESHI)GPS V,,OK,2,2|3295|0|0|3286|1905231105|1,0,0,0,0,ditu.google.cn/?q=30.210963N,120.221408E</msg>
<status status="PASS" starttime="20190524 23:12:15.908" endtime="20190524 23:12:16.115"></status>
</kw>
<kw name="Get Str 1" library="Utils">
<doc>功能：</doc>
<arguments>
<arg>${a}</arg>
<arg>2</arg>
</arguments>
<assign>
<var>${b}</var>
</assign>
<msg timestamp="20190524 23:12:16.117" level="INFO">['(CESHI)GPS', 'V', 'OK', '2', '2|3295|0|0|3286|1905231105|1', '0', '0', '0', '0', 'ditu.google.cn/?q=30.210963N']</msg>
<msg timestamp="20190524 23:12:16.118" level="INFO">${b} = V</msg>
<status status="PASS" starttime="20190524 23:12:16.116" endtime="20190524 23:12:16.118"></status>
</kw>
<kw name="Get Str 1" library="Utils">
<doc>功能：</doc>
<arguments>
<arg>${a}</arg>
<arg>3</arg>
</arguments>
<assign>
<var>${d}</var>
</assign>
<msg timestamp="20190524 23:12:16.120" level="INFO">['(CESHI)GPS', 'V', 'OK', '2', '2|3295|0|0|3286|1905231105|1', '0', '0', '0', '0', 'ditu.google.cn/?q=30.210963N']</msg>
<msg timestamp="20190524 23:12:16.121" level="INFO">${d} = OK</msg>
<status status="PASS" starttime="20190524 23:12:16.119" endtime="20190524 23:12:16.121"></status>
</kw>
<kw name="Get Str 1" library="Utils">
<doc>功能：</doc>
<arguments>
<arg>${a}</arg>
<arg>6</arg>
</arguments>
<assign>
<var>${e}</var>
</assign>
<msg timestamp="20190524 23:12:16.124" level="INFO">['(CESHI)GPS', 'V', 'OK', '2', '2|3295|0|0|3286|1905231105|1', '0', '0', '0', '0', 'ditu.google.cn/?q=30.210963N']</msg>
<msg timestamp="20190524 23:12:16.125" level="INFO">${e} = 0</msg>
<status status="PASS" starttime="20190524 23:12:16.122" endtime="20190524 23:12:16.125"></status>
</kw>
<kw name="Exit For Loop If" library="BuiltIn">
<doc>Stops executing the enclosing for loop if the ``condition`` is true.</doc>
<arguments>
<arg>'${b}'=='${GPS01}' and '${d}'=='${GPS03}' and ${e}&gt;${GPS04}</arg>
</arguments>
<status status="PASS" starttime="20190524 23:12:16.127" endtime="20190524 23:12:16.129"></status>
</kw>
<kw name="Sleep" library="BuiltIn">
<doc>Pauses the test executed for the given time.</doc>
<arguments>
<arg>1</arg>
</arguments>
<msg timestamp="20190524 23:12:17.132" level="INFO">Slept 1 second</msg>
<status status="PASS" starttime="20190524 23:12:16.130" endtime="20190524 23:12:17.133"></status>
</kw>
<status status="PASS" starttime="20190524 23:12:15.906" endtime="20190524 23:12:17.134"></status>
</kw>
<kw name="${i} = 10" type="foritem">
<kw name="Serial Send" library="SerialLibrary">
<doc>功能:</doc>
<arguments>
<arg>(CESHI)GPS INFO</arg>
<arg>(CESHI)GPS</arg>
</arguments>
<assign>
<var>${a}</var>
</assign>
<msg timestamp="20190524 23:12:17.342" level="INFO">发送串口数据: (CESHI)GPS INFO
应该收到串口数据: (CESHI)GPS
实际接收到的数据:  (CESHI)GPS V,,OK,2,2|3294|0|0|3286|1905231105|1,0,0,0,0,ditu.google.cn/?q=30.210963N,120.221408E</msg>
<msg timestamp="20190524 23:12:17.343" level="INFO">${a} = (CESHI)GPS V,,OK,2,2|3294|0|0|3286|1905231105|1,0,0,0,0,ditu.google.cn/?q=30.210963N,120.221408E</msg>
<status status="PASS" starttime="20190524 23:12:17.136" endtime="20190524 23:12:17.343"></status>
</kw>
<kw name="Get Str 1" library="Utils">
<doc>功能：</doc>
<arguments>
<arg>${a}</arg>
<arg>2</arg>
</arguments>
<assign>
<var>${b}</var>
</assign>
<msg timestamp="20190524 23:12:17.345" level="INFO">['(CESHI)GPS', 'V', 'OK', '2', '2|3294|0|0|3286|1905231105|1', '0', '0', '0', '0', 'ditu.google.cn/?q=30.210963N']</msg>
<msg timestamp="20190524 23:12:17.346" level="INFO">${b} = V</msg>
<status status="PASS" starttime="20190524 23:12:17.344" endtime="20190524 23:12:17.346"></status>
</kw>
<kw name="Get Str 1" library="Utils">
<doc>功能：</doc>
<arguments>
<arg>${a}</arg>
<arg>3</arg>
</arguments>
<assign>
<var>${d}</var>
</assign>
<msg timestamp="20190524 23:12:17.349" level="INFO">['(CESHI)GPS', 'V', 'OK', '2', '2|3294|0|0|3286|1905231105|1', '0', '0', '0', '0', 'ditu.google.cn/?q=30.210963N']</msg>
<msg timestamp="20190524 23:12:17.349" level="INFO">${d} = OK</msg>
<status status="PASS" starttime="20190524 23:12:17.347" endtime="20190524 23:12:17.350"></status>
</kw>
<kw name="Get Str 1" library="Utils">
<doc>功能：</doc>
<arguments>
<arg>${a}</arg>
<arg>6</arg>
</arguments>
<assign>
<var>${e}</var>
</assign>
<msg timestamp="20190524 23:12:17.352" level="INFO">['(CESHI)GPS', 'V', 'OK', '2', '2|3294|0|0|3286|1905231105|1', '0', '0', '0', '0', 'ditu.google.cn/?q=30.210963N']</msg>
<msg timestamp="20190524 23:12:17.352" level="INFO">${e} = 0</msg>
<status status="PASS" starttime="20190524 23:12:17.350" endtime="20190524 23:12:17.353"></status>
</kw>
<kw name="Exit For Loop If" library="BuiltIn">
<doc>Stops executing the enclosing for loop if the ``condition`` is true.</doc>
<arguments>
<arg>'${b}'=='${GPS01}' and '${d}'=='${GPS03}' and ${e}&gt;${GPS04}</arg>
</arguments>
<status status="PASS" starttime="20190524 23:12:17.353" endtime="20190524 23:12:17.356"></status>
</kw>
<kw name="Sleep" library="BuiltIn">
<doc>Pauses the test executed for the given time.</doc>
<arguments>
<arg>1</arg>
</arguments>
<msg timestamp="20190524 23:12:18.358" level="INFO">Slept 1 second</msg>
<status status="PASS" starttime="20190524 23:12:17.357" endtime="20190524 23:12:18.360"></status>
</kw>
<status status="PASS" starttime="20190524 23:12:17.135" endtime="20190524 23:12:18.360"></status>
</kw>
<kw name="${i} = 11" type="foritem">
<kw name="Serial Send" library="SerialLibrary">
<doc>功能:</doc>
<arguments>
<arg>(CESHI)GPS INFO</arg>
<arg>(CESHI)GPS</arg>
</arguments>
<assign>
<var>${a}</var>
</assign>
<msg timestamp="20190524 23:12:18.569" level="INFO">发送串口数据: (CESHI)GPS INFO
应该收到串口数据: (CESHI)GPS
实际接收到的数据:  (CESHI)GPS V,,OK,2,2|3296|0|0|3286|1905231105|1,0,0,0,0,ditu.google.cn/?q=30.210963N,120.221408E</msg>
<msg timestamp="20190524 23:12:18.569" level="INFO">${a} = (CESHI)GPS V,,OK,2,2|3296|0|0|3286|1905231105|1,0,0,0,0,ditu.google.cn/?q=30.210963N,120.221408E</msg>
<status status="PASS" starttime="20190524 23:12:18.363" endtime="20190524 23:12:18.570"></status>
</kw>
<kw name="Get Str 1" library="Utils">
<doc>功能：</doc>
<arguments>
<arg>${a}</arg>
<arg>2</arg>
</arguments>
<assign>
<var>${b}</var>
</assign>
<msg timestamp="20190524 23:12:18.572" level="INFO">['(CESHI)GPS', 'V', 'OK', '2', '2|3296|0|0|3286|1905231105|1', '0', '0', '0', '0', 'ditu.google.cn/?q=30.210963N']</msg>
<msg timestamp="20190524 23:12:18.573" level="INFO">${b} = V</msg>
<status status="PASS" starttime="20190524 23:12:18.571" endtime="20190524 23:12:18.573"></status>
</kw>
<kw name="Get Str 1" library="Utils">
<doc>功能：</doc>
<arguments>
<arg>${a}</arg>
<arg>3</arg>
</arguments>
<assign>
<var>${d}</var>
</assign>
<msg timestamp="20190524 23:12:18.575" level="INFO">['(CESHI)GPS', 'V', 'OK', '2', '2|3296|0|0|3286|1905231105|1', '0', '0', '0', '0', 'ditu.google.cn/?q=30.210963N']</msg>
<msg timestamp="20190524 23:12:18.576" level="INFO">${d} = OK</msg>
<status status="PASS" starttime="20190524 23:12:18.574" endtime="20190524 23:12:18.576"></status>
</kw>
<kw name="Get Str 1" library="Utils">
<doc>功能：</doc>
<arguments>
<arg>${a}</arg>
<arg>6</arg>
</arguments>
<assign>
<var>${e}</var>
</assign>
<msg timestamp="20190524 23:12:18.579" level="INFO">['(CESHI)GPS', 'V', 'OK', '2', '2|3296|0|0|3286|1905231105|1', '0', '0', '0', '0', 'ditu.google.cn/?q=30.210963N']</msg>
<msg timestamp="20190524 23:12:18.579" level="INFO">${e} = 0</msg>
<status status="PASS" starttime="20190524 23:12:18.577" endtime="20190524 23:12:18.579"></status>
</kw>
<kw name="Exit For Loop If" library="BuiltIn">
<doc>Stops executing the enclosing for loop if the ``condition`` is true.</doc>
<arguments>
<arg>'${b}'=='${GPS01}' and '${d}'=='${GPS03}' and ${e}&gt;${GPS04}</arg>
</arguments>
<status status="PASS" starttime="20190524 23:12:18.580" endtime="20190524 23:12:18.583"></status>
</kw>
<kw name="Sleep" library="BuiltIn">
<doc>Pauses the test executed for the given time.</doc>
<arguments>
<arg>1</arg>
</arguments>
<msg timestamp="20190524 23:12:19.585" level="INFO">Slept 1 second</msg>
<status status="PASS" starttime="20190524 23:12:18.584" endtime="20190524 23:12:19.587"></status>
</kw>
<status status="PASS" starttime="20190524 23:12:18.361" endtime="20190524 23:12:19.587"></status>
</kw>
<kw name="${i} = 12" type="foritem">
<kw name="Serial Send" library="SerialLibrary">
<doc>功能:</doc>
<arguments>
<arg>(CESHI)GPS INFO</arg>
<arg>(CESHI)GPS</arg>
</arguments>
<assign>
<var>${a}</var>
</assign>
<msg timestamp="20190524 23:12:19.795" level="INFO">发送串口数据: (CESHI)GPS INFO
应该收到串口数据: (CESHI)GPS
实际接收到的数据:  (CESHI)GPS V,,OK,2,2|3295|0|0|3286|1905231105|1,0,0,0,0,ditu.google.cn/?q=30.210963N,120.221408E</msg>
<msg timestamp="20190524 23:12:19.796" level="INFO">${a} = (CESHI)GPS V,,OK,2,2|3295|0|0|3286|1905231105|1,0,0,0,0,ditu.google.cn/?q=30.210963N,120.221408E</msg>
<status status="PASS" starttime="20190524 23:12:19.590" endtime="20190524 23:12:19.796"></status>
</kw>
<kw name="Get Str 1" library="Utils">
<doc>功能：</doc>
<arguments>
<arg>${a}</arg>
<arg>2</arg>
</arguments>
<assign>
<var>${b}</var>
</assign>
<msg timestamp="20190524 23:12:19.799" level="INFO">['(CESHI)GPS', 'V', 'OK', '2', '2|3295|0|0|3286|1905231105|1', '0', '0', '0', '0', 'ditu.google.cn/?q=30.210963N']</msg>
<msg timestamp="20190524 23:12:19.799" level="INFO">${b} = V</msg>
<status status="PASS" starttime="20190524 23:12:19.797" endtime="20190524 23:12:19.800"></status>
</kw>
<kw name="Get Str 1" library="Utils">
<doc>功能：</doc>
<arguments>
<arg>${a}</arg>
<arg>3</arg>
</arguments>
<assign>
<var>${d}</var>
</assign>
<msg timestamp="20190524 23:12:19.802" level="INFO">['(CESHI)GPS', 'V', 'OK', '2', '2|3295|0|0|3286|1905231105|1', '0', '0', '0', '0', 'ditu.google.cn/?q=30.210963N']</msg>
<msg timestamp="20190524 23:12:19.803" level="INFO">${d} = OK</msg>
<status status="PASS" starttime="20190524 23:12:19.800" endtime="20190524 23:12:19.803"></status>
</kw>
<kw name="Get Str 1" library="Utils">
<doc>功能：</doc>
<arguments>
<arg>${a}</arg>
<arg>6</arg>
</arguments>
<assign>
<var>${e}</var>
</assign>
<msg timestamp="20190524 23:12:19.806" level="INFO">['(CESHI)GPS', 'V', 'OK', '2', '2|3295|0|0|3286|1905231105|1', '0', '0', '0', '0', 'ditu.google.cn/?q=30.210963N']</msg>
<msg timestamp="20190524 23:12:19.807" level="INFO">${e} = 0</msg>
<status status="PASS" starttime="20190524 23:12:19.804" endtime="20190524 23:12:19.808"></status>
</kw>
<kw name="Exit For Loop If" library="BuiltIn">
<doc>Stops executing the enclosing for loop if the ``condition`` is true.</doc>
<arguments>
<arg>'${b}'=='${GPS01}' and '${d}'=='${GPS03}' and ${e}&gt;${GPS04}</arg>
</arguments>
<status status="PASS" starttime="20190524 23:12:19.809" endtime="20190524 23:12:19.812"></status>
</kw>
<kw name="Sleep" library="BuiltIn">
<doc>Pauses the test executed for the given time.</doc>
<arguments>
<arg>1</arg>
</arguments>
<msg timestamp="20190524 23:12:20.814" level="INFO">Slept 1 second</msg>
<status status="PASS" starttime="20190524 23:12:19.813" endtime="20190524 23:12:20.816"></status>
</kw>
<status status="PASS" starttime="20190524 23:12:19.588" endtime="20190524 23:12:20.816"></status>
</kw>
<kw name="${i} = 13" type="foritem">
<kw name="Serial Send" library="SerialLibrary">
<doc>功能:</doc>
<arguments>
<arg>(CESHI)GPS INFO</arg>
<arg>(CESHI)GPS</arg>
</arguments>
<assign>
<var>${a}</var>
</assign>
<msg timestamp="20190524 23:12:21.025" level="INFO">发送串口数据: (CESHI)GPS INFO
应该收到串口数据: (CESHI)GPS
实际接收到的数据:  (CESHI)GPS V,,OK,2,2|3295|0|0|3286|1905231105|1,0,0,0,0,ditu.google.cn/?q=30.210963N,120.221408E</msg>
<msg timestamp="20190524 23:12:21.026" level="INFO">${a} = (CESHI)GPS V,,OK,2,2|3295|0|0|3286|1905231105|1,0,0,0,0,ditu.google.cn/?q=30.210963N,120.221408E</msg>
<status status="PASS" starttime="20190524 23:12:20.819" endtime="20190524 23:12:21.026"></status>
</kw>
<kw name="Get Str 1" library="Utils">
<doc>功能：</doc>
<arguments>
<arg>${a}</arg>
<arg>2</arg>
</arguments>
<assign>
<var>${b}</var>
</assign>
<msg timestamp="20190524 23:12:21.028" level="INFO">['(CESHI)GPS', 'V', 'OK', '2', '2|3295|0|0|3286|1905231105|1', '0', '0', '0', '0', 'ditu.google.cn/?q=30.210963N']</msg>
<msg timestamp="20190524 23:12:21.029" level="INFO">${b} = V</msg>
<status status="PASS" starttime="20190524 23:12:21.027" endtime="20190524 23:12:21.029"></status>
</kw>
<kw name="Get Str 1" library="Utils">
<doc>功能：</doc>
<arguments>
<arg>${a}</arg>
<arg>3</arg>
</arguments>
<assign>
<var>${d}</var>
</assign>
<msg timestamp="20190524 23:12:21.031" level="INFO">['(CESHI)GPS', 'V', 'OK', '2', '2|3295|0|0|3286|1905231105|1', '0', '0', '0', '0', 'ditu.google.cn/?q=30.210963N']</msg>
<msg timestamp="20190524 23:12:21.032" level="INFO">${d} = OK</msg>
<status status="PASS" starttime="20190524 23:12:21.030" endtime="20190524 23:12:21.032"></status>
</kw>
<kw name="Get Str 1" library="Utils">
<doc>功能：</doc>
<arguments>
<arg>${a}</arg>
<arg>6</arg>
</arguments>
<assign>
<var>${e}</var>
</assign>
<msg timestamp="20190524 23:12:21.034" level="INFO">['(CESHI)GPS', 'V', 'OK', '2', '2|3295|0|0|3286|1905231105|1', '0', '0', '0', '0', 'ditu.google.cn/?q=30.210963N']</msg>
<msg timestamp="20190524 23:12:21.035" level="INFO">${e} = 0</msg>
<status status="PASS" starttime="20190524 23:12:21.033" endtime="20190524 23:12:21.035"></status>
</kw>
<kw name="Exit For Loop If" library="BuiltIn">
<doc>Stops executing the enclosing for loop if the ``condition`` is true.</doc>
<arguments>
<arg>'${b}'=='${GPS01}' and '${d}'=='${GPS03}' and ${e}&gt;${GPS04}</arg>
</arguments>
<status status="PASS" starttime="20190524 23:12:21.036" endtime="20190524 23:12:21.039"></status>
</kw>
<kw name="Sleep" library="BuiltIn">
<doc>Pauses the test executed for the given time.</doc>
<arguments>
<arg>1</arg>
</arguments>
<msg timestamp="20190524 23:12:22.041" level="INFO">Slept 1 second</msg>
<status status="PASS" starttime="20190524 23:12:21.040" endtime="20190524 23:12:22.042"></status>
</kw>
<status status="PASS" starttime="20190524 23:12:20.817" endtime="20190524 23:12:22.043"></status>
</kw>
<kw name="${i} = 14" type="foritem">
<kw name="Serial Send" library="SerialLibrary">
<doc>功能:</doc>
<arguments>
<arg>(CESHI)GPS INFO</arg>
<arg>(CESHI)GPS</arg>
</arguments>
<assign>
<var>${a}</var>
</assign>
<msg timestamp="20190524 23:12:22.251" level="INFO">发送串口数据: (CESHI)GPS INFO
应该收到串口数据: (CESHI)GPS
实际接收到的数据:  (CESHI)GPS V,,OK,2,2|3294|0|0|3286|1905231105|1,0,0,0,0,ditu.google.cn/?q=30.210963N,120.221408E</msg>
<msg timestamp="20190524 23:12:22.252" level="INFO">${a} = (CESHI)GPS V,,OK,2,2|3294|0|0|3286|1905231105|1,0,0,0,0,ditu.google.cn/?q=30.210963N,120.221408E</msg>
<status status="PASS" starttime="20190524 23:12:22.045" endtime="20190524 23:12:22.252"></status>
</kw>
<kw name="Get Str 1" library="Utils">
<doc>功能：</doc>
<arguments>
<arg>${a}</arg>
<arg>2</arg>
</arguments>
<assign>
<var>${b}</var>
</assign>
<msg timestamp="20190524 23:12:22.255" level="INFO">['(CESHI)GPS', 'V', 'OK', '2', '2|3294|0|0|3286|1905231105|1', '0', '0', '0', '0', 'ditu.google.cn/?q=30.210963N']</msg>
<msg timestamp="20190524 23:12:22.255" level="INFO">${b} = V</msg>
<status status="PASS" starttime="20190524 23:12:22.253" endtime="20190524 23:12:22.255"></status>
</kw>
<kw name="Get Str 1" library="Utils">
<doc>功能：</doc>
<arguments>
<arg>${a}</arg>
<arg>3</arg>
</arguments>
<assign>
<var>${d}</var>
</assign>
<msg timestamp="20190524 23:12:22.258" level="INFO">['(CESHI)GPS', 'V', 'OK', '2', '2|3294|0|0|3286|1905231105|1', '0', '0', '0', '0', 'ditu.google.cn/?q=30.210963N']</msg>
<msg timestamp="20190524 23:12:22.258" level="INFO">${d} = OK</msg>
<status status="PASS" starttime="20190524 23:12:22.256" endtime="20190524 23:12:22.259"></status>
</kw>
<kw name="Get Str 1" library="Utils">
<doc>功能：</doc>
<arguments>
<arg>${a}</arg>
<arg>6</arg>
</arguments>
<assign>
<var>${e}</var>
</assign>
<msg timestamp="20190524 23:12:22.261" level="INFO">['(CESHI)GPS', 'V', 'OK', '2', '2|3294|0|0|3286|1905231105|1', '0', '0', '0', '0', 'ditu.google.cn/?q=30.210963N']</msg>
<msg timestamp="20190524 23:12:22.262" level="INFO">${e} = 0</msg>
<status status="PASS" starttime="20190524 23:12:22.260" endtime="20190524 23:12:22.262"></status>
</kw>
<kw name="Exit For Loop If" library="BuiltIn">
<doc>Stops executing the enclosing for loop if the ``condition`` is true.</doc>
<arguments>
<arg>'${b}'=='${GPS01}' and '${d}'=='${GPS03}' and ${e}&gt;${GPS04}</arg>
</arguments>
<status status="PASS" starttime="20190524 23:12:22.263" endtime="20190524 23:12:22.266"></status>
</kw>
<kw name="Sleep" library="BuiltIn">
<doc>Pauses the test executed for the given time.</doc>
<arguments>
<arg>1</arg>
</arguments>
<msg timestamp="20190524 23:12:23.269" level="INFO">Slept 1 second</msg>
<status status="PASS" starttime="20190524 23:12:22.267" endtime="20190524 23:12:23.270"></status>
</kw>
<status status="PASS" starttime="20190524 23:12:22.044" endtime="20190524 23:12:23.271"></status>
</kw>
<kw name="${i} = 15" type="foritem">
<kw name="Serial Send" library="SerialLibrary">
<doc>功能:</doc>
<arguments>
<arg>(CESHI)GPS INFO</arg>
<arg>(CESHI)GPS</arg>
</arguments>
<assign>
<var>${a}</var>
</assign>
<msg timestamp="20190524 23:12:23.479" level="INFO">发送串口数据: (CESHI)GPS INFO
应该收到串口数据: (CESHI)GPS
实际接收到的数据:  (CESHI)GPS V,,OK,2,2|3254|0|0|3286|1905231105|1,0,0,0,0,ditu.google.cn/?q=30.210963N,120.221408E</msg>
<msg timestamp="20190524 23:12:23.480" level="INFO">${a} = (CESHI)GPS V,,OK,2,2|3254|0|0|3286|1905231105|1,0,0,0,0,ditu.google.cn/?q=30.210963N,120.221408E</msg>
<status status="PASS" starttime="20190524 23:12:23.273" endtime="20190524 23:12:23.480"></status>
</kw>
<kw name="Get Str 1" library="Utils">
<doc>功能：</doc>
<arguments>
<arg>${a}</arg>
<arg>2</arg>
</arguments>
<assign>
<var>${b}</var>
</assign>
<msg timestamp="20190524 23:12:23.483" level="INFO">['(CESHI)GPS', 'V', 'OK', '2', '2|3254|0|0|3286|1905231105|1', '0', '0', '0', '0', 'ditu.google.cn/?q=30.210963N']</msg>
<msg timestamp="20190524 23:12:23.484" level="INFO">${b} = V</msg>
<status status="PASS" starttime="20190524 23:12:23.481" endtime="20190524 23:12:23.484"></status>
</kw>
<kw name="Get Str 1" library="Utils">
<doc>功能：</doc>
<arguments>
<arg>${a}</arg>
<arg>3</arg>
</arguments>
<assign>
<var>${d}</var>
</assign>
<msg timestamp="20190524 23:12:23.486" level="INFO">['(CESHI)GPS', 'V', 'OK', '2', '2|3254|0|0|3286|1905231105|1', '0', '0', '0', '0', 'ditu.google.cn/?q=30.210963N']</msg>
<msg timestamp="20190524 23:12:23.487" level="INFO">${d} = OK</msg>
<status status="PASS" starttime="20190524 23:12:23.485" endtime="20190524 23:12:23.487"></status>
</kw>
<kw name="Get Str 1" library="Utils">
<doc>功能：</doc>
<arguments>
<arg>${a}</arg>
<arg>6</arg>
</arguments>
<assign>
<var>${e}</var>
</assign>
<msg timestamp="20190524 23:12:23.489" level="INFO">['(CESHI)GPS', 'V', 'OK', '2', '2|3254|0|0|3286|1905231105|1', '0', '0', '0', '0', 'ditu.google.cn/?q=30.210963N']</msg>
<msg timestamp="20190524 23:12:23.490" level="INFO">${e} = 0</msg>
<status status="PASS" starttime="20190524 23:12:23.488" endtime="20190524 23:12:23.490"></status>
</kw>
<kw name="Exit For Loop If" library="BuiltIn">
<doc>Stops executing the enclosing for loop if the ``condition`` is true.</doc>
<arguments>
<arg>'${b}'=='${GPS01}' and '${d}'=='${GPS03}' and ${e}&gt;${GPS04}</arg>
</arguments>
<status status="PASS" starttime="20190524 23:12:23.491" endtime="20190524 23:12:23.494"></status>
</kw>
<kw name="Sleep" library="BuiltIn">
<doc>Pauses the test executed for the given time.</doc>
<arguments>
<arg>1</arg>
</arguments>
<msg timestamp="20190524 23:12:24.497" level="INFO">Slept 1 second</msg>
<status status="PASS" starttime="20190524 23:12:23.495" endtime="20190524 23:12:24.498"></status>
</kw>
<status status="PASS" starttime="20190524 23:12:23.272" endtime="20190524 23:12:24.499"></status>
</kw>
<kw name="${i} = 16" type="foritem">
<kw name="Serial Send" library="SerialLibrary">
<doc>功能:</doc>
<arguments>
<arg>(CESHI)GPS INFO</arg>
<arg>(CESHI)GPS</arg>
</arguments>
<assign>
<var>${a}</var>
</assign>
<msg timestamp="20190524 23:12:24.708" level="INFO">发送串口数据: (CESHI)GPS INFO
应该收到串口数据: (CESHI)GPS
实际接收到的数据:  (CESHI)GPS V,,OK,2,2|3297|0|0|3286|1905231105|1,0,0,0,0,ditu.google.cn/?q=30.210963N,120.221408E</msg>
<msg timestamp="20190524 23:12:24.709" level="INFO">${a} = (CESHI)GPS V,,OK,2,2|3297|0|0|3286|1905231105|1,0,0,0,0,ditu.google.cn/?q=30.210963N,120.221408E</msg>
<status status="PASS" starttime="20190524 23:12:24.502" endtime="20190524 23:12:24.709"></status>
</kw>
<kw name="Get Str 1" library="Utils">
<doc>功能：</doc>
<arguments>
<arg>${a}</arg>
<arg>2</arg>
</arguments>
<assign>
<var>${b}</var>
</assign>
<msg timestamp="20190524 23:12:24.711" level="INFO">['(CESHI)GPS', 'V', 'OK', '2', '2|3297|0|0|3286|1905231105|1', '0', '0', '0', '0', 'ditu.google.cn/?q=30.210963N']</msg>
<msg timestamp="20190524 23:12:24.712" level="INFO">${b} = V</msg>
<status status="PASS" starttime="20190524 23:12:24.710" endtime="20190524 23:12:24.712"></status>
</kw>
<kw name="Get Str 1" library="Utils">
<doc>功能：</doc>
<arguments>
<arg>${a}</arg>
<arg>3</arg>
</arguments>
<assign>
<var>${d}</var>
</assign>
<msg timestamp="20190524 23:12:24.714" level="INFO">['(CESHI)GPS', 'V', 'OK', '2', '2|3297|0|0|3286|1905231105|1', '0', '0', '0', '0', 'ditu.google.cn/?q=30.210963N']</msg>
<msg timestamp="20190524 23:12:24.714" level="INFO">${d} = OK</msg>
<status status="PASS" starttime="20190524 23:12:24.713" endtime="20190524 23:12:24.715"></status>
</kw>
<kw name="Get Str 1" library="Utils">
<doc>功能：</doc>
<arguments>
<arg>${a}</arg>
<arg>6</arg>
</arguments>
<assign>
<var>${e}</var>
</assign>
<msg timestamp="20190524 23:12:24.717" level="INFO">['(CESHI)GPS', 'V', 'OK', '2', '2|3297|0|0|3286|1905231105|1', '0', '0', '0', '0', 'ditu.google.cn/?q=30.210963N']</msg>
<msg timestamp="20190524 23:12:24.717" level="INFO">${e} = 0</msg>
<status status="PASS" starttime="20190524 23:12:24.715" endtime="20190524 23:12:24.718"></status>
</kw>
<kw name="Exit For Loop If" library="BuiltIn">
<doc>Stops executing the enclosing for loop if the ``condition`` is true.</doc>
<arguments>
<arg>'${b}'=='${GPS01}' and '${d}'=='${GPS03}' and ${e}&gt;${GPS04}</arg>
</arguments>
<status status="PASS" starttime="20190524 23:12:24.719" endtime="20190524 23:12:24.721"></status>
</kw>
<kw name="Sleep" library="BuiltIn">
<doc>Pauses the test executed for the given time.</doc>
<arguments>
<arg>1</arg>
</arguments>
<msg timestamp="20190524 23:12:25.724" level="INFO">Slept 1 second</msg>
<status status="PASS" starttime="20190524 23:12:24.722" endtime="20190524 23:12:25.725"></status>
</kw>
<status status="PASS" starttime="20190524 23:12:24.500" endtime="20190524 23:12:25.725"></status>
</kw>
<kw name="${i} = 17" type="foritem">
<kw name="Serial Send" library="SerialLibrary">
<doc>功能:</doc>
<arguments>
<arg>(CESHI)GPS INFO</arg>
<arg>(CESHI)GPS</arg>
</arguments>
<assign>
<var>${a}</var>
</assign>
<msg timestamp="20190524 23:12:25.934" level="INFO">发送串口数据: (CESHI)GPS INFO
应该收到串口数据: (CESHI)GPS
实际接收到的数据:  (CESHI)GPS V,,OK,2,2|3299|0|0|3286|1905231105|1,0,0,0,0,ditu.google.cn/?q=30.210963N,120.221408E</msg>
<msg timestamp="20190524 23:12:25.935" level="INFO">${a} = (CESHI)GPS V,,OK,2,2|3299|0|0|3286|1905231105|1,0,0,0,0,ditu.google.cn/?q=30.210963N,120.221408E</msg>
<status status="PASS" starttime="20190524 23:12:25.728" endtime="20190524 23:12:25.935"></status>
</kw>
<kw name="Get Str 1" library="Utils">
<doc>功能：</doc>
<arguments>
<arg>${a}</arg>
<arg>2</arg>
</arguments>
<assign>
<var>${b}</var>
</assign>
<msg timestamp="20190524 23:12:25.941" level="INFO">['(CESHI)GPS', 'V', 'OK', '2', '2|3299|0|0|3286|1905231105|1', '0', '0', '0', '0', 'ditu.google.cn/?q=30.210963N']</msg>
<msg timestamp="20190524 23:12:25.942" level="INFO">${b} = V</msg>
<status status="PASS" starttime="20190524 23:12:25.936" endtime="20190524 23:12:25.942"></status>
</kw>
<kw name="Get Str 1" library="Utils">
<doc>功能：</doc>
<arguments>
<arg>${a}</arg>
<arg>3</arg>
</arguments>
<assign>
<var>${d}</var>
</assign>
<msg timestamp="20190524 23:12:25.944" level="INFO">['(CESHI)GPS', 'V', 'OK', '2', '2|3299|0|0|3286|1905231105|1', '0', '0', '0', '0', 'ditu.google.cn/?q=30.210963N']</msg>
<msg timestamp="20190524 23:12:25.945" level="INFO">${d} = OK</msg>
<status status="PASS" starttime="20190524 23:12:25.943" endtime="20190524 23:12:25.945"></status>
</kw>
<kw name="Get Str 1" library="Utils">
<doc>功能：</doc>
<arguments>
<arg>${a}</arg>
<arg>6</arg>
</arguments>
<assign>
<var>${e}</var>
</assign>
<msg timestamp="20190524 23:12:25.947" level="INFO">['(CESHI)GPS', 'V', 'OK', '2', '2|3299|0|0|3286|1905231105|1', '0', '0', '0', '0', 'ditu.google.cn/?q=30.210963N']</msg>
<msg timestamp="20190524 23:12:25.948" level="INFO">${e} = 0</msg>
<status status="PASS" starttime="20190524 23:12:25.946" endtime="20190524 23:12:25.948"></status>
</kw>
<kw name="Exit For Loop If" library="BuiltIn">
<doc>Stops executing the enclosing for loop if the ``condition`` is true.</doc>
<arguments>
<arg>'${b}'=='${GPS01}' and '${d}'=='${GPS03}' and ${e}&gt;${GPS04}</arg>
</arguments>
<status status="PASS" starttime="20190524 23:12:25.949" endtime="20190524 23:12:25.952"></status>
</kw>
<kw name="Sleep" library="BuiltIn">
<doc>Pauses the test executed for the given time.</doc>
<arguments>
<arg>1</arg>
</arguments>
<msg timestamp="20190524 23:12:26.954" level="INFO">Slept 1 second</msg>
<status status="PASS" starttime="20190524 23:12:25.952" endtime="20190524 23:12:26.955"></status>
</kw>
[...]
<status status="PASS" starttime="20190524 23:14:24.991" endtime="20190524 23:14:24.993"></status>
</kw>
<kw name="Get Str 1" library="Utils">
<doc>功能：</doc>
<arguments>
<arg>${a}</arg>
<arg>6</arg>
</arguments>
<assign>
<var>${e}</var>
</assign>
<msg timestamp="20190524 23:14:24.995" level="INFO">['(CESHI)GPS', 'V', 'OK', '2', '2|3296|0|0|3286|1905231105|1', '0', '0', '0', '0', 'ditu.google.cn/?q=30.210963N']</msg>
<msg timestamp="20190524 23:14:24.996" level="INFO">${e} = 0</msg>
<status status="PASS" starttime="20190524 23:14:24.994" endtime="20190524 23:14:24.996"></status>
</kw>
<kw name="Exit For Loop If" library="BuiltIn">
<doc>Stops executing the enclosing for loop if the ``condition`` is true.</doc>
<arguments>
<arg>'${b}'=='${GPS01}' and '${d}'=='${GPS03}' and ${e}&gt;${GPS04}</arg>
</arguments>
<status status="PASS" starttime="20190524 23:14:24.997" endtime="20190524 23:14:24.999"></status>
</kw>
<kw name="Sleep" library="BuiltIn">
<doc>Pauses the test executed for the given time.</doc>
<arguments>
<arg>1</arg>
</arguments>
<msg timestamp="20190524 23:14:26.002" level="INFO">Slept 1 second</msg>
<status status="PASS" starttime="20190524 23:14:25.000" endtime="20190524 23:14:26.003"></status>
</kw>
<status status="PASS" starttime="20190524 23:14:24.779" endtime="20190524 23:14:26.004"></status>
</kw>
<kw name="${i} = 115" type="foritem">
<kw name="Serial Send" library="SerialLibrary">
<doc>功能:</doc>
<arguments>
<arg>(CESHI)GPS INFO</arg>
<arg>(CESHI)GPS</arg>
</arguments>
<assign>
<var>${a}</var>
</assign>
<msg timestamp="20190524 23:14:26.216" level="INFO">发送串口数据: (CESHI)GPS INFO
应该收到串口数据: (CESHI)GPS
实际接收到的数据:  (CESHI)GPS V,,OK,2,2|3294|0|0|3286|1905231105|1,0,0,0,0,ditu.google.cn/?q=30.210963N,120.221408E</msg>
<msg timestamp="20190524 23:14:26.217" level="INFO">${a} = (CESHI)GPS V,,OK,2,2|3294|0|0|3286|1905231105|1,0,0,0,0,ditu.google.cn/?q=30.210963N,120.221408E</msg>
<status status="PASS" starttime="20190524 23:14:26.006" endtime="20190524 23:14:26.217"></status>
</kw>
<kw name="Get Str 1" library="Utils">
<doc>功能：</doc>
<arguments>
<arg>${a}</arg>
<arg>2</arg>
</arguments>
<assign>
<var>${b}</var>
</assign>
<msg timestamp="20190524 23:14:26.220" level="INFO">['(CESHI)GPS', 'V', 'OK', '2', '2|3294|0|0|3286|1905231105|1', '0', '0', '0', '0', 'ditu.google.cn/?q=30.210963N']</msg>
<msg timestamp="20190524 23:14:26.220" level="INFO">${b} = V</msg>
<status status="PASS" starttime="20190524 23:14:26.218" endtime="20190524 23:14:26.220"></status>
</kw>
<kw name="Get Str 1" library="Utils">
<doc>功能：</doc>
<arguments>
<arg>${a}</arg>
<arg>3</arg>
</arguments>
<assign>
<var>${d}</var>
</assign>
<msg timestamp="20190524 23:14:26.223" level="INFO">['(CESHI)GPS', 'V', 'OK', '2', '2|3294|0|0|3286|1905231105|1', '0', '0', '0', '0', 'ditu.google.cn/?q=30.210963N']</msg>
<msg timestamp="20190524 23:14:26.223" level="INFO">${d} = OK</msg>
<status status="PASS" starttime="20190524 23:14:26.221" endtime="20190524 23:14:26.223"></status>
</kw>
<kw name="Get Str 1" library="Utils">
<doc>功能：</doc>
<arguments>
<arg>${a}</arg>
<arg>6</arg>
</arguments>
<assign>
<var>${e}</var>
</assign>
<msg timestamp="20190524 23:14:26.226" level="INFO">['(CESHI)GPS', 'V', 'OK', '2', '2|3294|0|0|3286|1905231105|1', '0', '0', '0', '0', 'ditu.google.cn/?q=30.210963N']</msg>
<msg timestamp="20190524 23:14:26.226" level="INFO">${e} = 0</msg>
<status status="PASS" starttime="20190524 23:14:26.224" endtime="20190524 23:14:26.227"></status>
</kw>
<kw name="Exit For Loop If" library="BuiltIn">
<doc>Stops executing the enclosing for loop if the ``condition`` is true.</doc>
<arguments>
<arg>'${b}'=='${GPS01}' and '${d}'=='${GPS03}' and ${e}&gt;${GPS04}</arg>
</arguments>
<status status="PASS" starttime="20190524 23:14:26.228" endtime="20190524 23:14:26.230"></status>
</kw>
<kw name="Sleep" library="BuiltIn">
<doc>Pauses the test executed for the given time.</doc>
<arguments>
<arg>1</arg>
</arguments>
<msg timestamp="20190524 23:14:27.232" level="INFO">Slept 1 second</msg>
<status status="PASS" starttime="20190524 23:14:26.231" endtime="20190524 23:14:27.234"></status>
</kw>
<status status="PASS" starttime="20190524 23:14:26.004" endtime="20190524 23:14:27.234"></status>
</kw>
<kw name="${i} = 116" type="foritem">
<kw name="Serial Send" library="SerialLibrary">
<doc>功能:</doc>
<arguments>
<arg>(CESHI)GPS INFO</arg>
<arg>(CESHI)GPS</arg>
</arguments>
<assign>
<var>${a}</var>
</assign>
<msg timestamp="20190524 23:14:27.442" level="INFO">发送串口数据: (CESHI)GPS INFO
应该收到串口数据: (CESHI)GPS
实际接收到的数据:  (CESHI)GPS V,,OK,2,2|3294|0|0|3286|1905231105|1,0,0,0,0,ditu.google.cn/?q=30.210963N,120.221408E</msg>
<msg timestamp="20190524 23:14:27.443" level="INFO">${a} = (CESHI)GPS V,,OK,2,2|3294|0|0|3286|1905231105|1,0,0,0,0,ditu.google.cn/?q=30.210963N,120.221408E</msg>
<status status="PASS" starttime="20190524 23:14:27.237" endtime="20190524 23:14:27.443"></status>
</kw>
<kw name="Get Str 1" library="Utils">
<doc>功能：</doc>
<arguments>
<arg>${a}</arg>
<arg>2</arg>
</arguments>
<assign>
<var>${b}</var>
</assign>
<msg timestamp="20190524 23:14:27.446" level="INFO">['(CESHI)GPS', 'V', 'OK', '2', '2|3294|0|0|3286|1905231105|1', '0', '0', '0', '0', 'ditu.google.cn/?q=30.210963N']</msg>
<msg timestamp="20190524 23:14:27.447" level="INFO">${b} = V</msg>
<status status="PASS" starttime="20190524 23:14:27.444" endtime="20190524 23:14:27.447"></status>
</kw>
<kw name="Get Str 1" library="Utils">
<doc>功能：</doc>
<arguments>
<arg>${a}</arg>
<arg>3</arg>
</arguments>
<assign>
<var>${d}</var>
</assign>
<msg timestamp="20190524 23:14:27.450" level="INFO">['(CESHI)GPS', 'V', 'OK', '2', '2|3294|0|0|3286|1905231105|1', '0', '0', '0', '0', 'ditu.google.cn/?q=30.210963N']</msg>
<msg timestamp="20190524 23:14:27.450" level="INFO">${d} = OK</msg>
<status status="PASS" starttime="20190524 23:14:27.448" endtime="20190524 23:14:27.450"></status>
</kw>
<kw name="Get Str 1" library="Utils">
<doc>功能：</doc>
<arguments>
<arg>${a}</arg>
<arg>6</arg>
</arguments>
<assign>
<var>${e}</var>
</assign>
<msg timestamp="20190524 23:14:27.452" level="INFO">['(CESHI)GPS', 'V', 'OK', '2', '2|3294|0|0|3286|1905231105|1', '0', '0', '0', '0', 'ditu.google.cn/?q=30.210963N']</msg>
<msg timestamp="20190524 23:14:27.453" level="INFO">${e} = 0</msg>
<status status="PASS" starttime="20190524 23:14:27.451" endtime="20190524 23:14:27.453"></status>
</kw>
<kw name="Exit For Loop If" library="BuiltIn">
<doc>Stops executing the enclosing for loop if the ``condition`` is true.</doc>
<arguments>
<arg>'${b}'=='${GPS01}' and '${d}'=='${GPS03}' and ${e}&gt;${GPS04}</arg>
</arguments>
<status status="PASS" starttime="20190524 23:14:27.454" endtime="20190524 23:14:27.457"></status>
</kw>
<kw name="Sleep" library="BuiltIn">
<doc>Pauses the test executed for the given time.</doc>
<arguments>
<arg>1</arg>
</arguments>
<msg timestamp="20190524 23:14:28.459" level="INFO">Slept 1 second</msg>
<status status="PASS" starttime="20190524 23:14:27.457" endtime="20190524 23:14:28.460"></status>
</kw>
<status status="PASS" starttime="20190524 23:14:27.235" endtime="20190524 23:14:28.461"></status>
</kw>
<kw name="${i} = 117" type="foritem">
<kw name="Serial Send" library="SerialLibrary">
<doc>功能:</doc>
<arguments>
<arg>(CESHI)GPS INFO</arg>
<arg>(CESHI)GPS</arg>
</arguments>
<assign>
<var>${a}</var>
</assign>
<msg timestamp="20190524 23:14:28.669" level="INFO">发送串口数据: (CESHI)GPS INFO
应该收到串口数据: (CESHI)GPS
实际接收到的数据:  (CESHI)GPS V,,OK,2,2|3295|0|0|3286|1905231105|1,0,0,0,0,ditu.google.cn/?q=30.210963N,120.221408E</msg>
<msg timestamp="20190524 23:14:28.670" level="INFO">${a} = (CESHI)GPS V,,OK,2,2|3295|0|0|3286|1905231105|1,0,0,0,0,ditu.google.cn/?q=30.210963N,120.221408E</msg>
<status status="PASS" starttime="20190524 23:14:28.463" endtime="20190524 23:14:28.670"></status>
</kw>
<kw name="Get Str 1" library="Utils">
<doc>功能：</doc>
<arguments>
<arg>${a}</arg>
<arg>2</arg>
</arguments>
<assign>
<var>${b}</var>
</assign>
<msg timestamp="20190524 23:14:28.673" level="INFO">['(CESHI)GPS', 'V', 'OK', '2', '2|3295|0|0|3286|1905231105|1', '0', '0', '0', '0', 'ditu.google.cn/?q=30.210963N']</msg>
<msg timestamp="20190524 23:14:28.673" level="INFO">${b} = V</msg>
<status status="PASS" starttime="20190524 23:14:28.671" endtime="20190524 23:14:28.673"></status>
</kw>
<kw name="Get Str 1" library="Utils">
<doc>功能：</doc>
<arguments>
<arg>${a}</arg>
<arg>3</arg>
</arguments>
<assign>
<var>${d}</var>
</assign>
<msg timestamp="20190524 23:14:28.675" level="INFO">['(CESHI)GPS', 'V', 'OK', '2', '2|3295|0|0|3286|1905231105|1', '0', '0', '0', '0', 'ditu.google.cn/?q=30.210963N']</msg>
<msg timestamp="20190524 23:14:28.676" level="INFO">${d} = OK</msg>
<status status="PASS" starttime="20190524 23:14:28.674" endtime="20190524 23:14:28.676"></status>
</kw>
<kw name="Get Str 1" library="Utils">
<doc>功能：</doc>
<arguments>
<arg>${a}</arg>
<arg>6</arg>
</arguments>
<assign>
<var>${e}</var>
</assign>
<msg timestamp="20190524 23:14:28.679" level="INFO">['(CESHI)GPS', 'V', 'OK', '2', '2|3295|0|0|3286|1905231105|1', '0', '0', '0', '0', 'ditu.google.cn/?q=30.210963N']</msg>
<msg timestamp="20190524 23:14:28.679" level="INFO">${e} = 0</msg>
<status status="PASS" starttime="20190524 23:14:28.677" endtime="20190524 23:14:28.679"></status>
</kw>
<kw name="Exit For Loop If" library="BuiltIn">
<doc>Stops executing the enclosing for loop if the ``condition`` is true.</doc>
<arguments>
<arg>'${b}'=='${GPS01}' and '${d}'=='${GPS03}' and ${e}&gt;${GPS04}</arg>
</arguments>
<status status="PASS" starttime="20190524 23:14:28.680" endtime="20190524 23:14:28.683"></status>
</kw>
<kw name="Sleep" library="BuiltIn">
<doc>Pauses the test executed for the given time.</doc>
<arguments>
<arg>1</arg>
</arguments>
<msg timestamp="20190524 23:14:29.685" level="INFO">Slept 1 second</msg>
<status status="PASS" starttime="20190524 23:14:28.684" endtime="20190524 23:14:29.687"></status>
</kw>
<status status="PASS" starttime="20190524 23:14:28.462" endtime="20190524 23:14:29.687"></status>
</kw>
<kw name="${i} = 118" type="foritem">
<kw name="Serial Send" library="SerialLibrary">
<doc>功能:</doc>
<arguments>
<arg>(CESHI)GPS INFO</arg>
<arg>(CESHI)GPS</arg>
</arguments>
<assign>
<var>${a}</var>
</assign>
<msg timestamp="20190524 23:14:29.898" level="INFO">发送串口数据: (CESHI)GPS INFO
应该收到串口数据: (CESHI)GPS
实际接收到的数据:  (CESHI)GPS V,,OK,2,2|3262|0|0|3286|1905231105|1,0,0,0,0,ditu.google.cn/?q=30.210963N,120.221408E</msg>
<msg timestamp="20190524 23:14:29.898" level="INFO">${a} = (CESHI)GPS V,,OK,2,2|3262|0|0|3286|1905231105|1,0,0,0,0,ditu.google.cn/?q=30.210963N,120.221408E</msg>
<status status="PASS" starttime="20190524 23:14:29.690" endtime="20190524 23:14:29.899"></status>
</kw>
<kw name="Get Str 1" library="Utils">
<doc>功能：</doc>
<arguments>
<arg>${a}</arg>
<arg>2</arg>
</arguments>
<assign>
<var>${b}</var>
</assign>
<msg timestamp="20190524 23:14:29.901" level="INFO">['(CESHI)GPS', 'V', 'OK', '2', '2|3262|0|0|3286|1905231105|1', '0', '0', '0', '0', 'ditu.google.cn/?q=30.210963N']</msg>
<msg timestamp="20190524 23:14:29.902" level="INFO">${b} = V</msg>
<status status="PASS" starttime="20190524 23:14:29.900" endtime="20190524 23:14:29.902"></status>
</kw>
<kw name="Get Str 1" library="Utils">
<doc>功能：</doc>
<arguments>
<arg>${a}</arg>
<arg>3</arg>
</arguments>
<assign>
<var>${d}</var>
</assign>
<msg timestamp="20190524 23:14:29.905" level="INFO">['(CESHI)GPS', 'V', 'OK', '2', '2|3262|0|0|3286|1905231105|1', '0', '0', '0', '0', 'ditu.google.cn/?q=30.210963N']</msg>
<msg timestamp="20190524 23:14:29.905" level="INFO">${d} = OK</msg>
<status status="PASS" starttime="20190524 23:14:29.903" endtime="20190524 23:14:29.905"></status>
</kw>
<kw name="Get Str 1" library="Utils">
<doc>功能：</doc>
<arguments>
<arg>${a}</arg>
<arg>6</arg>
</arguments>
<assign>
<var>${e}</var>
</assign>
<msg timestamp="20190524 23:14:29.907" level="INFO">['(CESHI)GPS', 'V', 'OK', '2', '2|3262|0|0|3286|1905231105|1', '0', '0', '0', '0', 'ditu.google.cn/?q=30.210963N']</msg>
<msg timestamp="20190524 23:14:29.908" level="INFO">${e} = 0</msg>
<status status="PASS" starttime="20190524 23:14:29.906" endtime="20190524 23:14:29.908"></status>
</kw>
<kw name="Exit For Loop If" library="BuiltIn">
<doc>Stops executing the enclosing for loop if the ``condition`` is true.</doc>
<arguments>
<arg>'${b}'=='${GPS01}' and '${d}'=='${GPS03}' and ${e}&gt;${GPS04}</arg>
</arguments>
<status status="PASS" starttime="20190524 23:14:29.909" endtime="20190524 23:14:29.912"></status>
</kw>
<kw name="Sleep" library="BuiltIn">
<doc>Pauses the test executed for the given time.</doc>
<arguments>
<arg>1</arg>
</arguments>
<msg timestamp="20190524 23:14:30.914" level="INFO">Slept 1 second</msg>
<status status="PASS" starttime="20190524 23:14:29.912" endtime="20190524 23:14:30.915"></status>
</kw>
<status status="PASS" starttime="20190524 23:14:29.688" endtime="20190524 23:14:30.916"></status>
</kw>
<kw name="${i} = 119" type="foritem">
<kw name="Serial Send" library="SerialLibrary">
<doc>功能:</doc>
<arguments>
<arg>(CESHI)GPS INFO</arg>
<arg>(CESHI)GPS</arg>
</arguments>
<assign>
<var>${a}</var>
</assign>
<msg timestamp="20190524 23:14:31.124" level="INFO">发送串口数据: (CESHI)GPS INFO
应该收到串口数据: (CESHI)GPS
实际接收到的数据:  (CESHI)GPS V,,OK,2,2|3270|0|0|3286|1905231105|1,0,0,0,0,ditu.google.cn/?q=30.210963N,120.221408E</msg>
<msg timestamp="20190524 23:14:31.125" level="INFO">${a} = (CESHI)GPS V,,OK,2,2|3270|0|0|3286|1905231105|1,0,0,0,0,ditu.google.cn/?q=30.210963N,120.221408E</msg>
<status status="PASS" starttime="20190524 23:14:30.918" endtime="20190524 23:14:31.126"></status>
</kw>
<kw name="Get Str 1" library="Utils">
<doc>功能：</doc>
<arguments>
<arg>${a}</arg>
<arg>2</arg>
</arguments>
<assign>
<var>${b}</var>
</assign>
<msg timestamp="20190524 23:14:31.128" level="INFO">['(CESHI)GPS', 'V', 'OK', '2', '2|3270|0|0|3286|1905231105|1', '0', '0', '0', '0', 'ditu.google.cn/?q=30.210963N']</msg>
<msg timestamp="20190524 23:14:31.129" level="INFO">${b} = V</msg>
<status status="PASS" starttime="20190524 23:14:31.126" endtime="20190524 23:14:31.129"></status>
</kw>
<kw name="Get Str 1" library="Utils">
<doc>功能：</doc>
<arguments>
<arg>${a}</arg>
<arg>3</arg>
</arguments>
<assign>
<var>${d}</var>
</assign>
<msg timestamp="20190524 23:14:31.131" level="INFO">['(CESHI)GPS', 'V', 'OK', '2', '2|3270|0|0|3286|1905231105|1', '0', '0', '0', '0', 'ditu.google.cn/?q=30.210963N']</msg>
<msg timestamp="20190524 23:14:31.132" level="INFO">${d} = OK</msg>
<status status="PASS" starttime="20190524 23:14:31.130" endtime="20190524 23:14:31.132"></status>
</kw>
<kw name="Get Str 1" library="Utils">
<doc>功能：</doc>
<arguments>
<arg>${a}</arg>
<arg>6</arg>
</arguments>
<assign>
<var>${e}</var>
</assign>
<msg timestamp="20190524 23:14:31.134" level="INFO">['(CESHI)GPS', 'V', 'OK', '2', '2|3270|0|0|3286|1905231105|1', '0', '0', '0', '0', 'ditu.google.cn/?q=30.210963N']</msg>
<msg timestamp="20190524 23:14:31.135" level="INFO">${e} = 0</msg>
<status status="PASS" starttime="20190524 23:14:31.133" endtime="20190524 23:14:31.135"></status>
</kw>
<kw name="Exit For Loop If" library="BuiltIn">
<doc>Stops executing the enclosing for loop if the ``condition`` is true.</doc>
<arguments>
<arg>'${b}'=='${GPS01}' and '${d}'=='${GPS03}' and ${e}&gt;${GPS04}</arg>
</arguments>
<status status="PASS" starttime="20190524 23:14:31.136" endtime="20190524 23:14:31.138"></status>
</kw>
<kw name="Sleep" library="BuiltIn">
<doc>Pauses the test executed for the given time.</doc>
<arguments>
<arg>1</arg>
</arguments>
<msg timestamp="20190524 23:14:32.141" level="INFO">Slept 1 second</msg>
<status status="PASS" starttime="20190524 23:14:31.139" endtime="20190524 23:14:32.142"></status>
</kw>
<status status="PASS" starttime="20190524 23:14:30.917" endtime="20190524 23:14:32.142"></status>
</kw>
<status status="PASS" starttime="20190524 23:12:04.836" endtime="20190524 23:14:32.143"></status>
</kw>
<kw name="Run Keyword If" library="BuiltIn">
<doc>Runs the given keyword with the given arguments, if ``condition`` is true.</doc>
<arguments>
<arg>${i}!=119</arg>
<arg>write_mid_file</arg>
<arg>TS05_GPS定位</arg>
<arg>PASS</arg>
<arg>(CESHI)GPS INFO</arg>
<arg>${a}</arg>
</arguments>
<status status="PASS" starttime="20190524 23:14:32.145" endtime="20190524 23:14:32.148"></status>
</kw>
<kw name="Run Keyword If" library="BuiltIn">
<doc>Runs the given keyword with the given arguments, if ``condition`` is true.</doc>
<arguments>
<arg>${i}==119</arg>
<arg>fail</arg>
<arg>定位超时</arg>
</arguments>
<kw name="Fail" library="BuiltIn">
<doc>Fails the test with the given message and optionally alters its tags.</doc>
<arguments>
<arg>定位超时</arg>
</arguments>
<msg timestamp="20190524 23:14:32.156" level="FAIL">定位超时</msg>
<status status="FAIL" starttime="20190524 23:14:32.153" endtime="20190524 23:14:32.157"></status>
</kw>
<status status="FAIL" starttime="20190524 23:14:32.150" endtime="20190524 23:14:32.157"></status>
</kw>
<status status="FAIL" starttime="20190524 23:12:04.834" endtime="20190524 23:14:32.159"></status>
</kw>
<status status="FAIL" starttime="20190524 23:12:04.832" endtime="20190524 23:14:32.160"></status>
</kw>
<status status="FAIL" starttime="20190524 23:12:04.829" endtime="20190524 23:14:32.160"></status>
</kw>
<kw name="Run Keyword If Test Failed" library="BuiltIn" type="teardown">
<doc>Runs the given keyword with the given arguments, if the test failed.</doc>
<arguments>
<arg>Fatal Error</arg>
</arguments>
<kw name="Fatal Error" library="BuiltIn">
<doc>Stops the whole test execution.</doc>
<msg timestamp="20190524 23:14:32.169" level="FAIL">AssertionError</msg>
<status status="FAIL" starttime="20190524 23:14:32.166" endtime="20190524 23:14:32.169"></status>
</kw>
<status status="FAIL" starttime="20190524 23:14:32.163" endtime="20190524 23:14:32.170">AssertionError</status>
</kw>
<status status="FAIL" starttime="20190524 23:12:04.818" endtime="20190524 23:14:32.171" critical="yes">定位超时

Also teardown failed:
AssertionError</status>
</test>
<test id="s1-t7" name="TS03_WIFI测试">
<tags>
<tag>robot-exit</tag>
</tags>
<status status="FAIL" starttime="20190524 23:14:32.178" endtime="20190524 23:14:32.188" critical="yes">Test execution stopped due to a fatal error.</status>
</test>
<test id="s1-t8" name="TS08_ECM">
<tags>
<tag>robot-exit</tag>
</tags>
<status status="FAIL" starttime="20190524 23:14:32.195" endtime="20190524 23:14:32.201" critical="yes">Test execution stopped due to a fatal error.</status>
</test>
<test id="s1-t9" name="TS10_电容测试">
<tags>
<tag>robot-exit</tag>
</tags>
<status status="FAIL" starttime="20190524 23:14:32.208" endtime="20190524 23:14:32.221" critical="yes">Test execution stopped due to a fatal error.</status>
</test>
<test id="s1-t10" name="GET_END">
<tags>
<tag>robot-exit</tag>
</tags>
<status status="FAIL" starttime="20190524 23:14:32.226" endtime="20190524 23:14:32.232" critical="yes">Test execution stopped due to a fatal error.</status>
</test>
<kw name="关机" type="teardown">
<kw name="Serial Send" library="SerialLibrary">
<doc>功能:</doc>
<arguments>
<arg>(CESHI)MODEM COM=1;SHUTDOWN=1</arg>
<arg>(CESHI)MODEM SHUTDOWN DONE</arg>
</arguments>
<msg timestamp="20190524 23:14:32.460" level="INFO">发送串口数据: (CESHI)MODEM COM=1;SHUTDOWN=1
应该收到串口数据: (CESHI)MODEM SHUTDOWN DONE
实际接收到的数据:  (CESHI)MODEM SHUTDOWN DONE.</msg>
<status status="PASS" starttime="20190524 23:14:32.251" endtime="20190524 23:14:32.461"></status>
</kw>
<status status="PASS" starttime="20190524 23:14:32.247" endtime="20190524 23:14:32.462"></status>
</kw>
<status status="FAIL" starttime="20190524 23:12:01.659" endtime="20190524 23:14:32.462"></status>
</suite>
<statistics>
<total>
<stat pass="5" fail="5">Critical Tests</stat>
<stat pass="5" fail="5">All Tests</stat>
</total>
<tag>
<stat pass="5" fail="1" info="combined" combined="NOT robot-exit">NOT robot-exit</stat>
<stat pass="0" fail="4">robot-exit</stat>
</tag>
<suite>
<stat pass="5" fail="5" id="s1" name="Production Case">Production Case</stat>
</suite>
</statistics>
<errors>
</errors>
</robot>
